2011-04-26T19:01:48-06:00 fox-ws MSWinEventLog#0110#011Security#011218#011Tue Apr 26 19:01:47 2011#0114688#011Microsoft-Windows-Security-Auditing#011FOX-WS$#011N/A#011Success Audit#011fox-ws#011None#011#011A new process has been created.    Subject:   Security ID:  S-1-5-18   Account Name:  FOX-WS$   Account Domain:  WORKGROUP   Logon ID:  0x3e7    Process Information:   New Process ID:  0x7a8   New Process Name: C:\Windows\System32\taskhost.exe   Token Elevation Type: TokenElevationTypeDefault (1)   Creator Process ID: 0x1dc    Token Elevation Type indicates the type of token that was assigned to the new process in accordance with User Account Control policy.    Type 1 is a full token with no privileges removed or groups disabled.  A full token is only used if User Account Control is disabled or if the user is the built-in Administrator account or a service account.    Type 2 is an elevated token with no privileges removed or groups disabled.  An elevated token is used when User Account Control is enabled and the user chooses to start the program using Run as administrator.  An elevated token is also used when an application is configured to always require administrative privilege or to always require maximum privilege, and the user is a member of the Administrators group.    Type 3 is a limited token with administrative privileges removed and administrative groups disabled.  The limited token is used when User Account Control is enabled, the application does not require administrative privilege, and the user does not choose to start the program using Run as administrator.#01198 
2011-04-26T19:01:56-06:00 fox-ws MSWinEventLog#0110#011Security#011219#011Tue Apr 26 19:01:55 2011#0114688#011Microsoft-Windows-Security-Auditing#011FOX-WS$#011N/A#011Success Audit#011fox-ws#011None#011#011A new process has been created.    Subject:   Security ID:  S-1-5-18   Account Name:  FOX-WS$   Account Domain:  WORKGROUP   Logon ID:  0x3e7    Process Information:   New Process ID:  0x508   New Process Name: C:\Windows\System32\wbem\WMIADAP.exe   Token Elevation Type: TokenElevationTypeDefault (1)   Creator Process ID: 0x380    Token Elevation Type indicates the type of token that was assigned to the new process in accordance with User Account Control policy.    Type 1 is a full token with no privileges removed or groups disabled.  A full token is only used if User Account Control is disabled or if the user is the built-in Administrator account or a service account.    Type 2 is an elevated token with no privileges removed or groups disabled.  An elevated token is used when User Account Control is enabled and the user chooses to start the program using Run as administrator.  An elevated token is also used when an application is configured to always require administrative privilege or to always require maximum privilege, and the user is a member of the Administrators group.    Type 3 is a limited token with administrative privileges removed and administrative groups disabled.  The limited token is used when User Account Control is enabled, the application does not require administrative privilege, and the user does not choose to start the program using Run as administrator.#01199 
2011-04-26T19:01:58-06:00 fox-ws MSWinEventLog#0110#011Security#011220#011Tue Apr 26 19:01:55 2011#0114688#011Microsoft-Windows-Security-Auditing#011FOX-WS$#011N/A#011Success Audit#011fox-ws#011None#011#011A new process has been created.    Subject:   Security ID:  S-1-5-18   Account Name:  FOX-WS$   Account Domain:  WORKGROUP   Logon ID:  0x3e7    Process Information:   New Process ID:  0x60c   New Process Name: C:\Windows\System32\wbem\WmiPrvSE.exe   Token Elevation Type: TokenElevationTypeDefault (1)   Creator Process ID: 0x264    Token Elevation Type indicates the type of token that was assigned to the new process in accordance with User Account Control policy.    Type 1 is a full token with no privileges removed or groups disabled.  A full token is only used if User Account Control is disabled or if the user is the built-in Administrator account or a service account.    Type 2 is an elevated token with no privileges removed or groups disabled.  An elevated token is used when User Account Control is enabled and the user chooses to start the program using Run as administrator.  An elevated token is also used when an application is configured to always require administrative privilege or to always require maximum privilege, and the user is a member of the Administrators group.    Type 3 is a limited token with administrative privileges removed and administrative groups disabled.  The limited token is used when User Account Control is enabled, the application does not require administrative privilege, and the user does not choose to start the program using Run as administrator.#011100 
2011-04-26T19:02:06-06:00 fox-ws MSWinEventLog#0111#011Application#011221#011Tue Apr 26 19:02:03 2011#0111001#011Microsoft-Windows-LoadPerf#011S-1-5-18#011N/A#011Information#011fox-ws#011None#011#011Performance counters for the WmiApRpl (WmiApRpl) service were removed successfully. The Record Data contains the new values of the system Last Counter and Last Help registry entries.#01114 
2011-04-26T19:02:06-06:00 fox-ws MSWinEventLog#0111#011Application#011222#011Tue Apr 26 19:02:04 2011#0111000#011Microsoft-Windows-LoadPerf#011S-1-5-18#011N/A#011Information#011fox-ws#011None#011#011Performance counters for the WmiApRpl (WmiApRpl) service were loaded successfully. The Record Data in the data section contains the new index values assigned to this service.#01115 
2011-04-26T19:02:08-06:00 fox-ws MSWinEventLog#0110#011Security#011223#011Tue Apr 26 19:02:05 2011#0114689#011Microsoft-Windows-Security-Auditing#011FOX-WS$#011N/A#011Success Audit#011fox-ws#011None#011#011A process has exited.    Subject:   Security ID:  S-1-5-18   Account Name:  FOX-WS$   Account Domain:  WORKGROUP   Logon ID:  0x3e7    Process Information:   Process ID: 0x508   Process Name: C:\Windows\System32\wbem\WMIADAP.exe   Exit Status: 0x0#011101 
2011-04-26T19:02:21-06:00 dog-ws MSWinEventLog#0111#011Security#011737#011Tue Apr 26 19:02:21 2011#011861#011Security#011SYSTEM#011User#011Failure Audit#011DOG-WS#011Detailed Tracking#011#011The Windows Firewall has detected an application listening for incoming traffic.        Name: -    Path: C:\Program Files\Snare\SnareCore.exe    Process identifier: 1708    User account: SYSTEM    User domain: NT AUTHORITY    Service: Yes    RPC server: No    IP version: IPv4    IP protocol: TCP    Port number: 6161    Allowed: No    User notified: No  #011681
2011-04-26T19:05:42-06:00 elephant-ws MSWinEventLog#0111#011Security#011685#011Tue Apr 26 19:05:42 2011#011861#011Security#011SYSTEM#011User#011Failure Audit#011ELEPHANT-WS#011Detailed Tracking#011#011The Windows Firewall has detected an application listening for incoming traffic.        Name: -    Path: C:\Program Files\Snare\SnareCore.exe    Process identifier: 1456    User account: SYSTEM    User domain: NT AUTHORITY    Service: Yes    RPC server: No    IP version: IPv4    IP protocol: TCP    Port number: 6161    Allowed: No    User notified: No  #011567
2011-04-26T19:02:28-06:00 fox-ws MSWinEventLog#0110#011Security#011224#011Tue Apr 26 19:02:26 2011#0114689#011Microsoft-Windows-Security-Auditing#011FOX-WS$#011N/A#011Success Audit#011fox-ws#011None#011#011A process has exited.    Subject:   Security ID:  S-1-5-20   Account Name:  FOX-WS$   Account Domain:  WORKGROUP   Logon ID:  0x3e4    Process Information:   Process ID: 0x368   Process Name: C:\Windows\System32\wbem\WmiPrvSE.exe   Exit Status: 0x0#011102 
2011-04-26T19:02:54-06:00 fox-ws MSWinEventLog#0111#011System#011225#011Tue Apr 26 19:02:51 2011#0117036#011Service Control Manager#011N/A#011N/A#011Information#011fox-ws#011None#011#011The Multimedia Class Scheduler service entered the stopped state.#011105 
2011-04-26T19:02:54-06:00 fox-ws MSWinEventLog#0110#011Security#011226#011Tue Apr 26 19:02:51 2011#0114689#011Microsoft-Windows-Security-Auditing#011LOCAL SERVICE#011N/A#011Success Audit#011fox-ws#011None#011#011A process has exited.    Subject:   Security ID:  S-1-5-19   Account Name:  LOCAL SERVICE   Account Domain:  NT AUTHORITY   Logon ID:  0x3e5    Process Information:   Process ID: 0x3b8   Process Name: C:\Windows\System32\audiodg.exe   Exit Status: 0xc000004b#011103 
2011-04-26T19:03:52-06:00 fox-ws MSWinEventLog#0110#011Security#011227#011Tue Apr 26 19:03:49 2011#0114689#011Microsoft-Windows-Security-Auditing#011LOCAL SERVICE#011N/A#011Success Audit#011fox-ws#011None#011#011A process has exited.    Subject:   Security ID:  S-1-5-19   Account Name:  LOCAL SERVICE   Account Domain:  NT AUTHORITY   Logon ID:  0x3e5    Process Information:   Process ID: 0x7a8   Process Name: C:\Windows\System32\taskhost.exe   Exit Status: 0x0#011104 
2011-04-26T19:05:04-06:00 fox-ws MSWinEventLog#0110#011Security#011229#011Tue Apr 26 19:05:03 2011#0114689#011Microsoft-Windows-Security-Auditing#011FOX-WS$#011N/A#011Success Audit#011fox-ws#011None#011#011A process has exited.    Subject:   Security ID:  S-1-5-20   Account Name:  FOX-WS$   Account Domain:  WORKGROUP   Logon ID:  0x3e4    Process Information:   Process ID: 0x610   Process Name: C:\Windows\System32\sppsvc.exe   Exit Status: 0x0#011105 
2011-04-26T19:05:50-06:00 fox-ws MSWinEventLog#0111#011System#011230#011Tue Apr 26 19:05:47 2011#0117036#011Service Control Manager#011N/A#011N/A#011Information#011fox-ws#011None#011#011The Shell Hardware Detection service entered the running state.#011107 
2011-04-26T19:05:50-06:00 fox-ws MSWinEventLog#0111#011Security#011231#011Tue Apr 26 19:05:45 2011#0114673#011Microsoft-Windows-Security-Auditing#011FOX-WS$#011N/A#011Failure Audit#011fox-ws#011None#011#011A privileged service was called.    Subject:   Security ID:  S-1-5-18   Account Name:  FOX-WS$   Account Domain:  WORKGROUP   Logon ID:  0x3e7    Service:   Server: Security Account Manager   Service Name: Security Account Manager    Process:   Process ID: 0x1ec   Process Name: C:\Windows\System32\lsass.exe    Service Request Information:   Privileges:  SeTcbPrivilege#011106 
2011-04-26T19:05:50-06:00 fox-ws MSWinEventLog#0111#011Security#011232#011Tue Apr 26 19:05:45 2011#0114673#011Microsoft-Windows-Security-Auditing#011FOX-WS$#011N/A#011Failure Audit#011fox-ws#011None#011#011A privileged service was called.    Subject:   Security ID:  S-1-5-18   Account Name:  FOX-WS$   Account Domain:  WORKGROUP   Logon ID:  0x3e7    Service:   Server: Security Account Manager   Service Name: Security Account Manager    Process:   Process ID: 0x1ec   Process Name: C:\Windows\System32\lsass.exe    Service Request Information:   Privileges:  SeTcbPrivilege#011107 
2011-04-26T19:05:50-06:00 fox-ws MSWinEventLog#0111#011Security#011233#011Tue Apr 26 19:05:45 2011#0114673#011Microsoft-Windows-Security-Auditing#011FOX-WS$#011N/A#011Failure Audit#011fox-ws#011None#011#011A privileged service was called.    Subject:   Security ID:  S-1-5-18   Account Name:  FOX-WS$   Account Domain:  WORKGROUP   Logon ID:  0x3e7    Service:   Server: Security Account Manager   Service Name: Security Account Manager    Process:   Process ID: 0x1ec   Process Name: C:\Windows\System32\lsass.exe    Service Request Information:   Privileges:  SeTcbPrivilege#011108 
2011-04-26T19:05:52-06:00 fox-ws MSWinEventLog#0111#011Security#011234#011Tue Apr 26 19:05:48 2011#0114673#011Microsoft-Windows-Security-Auditing#011FOX-WS$#011N/A#011Failure Audit#011fox-ws#011None#011#011A privileged service was called.    Subject:   Security ID:  S-1-5-18   Account Name:  FOX-WS$   Account Domain:  WORKGROUP   Logon ID:  0x3e7    Service:   Server: Security Account Manager   Service Name: Security Account Manager    Process:   Process ID: 0x1ec   Process Name: C:\Windows\System32\lsass.exe    Service Request Information:   Privileges:  SeTcbPrivilege#011109 
2011-04-26T19:05:52-06:00 fox-ws MSWinEventLog#0111#011Security#011235#011Tue Apr 26 19:05:48 2011#0114673#011Microsoft-Windows-Security-Auditing#011FOX-WS$#011N/A#011Success Audit#011fox-ws#011None#011#011A privileged service was called.    Subject:   Security ID:  S-1-5-18   Account Name:  FOX-WS$   Account Domain:  WORKGROUP   Logon ID:  0x3e7    Service:   Server: NT Local Security Authority / Authentication Service   Service Name: LsaRegisterLogonProcess()    Process:   Process ID: 0x1ec   Process Name: C:\Windows\System32\lsass.exe    Service Request Information:   Privileges:  SeTcbPrivilege#011110 
2011-04-26T19:05:52-06:00 fox-ws MSWinEventLog#0111#011Security#011236#011Tue Apr 26 19:05:48 2011#0114776#011Microsoft-Windows-Security-Auditing#011bob#011N/A#011Success Audit#011fox-ws#011None#011#011The computer attempted to validate the credentials for an account.    Authentication Package: MICROSOFT_AUTHENTICATION_PACKAGE_V1_0  Logon Account: bob  Source Workstation: FOX-WS  Error Code: 0x0#011111 
2011-04-26T19:05:52-06:00 fox-ws MSWinEventLog#0111#011Security#011237#011Tue Apr 26 19:05:48 2011#0114648#011Microsoft-Windows-Security-Auditing#011bob#011N/A#011Success Audit#011fox-ws#011None#011#011A logon was attempted using explicit credentials.    Subject:   Security ID:  S-1-5-18   Account Name:  FOX-WS$   Account Domain:  WORKGROUP   Logon ID:  0x3e7   Logon GUID:  {00000000-0000-0000-0000-000000000000}    Account Whose Credentials Were Used:   Account Name:  bob   Account Domain:  fox-ws   Logon GUID:  {00000000-0000-0000-0000-000000000000}    Target Server:   Target Server Name: localhost   Additional Information: localhost    Process Information:   Process ID:  0x1b8   Process Name:  C:\Windows\System32\winlogon.exe    Network Information:   Network Address: 127.0.0.1   Port:   0    This event is generated when a process attempts to log on an account by explicitly specifying that account’s credentials.  This most commonly occurs in batch-type configurations such as scheduled tasks, or when using the RUNAS command.#011112 
2011-04-26T19:05:52-06:00 fox-ws MSWinEventLog#0111#011Security#011238#011Tue Apr 26 19:05:48 2011#0114624#011Microsoft-Windows-Security-Auditing#011bob#011N/A#011Success Audit#011fox-ws#011None#011#011An account was successfully logged on.    Subject:   Security ID:  S-1-5-18   Account Name:  FOX-WS$   Account Domain:  WORKGROUP   Logon ID:  0x3e7    Logon Type:   2    New Logon:   Security ID:  S-1-5-21-29357171-1333843320-2140510157-1002   Account Name:  bob   Account Domain:  fox-ws   Logon ID:  0x2b2da   Logon GUID:  {00000000-0000-0000-0000-000000000000}    Process Information:   Process ID:  0x1b8   Process Name:  C:\Windows\System32\winlogon.exe    Network Information:   Workstation Name: FOX-WS   Source Network Address: 127.0.0.1   Source Port:  0    Detailed Authentication Information:   Logon Process:  User32    Authentication Package: Negotiate   Transited Services: -   Package Name (NTLM only): -   Key Length:  0    This event is generated when a logon session is created. It is generated on the computer that was accessed.    The subject fields indicate the account on the local system which requested the logon. This is most commonly a service such as the Server service, or a local process such as Winlogon.exe or Services.exe.    The logon type field indicates the kind of logon that occurred. The most common types are 2 (interactive) and 3 (network).    The New Logon fields indicate the account for whom the new logon was created, i.e. the account that was logged on.    The network fields indicate where a remote logon request originated. Workstation name is not always available and may be left blank in some cases.    The authentication information fields provide detailed information about this specific logon request.   - Logon GUID is a unique identifier that can be used to correlate this event with a KDC event.   - Transited services indicate which intermediate services have participated in this logon request.   - Package name indicates which sub-protocol was used among the NTLM protocols.   - Key length in
2011-04-26T19:05:52-06:00 fox-ws MSWinEventLog#0111#011Security#011239#011Tue Apr 26 19:05:48 2011#0114624#011Microsoft-Windows-Security-Auditing#011bob#011N/A#011Success Audit#011fox-ws#011None#011#011An account was successfully logged on.    Subject:   Security ID:  S-1-5-18   Account Name:  FOX-WS$   Account Domain:  WORKGROUP   Logon ID:  0x3e7    Logon Type:   2    New Logon:   Security ID:  S-1-5-21-29357171-1333843320-2140510157-1002   Account Name:  bob   Account Domain:  fox-ws   Logon ID:  0x2b2fb   Logon GUID:  {00000000-0000-0000-0000-000000000000}    Process Information:   Process ID:  0x1b8   Process Name:  C:\Windows\System32\winlogon.exe    Network Information:   Workstation Name: FOX-WS   Source Network Address: 127.0.0.1   Source Port:  0    Detailed Authentication Information:   Logon Process:  User32    Authentication Package: Negotiate   Transited Services: -   Package Name (NTLM only): -   Key Length:  0    This event is generated when a logon session is created. It is generated on the computer that was accessed.    The subject fields indicate the account on the local system which requested the logon. This is most commonly a service such as the Server service, or a local process such as Winlogon.exe or Services.exe.    The logon type field indicates the kind of logon that occurred. The most common types are 2 (interactive) and 3 (network).    The New Logon fields indicate the account for whom the new logon was created, i.e. the account that was logged on.    The network fields indicate where a remote logon request originated. Workstation name is not always available and may be left blank in some cases.    The authentication information fields provide detailed information about this specific logon request.   - Logon GUID is a unique identifier that can be used to correlate this event with a KDC event.   - Transited services indicate which intermediate services have participated in this logon request.   - Package name indicates which sub-protocol was used among the NTLM protocols.   - Key length in
2011-04-26T19:05:52-06:00 fox-ws MSWinEventLog#0111#011Security#011240#011Tue Apr 26 19:05:48 2011#0114672#011Microsoft-Windows-Security-Auditing#011bob#011N/A#011Success Audit#011fox-ws#011None#011#011Special privileges assigned to new logon.    Subject:   Security ID:  S-1-5-21-29357171-1333843320-2140510157-1002   Account Name:  bob   Account Domain:  fox-ws   Logon ID:  0x2b2da    Privileges:  SeSecurityPrivilege     SeTakeOwnershipPrivilege     SeLoadDriverPrivilege     SeBackupPrivilege     SeRestorePrivilege     SeDebugPrivilege     SeSystemEnvironmentPrivilege     SeImpersonatePrivilege#011115 
2011-04-26T19:05:52-06:00 fox-ws MSWinEventLog#0111#011Application#011241#011Tue Apr 26 19:05:50 2011#0114101#011Microsoft-Windows-Winlogon#011N/A#011N/A#011Information#011fox-ws#011None#011#011Windows license validated.#01116 
2011-04-26T19:05:52-06:00 fox-ws MSWinEventLog#0111#011System#011242#011Tue Apr 26 19:05:50 2011#0117001#011Microsoft-Windows-Winlogon#011S-1-5-18#011N/A#011Information#011fox-ws#011None#011#011User Logon Notification for Customer Experience Improvement Program#011108 
2011-04-26T19:05:52-06:00 fox-ws MSWinEventLog#0111#011Security#011243#011Tue Apr 26 19:05:50 2011#0114673#011Microsoft-Windows-Security-Auditing#011FOX-WS$#011N/A#011Failure Audit#011fox-ws#011None#011#011A privileged service was called.    Subject:   Security ID:  S-1-5-18   Account Name:  FOX-WS$   Account Domain:  WORKGROUP   Logon ID:  0x3e7    Service:   Server: Security Account Manager   Service Name: Security Account Manager    Process:   Process ID: 0x1ec   Process Name: C:\Windows\System32\lsass.exe    Service Request Information:   Privileges:  SeTcbPrivilege#011116 
2011-04-26T19:05:52-06:00 fox-ws MSWinEventLog#0111#011Application#011244#011Tue Apr 26 19:05:51 2011#0119004#011Desktop Window Manager#011N/A#011N/A#011Information#011fox-ws#011None#011#011The Desktop Window Manager was unable to start because of an insufficient display mode color depth#01117 
2011-04-26T19:05:52-06:00 fox-ws MSWinEventLog#0110#011Security#011245#011Tue Apr 26 19:05:50 2011#0114688#011Microsoft-Windows-Security-Auditing#011FOX-WS$#011N/A#011Success Audit#011fox-ws#011None#011#011A new process has been created.    Subject:   Security ID:  S-1-5-18   Account Name:  FOX-WS$   Account Domain:  WORKGROUP   Logon ID:  0x3e7    Process Information:   New Process ID:  0x114   New Process Name: C:\Windows\System32\dllhost.exe   Token Elevation Type: TokenElevationTypeDefault (1)   Creator Process ID: 0x264    Token Elevation Type indicates the type of token that was assigned to the new process in accordance with User Account Control policy.    Type 1 is a full token with no privileges removed or groups disabled.  A full token is only used if User Account Control is disabled or if the user is the built-in Administrator account or a service account.    Type 2 is an elevated token with no privileges removed or groups disabled.  An elevated token is used when User Account Control is enabled and the user chooses to start the program using Run as administrator.  An elevated token is also used when an application is configured to always require administrative privilege or to always require maximum privilege, and the user is a member of the Administrators group.    Type 3 is a limited token with administrative privileges removed and administrative groups disabled.  The limited token is used when User Account Control is enabled, the application does not require administrative privilege, and the user does not choose to start the program using Run as administrator.#011117 
2011-04-26T19:05:52-06:00 fox-ws MSWinEventLog#0110#011Security#011246#011Tue Apr 26 19:05:50 2011#0114688#011Microsoft-Windows-Security-Auditing#011FOX-WS$#011N/A#011Success Audit#011fox-ws#011None#011#011A new process has been created.    Subject:   Security ID:  S-1-5-18   Account Name:  FOX-WS$   Account Domain:  WORKGROUP   Logon ID:  0x3e7    Process Information:   New Process ID:  0x7a4   New Process Name: C:\Windows\System32\taskhost.exe   Token Elevation Type: TokenElevationTypeLimited (3)   Creator Process ID: 0x1dc    Token Elevation Type indicates the type of token that was assigned to the new process in accordance with User Account Control policy.    Type 1 is a full token with no privileges removed or groups disabled.  A full token is only used if User Account Control is disabled or if the user is the built-in Administrator account or a service account.    Type 2 is an elevated token with no privileges removed or groups disabled.  An elevated token is used when User Account Control is enabled and the user chooses to start the program using Run as administrator.  An elevated token is also used when an application is configured to always require administrative privilege or to always require maximum privilege, and the user is a member of the Administrators group.    Type 3 is a limited token with administrative privileges removed and administrative groups disabled.  The limited token is used when User Account Control is enabled, the application does not require administrative privilege, and the user does not choose to start the program using Run as administrator.#011118 
2011-04-26T19:05:52-06:00 fox-ws MSWinEventLog#0110#011Security#011247#011Tue Apr 26 19:05:50 2011#0114688#011Microsoft-Windows-Security-Auditing#011FOX-WS$#011N/A#011Success Audit#011fox-ws#011None#011#011A new process has been created.    Subject:   Security ID:  S-1-5-18   Account Name:  FOX-WS$   Account Domain:  WORKGROUP   Logon ID:  0x3e7    Process Information:   New Process ID:  0x418   New Process Name: C:\Windows\System32\userinit.exe   Token Elevation Type: TokenElevationTypeLimited (3)   Creator Process ID: 0x1b8    Token Elevation Type indicates the type of token that was assigned to the new process in accordance with User Account Control policy.    Type 1 is a full token with no privileges removed or groups disabled.  A full token is only used if User Account Control is disabled or if the user is the built-in Administrator account or a service account.    Type 2 is an elevated token with no privileges removed or groups disabled.  An elevated token is used when User Account Control is enabled and the user chooses to start the program using Run as administrator.  An elevated token is also used when an application is configured to always require administrative privilege or to always require maximum privilege, and the user is a member of the Administrators group.    Type 3 is a limited token with administrative privileges removed and administrative groups disabled.  The limited token is used when User Account Control is enabled, the application does not require administrative privilege, and the user does not choose to start the program using Run as administrator.#011119 
2011-04-26T19:05:52-06:00 fox-ws MSWinEventLog#0110#011Security#011248#011Tue Apr 26 19:05:50 2011#0114688#011Microsoft-Windows-Security-Auditing#011FOX-WS$#011N/A#011Success Audit#011fox-ws#011None#011#011A new process has been created.    Subject:   Security ID:  S-1-5-18   Account Name:  FOX-WS$   Account Domain:  WORKGROUP   Logon ID:  0x3e7    Process Information:   New Process ID:  0x430   New Process Name: C:\Windows\System32\dwm.exe   Token Elevation Type: TokenElevationTypeLimited (3)   Creator Process ID: 0x330    Token Elevation Type indicates the type of token that was assigned to the new process in accordance with User Account Control policy.    Type 1 is a full token with no privileges removed or groups disabled.  A full token is only used if User Account Control is disabled or if the user is the built-in Administrator account or a service account.    Type 2 is an elevated token with no privileges removed or groups disabled.  An elevated token is used when User Account Control is enabled and the user chooses to start the program using Run as administrator.  An elevated token is also used when an application is configured to always require administrative privilege or to always require maximum privilege, and the user is a member of the Administrators group.    Type 3 is a limited token with administrative privileges removed and administrative groups disabled.  The limited token is used when User Account Control is enabled, the application does not require administrative privilege, and the user does not choose to start the program using Run as administrator.#011120 
2011-04-26T19:05:52-06:00 fox-ws MSWinEventLog#0110#011Security#011249#011Tue Apr 26 19:05:51 2011#0114688#011Microsoft-Windows-Security-Auditing#011bob#011N/A#011Success Audit#011fox-ws#011None#011#011A new process has been created.    Subject:   Security ID:  S-1-5-21-29357171-1333843320-2140510157-1002   Account Name:  bob   Account Domain:  fox-ws   Logon ID:  0x2b2fb    Process Information:   New Process ID:  0x514   New Process Name: C:\Windows\explorer.exe   Token Elevation Type: TokenElevationTypeLimited (3)   Creator Process ID: 0x418    Token Elevation Type indicates the type of token that was assigned to the new process in accordance with User Account Control policy.    Type 1 is a full token with no privileges removed or groups disabled.  A full token is only used if User Account Control is disabled or if the user is the built-in Administrator account or a service account.    Type 2 is an elevated token with no privileges removed or groups disabled.  An elevated token is used when User Account Control is enabled and the user chooses to start the program using Run as administrator.  An elevated token is also used when an application is configured to always require administrative privilege or to always require maximum privilege, and the user is a member of the Administrators group.    Type 3 is a limited token with administrative privileges removed and administrative groups disabled.  The limited token is used when User Account Control is enabled, the application does not require administrative privilege, and the user does not choose to start the program using Run as administrator.#011121 
2011-04-26T19:05:54-06:00 fox-ws MSWinEventLog#0111#011Security#011250#011Tue Apr 26 19:05:52 2011#0114673#011Microsoft-Windows-Security-Auditing#011bob#011N/A#011Failure Audit#011fox-ws#011None#011#011A privileged service was called.    Subject:   Security ID:  S-1-5-21-29357171-1333843320-2140510157-1002   Account Name:  bob   Account Domain:  fox-ws   Logon ID:  0x2b2fb    Service:   Server: Security Account Manager   Service Name: Security Account Manager    Process:   Process ID: 0x1ec   Process Name: C:\Windows\System32\lsass.exe    Service Request Information:   Privileges:  SeTcbPrivilege#011122 
2011-04-26T19:05:54-06:00 fox-ws MSWinEventLog#0110#011Security#011251#011Tue Apr 26 19:05:53 2011#0114688#011Microsoft-Windows-Security-Auditing#011LOCAL SERVICE#011N/A#011Success Audit#011fox-ws#011None#011#011A new process has been created.    Subject:   Security ID:  S-1-5-19   Account Name:  LOCAL SERVICE   Account Domain:  NT AUTHORITY   Logon ID:  0x3e5    Process Information:   New Process ID:  0x504   New Process Name: C:\Windows\System32\audiodg.exe   Token Elevation Type: TokenElevationTypeDefault (1)   Creator Process ID: 0x2d4    Token Elevation Type indicates the type of token that was assigned to the new process in accordance with User Account Control policy.    Type 1 is a full token with no privileges removed or groups disabled.  A full token is only used if User Account Control is disabled or if the user is the built-in Administrator account or a service account.    Type 2 is an elevated token with no privileges removed or groups disabled.  An elevated token is used when User Account Control is enabled and the user chooses to start the program using Run as administrator.  An elevated token is also used when an application is configured to always require administrative privilege or to always require maximum privilege, and the user is a member of the Administrators group.    Type 3 is a limited token with administrative privileges removed and administrative groups disabled.  The limited token is used when User Account Control is enabled, the application does not require administrative privilege, and the user does not choose to start the program using Run as administrator.#011123 
2011-04-26T19:05:54-06:00 fox-ws MSWinEventLog#0111#011Security#011252#011Tue Apr 26 19:05:53 2011#0114673#011Microsoft-Windows-Security-Auditing#011LOCAL SERVICE#011N/A#011Success Audit#011fox-ws#011None#011#011A privileged service was called.    Subject:   Security ID:  S-1-5-19   Account Name:  LOCAL SERVICE   Account Domain:  NT AUTHORITY   Logon ID:  0x3e5    Service:   Server: Security   Service Name: PsWorkingSetAdjust    Process:   Process ID: 0x504   Process Name: C:\Windows\System32\audiodg.exe    Service Request Information:   Privileges:  SeIncreaseWorkingSetPrivilege#011124 
2011-04-26T19:05:56-06:00 fox-ws MSWinEventLog#0111#011System#011253#011Tue Apr 26 19:05:53 2011#0117036#011Service Control Manager#011N/A#011N/A#011Information#011fox-ws#011None#011#011The Multimedia Class Scheduler service entered the running state.#011109 
2011-04-26T19:05:56-06:00 fox-ws MSWinEventLog#0111#011Security#011254#011Tue Apr 26 19:05:53 2011#0114673#011Microsoft-Windows-Security-Auditing#011LOCAL SERVICE#011N/A#011Success Audit#011fox-ws#011None#011#011A privileged service was called.    Subject:   Security ID:  S-1-5-19   Account Name:  LOCAL SERVICE   Account Domain:  NT AUTHORITY   Logon ID:  0x3e5    Service:   Server: Security   Service Name: PsWorkingSetAdjust    Process:   Process ID: 0x504   Process Name: C:\Windows\System32\audiodg.exe    Service Request Information:   Privileges:  SeIncreaseWorkingSetPrivilege#011125 
2011-04-26T19:05:56-06:00 fox-ws MSWinEventLog#0110#011Security#011255#011Tue Apr 26 19:05:54 2011#0114689#011Microsoft-Windows-Security-Auditing#011FOX-WS$#011N/A#011Success Audit#011fox-ws#011None#011#011A process has exited.    Subject:   Security ID:  S-1-5-18   Account Name:  FOX-WS$   Account Domain:  WORKGROUP   Logon ID:  0x3e7    Process Information:   Process ID: 0x31c   Process Name: C:\Windows\System32\LogonUI.exe   Exit Status: 0xc000004b#011126 
2011-04-26T19:05:58-06:00 fox-ws MSWinEventLog#0110#011Security#011256#011Tue Apr 26 19:05:55 2011#0114689#011Microsoft-Windows-Security-Auditing#011FOX-WS$#011N/A#011Success Audit#011fox-ws#011None#011#011A process has exited.    Subject:   Security ID:  S-1-5-18   Account Name:  FOX-WS$   Account Domain:  WORKGROUP   Logon ID:  0x3e7    Process Information:   Process ID: 0x114   Process Name: C:\Windows\System32\dllhost.exe   Exit Status: 0x0#011127 
2011-04-26T19:06:00-06:00 fox-ws MSWinEventLog#0111#011System#011257#011Tue Apr 26 19:05:58 2011#0117036#011Service Control Manager#011N/A#011N/A#011Information#011fox-ws#011None#011#011The Network Connections service entered the running state.#011110 
2011-04-26T19:06:00-06:00 fox-ws MSWinEventLog#0110#011Security#011258#011Tue Apr 26 19:05:59 2011#0114688#011Microsoft-Windows-Security-Auditing#011bob#011N/A#011Success Audit#011fox-ws#011None#011#011A new process has been created.    Subject:   Security ID:  S-1-5-21-29357171-1333843320-2140510157-1002   Account Name:  bob   Account Domain:  fox-ws   Logon ID:  0x2b2fb    Process Information:   New Process ID:  0x750   New Process Name: C:\Program Files\Windows Media Player\wmpnscfg.exe   Token Elevation Type: TokenElevationTypeLimited (3)   Creator Process ID: 0x514    Token Elevation Type indicates the type of token that was assigned to the new process in accordance with User Account Control policy.    Type 1 is a full token with no privileges removed or groups disabled.  A full token is only used if User Account Control is disabled or if the user is the built-in Administrator account or a service account.    Type 2 is an elevated token with no privileges removed or groups disabled.  An elevated token is used when User Account Control is enabled and the user chooses to start the program using Run as administrator.  An elevated token is also used when an application is configured to always require administrative privilege or to always require maximum privilege, and the user is a member of the Administrators group.    Type 3 is a limited token with administrative privileges removed and administrative groups disabled.  The limited token is used when User Account Control is enabled, the application does not require administrative privilege, and the user does not choose to start the program using Run as administrator.#011128 
2011-04-26T19:06:00-06:00 fox-ws MSWinEventLog#0111#011System#011259#011Tue Apr 26 19:06:00 2011#01114204#011Microsoft-Windows-WMPNSS-Service#011N/A#011N/A#011Information#011fox-ws#011None#011#011Service 'WMPNetworkSvc' started.#011111 
2011-04-26T19:06:02-06:00 fox-ws MSWinEventLog#0111#011System#011260#011Tue Apr 26 19:06:00 2011#0117036#011Service Control Manager#011N/A#011N/A#011Information#011fox-ws#011None#011#011The Windows Media Player Network Sharing Service service entered the running state.#011112 
2011-04-26T19:06:02-06:00 fox-ws MSWinEventLog#0110#011Security#011261#011Tue Apr 26 19:05:59 2011#0114688#011Microsoft-Windows-Security-Auditing#011bob#011N/A#011Success Audit#011fox-ws#011None#011#011A new process has been created.    Subject:   Security ID:  S-1-5-21-29357171-1333843320-2140510157-1002   Account Name:  bob   Account Domain:  fox-ws   Logon ID:  0x2b2fb    Process Information:   New Process ID:  0x328   New Process Name: C:\Program Files\Windows Media Player\wmpnscfg.exe   Token Elevation Type: TokenElevationTypeLimited (3)   Creator Process ID: 0x514    Token Elevation Type indicates the type of token that was assigned to the new process in accordance with User Account Control policy.    Type 1 is a full token with no privileges removed or groups disabled.  A full token is only used if User Account Control is disabled or if the user is the built-in Administrator account or a service account.    Type 2 is an elevated token with no privileges removed or groups disabled.  An elevated token is used when User Account Control is enabled and the user chooses to start the program using Run as administrator.  An elevated token is also used when an application is configured to always require administrative privilege or to always require maximum privilege, and the user is a member of the Administrators group.    Type 3 is a limited token with administrative privileges removed and administrative groups disabled.  The limited token is used when User Account Control is enabled, the application does not require administrative privilege, and the user does not choose to start the program using Run as administrator.#011129 
2011-04-26T19:06:02-06:00 fox-ws MSWinEventLog#0111#011System#011262#011Tue Apr 26 19:06:00 2011#0117036#011Service Control Manager#011N/A#011N/A#011Information#011fox-ws#011None#011#011The Windows Image Acquisition (WIA) service entered the running state.#011113 
2011-04-26T19:06:02-06:00 fox-ws MSWinEventLog#0110#011Security#011263#011Tue Apr 26 19:05:59 2011#0114688#011Microsoft-Windows-Security-Auditing#011bob#011N/A#011Success Audit#011fox-ws#011None#011#011A new process has been created.    Subject:   Security ID:  S-1-5-21-29357171-1333843320-2140510157-1002   Account Name:  bob   Account Domain:  fox-ws   Logon ID:  0x2b2fb    Process Information:   New Process ID:  0x34c   New Process Name: C:\Windows\System32\mspaint.exe   Token Elevation Type: TokenElevationTypeLimited (3)   Creator Process ID: 0x514    Token Elevation Type indicates the type of token that was assigned to the new process in accordance with User Account Control policy.    Type 1 is a full token with no privileges removed or groups disabled.  A full token is only used if User Account Control is disabled or if the user is the built-in Administrator account or a service account.    Type 2 is an elevated token with no privileges removed or groups disabled.  An elevated token is used when User Account Control is enabled and the user chooses to start the program using Run as administrator.  An elevated token is also used when an application is configured to always require administrative privilege or to always require maximum privilege, and the user is a member of the Administrators group.    Type 3 is a limited token with administrative privileges removed and administrative groups disabled.  The limited token is used when User Account Control is enabled, the application does not require administrative privilege, and the user does not choose to start the program using Run as administrator.#011130 
2011-04-26T19:06:02-06:00 fox-ws MSWinEventLog#0111#011System#011264#011Tue Apr 26 19:06:01 2011#0117036#011Service Control Manager#011N/A#011N/A#011Information#011fox-ws#011None#011#011The SSDP Discovery service entered the running state.#011114 
2011-04-26T19:06:02-06:00 fox-ws MSWinEventLog#0110#011Security#011265#011Tue Apr 26 19:05:59 2011#0114688#011Microsoft-Windows-Security-Auditing#011FOX-WS$#011N/A#011Success Audit#011fox-ws#011None#011#011A new process has been created.    Subject:   Security ID:  S-1-5-18   Account Name:  FOX-WS$   Account Domain:  WORKGROUP   Logon ID:  0x3e7    Process Information:   New Process ID:  0x118   New Process Name: C:\Program Files\Windows Media Player\wmpnetwk.exe   Token Elevation Type: TokenElevationTypeDefault (1)   Creator Process ID: 0x1dc    Token Elevation Type indicates the type of token that was assigned to the new process in accordance with User Account Control policy.    Type 1 is a full token with no privileges removed or groups disabled.  A full token is only used if User Account Control is disabled or if the user is the built-in Administrator account or a service account.    Type 2 is an elevated token with no privileges removed or groups disabled.  An elevated token is used when User Account Control is enabled and the user chooses to start the program using Run as administrator.  An elevated token is also used when an application is configured to always require administrative privilege or to always require maximum privilege, and the user is a member of the Administrators group.    Type 3 is a limited token with administrative privileges removed and administrative groups disabled.  The limited token is used when User Account Control is enabled, the application does not require administrative privilege, and the user does not choose to start the program using Run as administrator.#011131 
2011-04-26T19:06:02-06:00 fox-ws MSWinEventLog#0110#011Security#011266#011Tue Apr 26 19:05:59 2011#0114688#011Microsoft-Windows-Security-Auditing#011FOX-WS$#011N/A#011Success Audit#011fox-ws#011None#011#011A new process has been created.    Subject:   Security ID:  S-1-5-18   Account Name:  FOX-WS$   Account Domain:  WORKGROUP   Logon ID:  0x3e7    Process Information:   New Process ID:  0x43c   New Process Name: C:\Windows\System32\SearchProtocolHost.exe   Token Elevation Type: TokenElevationTypeLimited (3)   Creator Process ID: 0x758    Token Elevation Type indicates the type of token that was assigned to the new process in accordance with User Account Control policy.    Type 1 is a full token with no privileges removed or groups disabled.  A full token is only used if User Account Control is disabled or if the user is the built-in Administrator account or a service account.    Type 2 is an elevated token with no privileges removed or groups disabled.  An elevated token is used when User Account Control is enabled and the user chooses to start the program using Run as administrator.  An elevated token is also used when an application is configured to always require administrative privilege or to always require maximum privilege, and the user is a member of the Administrators group.    Type 3 is a limited token with administrative privileges removed and administrative groups disabled.  The limited token is used when User Account Control is enabled, the application does not require administrative privilege, and the user does not choose to start the program using Run as administrator.#011132 
2011-04-26T19:06:02-06:00 fox-ws MSWinEventLog#0111#011Security#011267#011Tue Apr 26 19:05:59 2011#0114673#011Microsoft-Windows-Security-Auditing#011bob#011N/A#011Failure Audit#011fox-ws#011None#011#011A privileged service was called.    Subject:   Security ID:  S-1-5-21-29357171-1333843320-2140510157-1002   Account Name:  bob   Account Domain:  fox-ws   Logon ID:  0x2b2fb    Service:   Server: Security Account Manager   Service Name: Security Account Manager    Process:   Process ID: 0x1ec   Process Name: C:\Windows\System32\lsass.exe    Service Request Information:   Privileges:  SeTcbPrivilege#011133 
2011-04-26T19:06:02-06:00 fox-ws MSWinEventLog#0110#011Security#011268#011Tue Apr 26 19:06:00 2011#0114688#011Microsoft-Windows-Security-Auditing#011FOX-WS$#011N/A#011Success Audit#011fox-ws#011None#011#011A new process has been created.    Subject:   Security ID:  S-1-5-18   Account Name:  FOX-WS$   Account Domain:  WORKGROUP   Logon ID:  0x3e7    Process Information:   New Process ID:  0x68   New Process Name: C:\Windows\System32\svchost.exe   Token Elevation Type: TokenElevationTypeDefault (1)   Creator Process ID: 0x1dc    Token Elevation Type indicates the type of token that was assigned to the new process in accordance with User Account Control policy.    Type 1 is a full token with no privileges removed or groups disabled.  A full token is only used if User Account Control is disabled or if the user is the built-in Administrator account or a service account.    Type 2 is an elevated token with no privileges removed or groups disabled.  An elevated token is used when User Account Control is enabled and the user chooses to start the program using Run as administrator.  An elevated token is also used when an application is configured to always require administrative privilege or to always require maximum privilege, and the user is a member of the Administrators group.    Type 3 is a limited token with administrative privileges removed and administrative groups disabled.  The limited token is used when User Account Control is enabled, the application does not require administrative privilege, and the user does not choose to start the program using Run as administrator.#011134 
2011-04-26T19:06:02-06:00 fox-ws MSWinEventLog#0110#011Security#011269#011Tue Apr 26 19:06:01 2011#0114689#011Microsoft-Windows-Security-Auditing#011bob#011N/A#011Success Audit#011fox-ws#011None#011#011A process has exited.    Subject:   Security ID:  S-1-5-21-29357171-1333843320-2140510157-1002   Account Name:  bob   Account Domain:  fox-ws   Logon ID:  0x2b2fb    Process Information:   Process ID: 0x328   Process Name: C:\Program Files\Windows Media Player\wmpnscfg.exe   Exit Status: 0x0#011135 
2011-04-26T19:06:02-06:00 fox-ws MSWinEventLog#0110#011Security#011270#011Tue Apr 26 19:06:01 2011#0114689#011Microsoft-Windows-Security-Auditing#011bob#011N/A#011Success Audit#011fox-ws#011None#011#011A process has exited.    Subject:   Security ID:  S-1-5-21-29357171-1333843320-2140510157-1002   Account Name:  bob   Account Domain:  fox-ws   Logon ID:  0x2b2fb    Process Information:   Process ID: 0x750   Process Name: C:\Program Files\Windows Media Player\wmpnscfg.exe   Exit Status: 0x0#011136 
2011-04-26T19:06:04-06:00 fox-ws MSWinEventLog#0110#011Security#011271#011Tue Apr 26 19:06:01 2011#0114688#011Microsoft-Windows-Security-Auditing#011FOX-WS$#011N/A#011Success Audit#011fox-ws#011None#011#011A new process has been created.    Subject:   Security ID:  S-1-5-18   Account Name:  FOX-WS$   Account Domain:  WORKGROUP   Logon ID:  0x3e7    Process Information:   New Process ID:  0x86c   New Process Name: C:\Windows\System32\SearchFilterHost.exe   Token Elevation Type: TokenElevationTypeDefault (1)   Creator Process ID: 0x758    Token Elevation Type indicates the type of token that was assigned to the new process in accordance with User Account Control policy.    Type 1 is a full token with no privileges removed or groups disabled.  A full token is only used if User Account Control is disabled or if the user is the built-in Administrator account or a service account.    Type 2 is an elevated token with no privileges removed or groups disabled.  An elevated token is used when User Account Control is enabled and the user chooses to start the program using Run as administrator.  An elevated token is also used when an application is configured to always require administrative privilege or to always require maximum privilege, and the user is a member of the Administrators group.    Type 3 is a limited token with administrative privileges removed and administrative groups disabled.  The limited token is used when User Account Control is enabled, the application does not require administrative privilege, and the user does not choose to start the program using Run as administrator.#011137 
2011-04-26T19:06:04-06:00 fox-ws MSWinEventLog#0110#011Security#011272#011Tue Apr 26 19:06:01 2011#0114688#011Microsoft-Windows-Security-Auditing#011bob#011N/A#011Success Audit#011fox-ws#011None#011#011A new process has been created.    Subject:   Security ID:  S-1-5-21-29357171-1333843320-2140510157-1002   Account Name:  bob   Account Domain:  fox-ws   Logon ID:  0x2b2fb    Process Information:   New Process ID:  0x8b0   New Process Name: C:\Program Files\Internet Explorer\iexplore.exe   Token Elevation Type: TokenElevationTypeLimited (3)   Creator Process ID: 0x514    Token Elevation Type indicates the type of token that was assigned to the new process in accordance with User Account Control policy.    Type 1 is a full token with no privileges removed or groups disabled.  A full token is only used if User Account Control is disabled or if the user is the built-in Administrator account or a service account.    Type 2 is an elevated token with no privileges removed or groups disabled.  An elevated token is used when User Account Control is enabled and the user chooses to start the program using Run as administrator.  An elevated token is also used when an application is configured to always require administrative privilege or to always require maximum privilege, and the user is a member of the Administrators group.    Type 3 is a limited token with administrative privileges removed and administrative groups disabled.  The limited token is used when User Account Control is enabled, the application does not require administrative privilege, and the user does not choose to start the program using Run as administrator.#011138 
