2011-04-26T19:06:04-06:00 fox-ws MSWinEventLog#0110#011Security#011273#011Tue Apr 26 19:06:03 2011#0114688#011Microsoft-Windows-Security-Auditing#011bob#011N/A#011Success Audit#011fox-ws#011None#011#011A new process has been created.    Subject:   Security ID:  S-1-5-21-29357171-1333843320-2140510157-1002   Account Name:  bob   Account Domain:  fox-ws   Logon ID:  0x2b2fb    Process Information:   New Process ID:  0x8fc   New Process Name: C:\Program Files\Internet Explorer\iexplore.exe   Token Elevation Type: TokenElevationTypeLimited (3)   Creator Process ID: 0x8b0    Token Elevation Type indicates the type of token that was assigned to the new process in accordance with User Account Control policy.    Type 1 is a full token with no privileges removed or groups disabled.  A full token is only used if User Account Control is disabled or if the user is the built-in Administrator account or a service account.    Type 2 is an elevated token with no privileges removed or groups disabled.  An elevated token is used when User Account Control is enabled and the user chooses to start the program using Run as administrator.  An elevated token is also used when an application is configured to always require administrative privilege or to always require maximum privilege, and the user is a member of the Administrators group.    Type 3 is a limited token with administrative privileges removed and administrative groups disabled.  The limited token is used when User Account Control is enabled, the application does not require administrative privilege, and the user does not choose to start the program using Run as administrator.#011139 
2011-04-26T19:06:08-06:00 fox-ws MSWinEventLog#0110#011Security#011274#011Tue Apr 26 19:06:05 2011#0114688#011Microsoft-Windows-Security-Auditing#011FOX-WS$#011N/A#011Success Audit#011fox-ws#011None#011#011A new process has been created.    Subject:   Security ID:  S-1-5-18   Account Name:  FOX-WS$   Account Domain:  WORKGROUP   Logon ID:  0x3e7    Process Information:   New Process ID:  0x980   New Process Name: C:\Windows\System32\wuauclt.exe   Token Elevation Type: TokenElevationTypeLimited (3)   Creator Process ID: 0x380    Token Elevation Type indicates the type of token that was assigned to the new process in accordance with User Account Control policy.    Type 1 is a full token with no privileges removed or groups disabled.  A full token is only used if User Account Control is disabled or if the user is the built-in Administrator account or a service account.    Type 2 is an elevated token with no privileges removed or groups disabled.  An elevated token is used when User Account Control is enabled and the user chooses to start the program using Run as administrator.  An elevated token is also used when an application is configured to always require administrative privilege or to always require maximum privilege, and the user is a member of the Administrators group.    Type 3 is a limited token with administrative privileges removed and administrative groups disabled.  The limited token is used when User Account Control is enabled, the application does not require administrative privilege, and the user does not choose to start the program using Run as administrator.#011140 
2011-04-26T19:06:20-06:00 fox-ws MSWinEventLog#0110#011Security#011275#011Tue Apr 26 19:06:18 2011#0114689#011Microsoft-Windows-Security-Auditing#011bob#011N/A#011Success Audit#011fox-ws#011None#011#011A process has exited.    Subject:   Security ID:  S-1-5-21-29357171-1333843320-2140510157-1002   Account Name:  bob   Account Domain:  fox-ws   Logon ID:  0x2b2fb    Process Information:   Process ID: 0x418   Process Name: C:\Windows\System32\userinit.exe   Exit Status: 0x0#011141 
2011-04-26T19:06:22-06:00 fox-ws MSWinEventLog#0111#011System#011276#011Tue Apr 26 19:06:20 2011#011201#011Microsoft-Windows-Application-Experience#011S-1-5-18#011N/A#011Information#011fox-ws#011None#011#011The Program Compatibility Assistant service started successfully.#011115 
2011-04-26T19:06:22-06:00 fox-ws MSWinEventLog#0111#011System#011277#011Tue Apr 26 19:06:20 2011#0117036#011Service Control Manager#011N/A#011N/A#011Information#011fox-ws#011None#011#011The Program Compatibility Assistant Service service entered the running state.#011116 
2011-04-26T19:07:31-06:00 fox-ws MSWinEventLog#0110#011Security#011278#011Tue Apr 26 19:07:28 2011#0114689#011Microsoft-Windows-Security-Auditing#011FOX-WS$#011N/A#011Success Audit#011fox-ws#011None#011#011A process has exited.    Subject:   Security ID:  S-1-5-18   Account Name:  FOX-WS$   Account Domain:  WORKGROUP   Logon ID:  0x3e7    Process Information:   Process ID: 0x60c   Process Name: C:\Windows\System32\wbem\WmiPrvSE.exe   Exit Status: 0x0#011142 
2011-04-26T19:07:37-06:00 fox-ws MSWinEventLog#0110#011Security#011279#011Tue Apr 26 19:07:34 2011#0114689#011Microsoft-Windows-Security-Auditing#011bob#011N/A#011Success Audit#011fox-ws#011None#011#011A process has exited.    Subject:   Security ID:  S-1-5-21-29357171-1333843320-2140510157-1002   Account Name:  bob   Account Domain:  fox-ws   Logon ID:  0x2b2fb    Process Information:   Process ID: 0x43c   Process Name: C:\Windows\System32\SearchProtocolHost.exe   Exit Status: 0x0#011143 
2011-04-26T19:07:37-06:00 fox-ws MSWinEventLog#0110#011Security#011280#011Tue Apr 26 19:07:34 2011#0114689#011Microsoft-Windows-Security-Auditing#011FOX-WS$#011N/A#011Success Audit#011fox-ws#011None#011#011A process has exited.    Subject:   Security ID:  S-1-5-18   Account Name:  FOX-WS$   Account Domain:  WORKGROUP   Logon ID:  0x3e7    Process Information:   Process ID: 0x86c   Process Name: C:\Windows\System32\SearchFilterHost.exe   Exit Status: 0x0#011144 
2011-04-26T19:11:31-06:00 elephant-ws MSWinEventLog#0110#011Security#011686#011Tue Apr 26 19:11:31 2011#011593#011Security#011bob#011User#011Success Audit#011ELEPHANT-WS#011Detailed Tracking#011#011A process has exited:     Process ID: 3772     Image File Name: C:\WINDOWS\system32\logon.scr     User Name: bob     Domain: ELEPHANT-WS     Logon ID: (0x0,0xA53D0A)    #011568
2011-04-26T19:11:31-06:00 elephant-ws MSWinEventLog#0110#011Security#011687#011Tue Apr 26 19:11:31 2011#011592#011Security#011SYSTEM#011User#011Success Audit#011ELEPHANT-WS#011Detailed Tracking#011#011A new process has been created:     New Process ID: 1056     Image File Name: C:\WINDOWS\system32\logonui.exe     Creator Process ID: 1844     User Name: ELEPHANT-WS$     Domain: WORKGROUP     Logon ID: (0x0,0x3E7)    #011569
2011-04-26T19:11:37-06:00 elephant-ws MSWinEventLog#0111#011Security#011688#011Tue Apr 26 19:11:35 2011#011680#011Security#011SYSTEM#011User#011Failure Audit#011ELEPHANT-WS#011Account Logon#011#011Logon attempt by: MICROSOFT_AUTHENTICATION_PACKAGE_V1_0    Logon account:  sally    Source Workstation: ELEPHANT-WS    Error Code: 0xC000006A    #011570
2011-04-26T19:11:37-06:00 elephant-ws MSWinEventLog#0111#011Security#011689#011Tue Apr 26 19:11:35 2011#011529#011Security#011SYSTEM#011User#011Failure Audit#011ELEPHANT-WS#011Logon/Logoff#011#011Logon Failure:     Reason: Unknown user name or bad password     User Name: sally     Domain: ELEPHANT-WS     Logon Type: 2     Logon Process: Advapi       Authentication Package: Negotiate     Workstation Name: ELEPHANT-WS  #011571
2011-04-26T19:11:42-06:00 elephant-ws MSWinEventLog#0111#011Security#011690#011Tue Apr 26 19:11:36 2011#011680#011Security#011SYSTEM#011User#011Success Audit#011ELEPHANT-WS#011Account Logon#011#011Logon attempt by: MICROSOFT_AUTHENTICATION_PACKAGE_V1_0    Logon account:  sally    Source Workstation: ELEPHANT-WS    Error Code: 0x0    #011572
2011-04-26T19:11:42-06:00 elephant-ws MSWinEventLog#0111#011Security#011691#011Tue Apr 26 19:11:36 2011#011528#011Security#011sally#011User#011Success Audit#011ELEPHANT-WS#011Logon/Logoff#011#011Successful Logon:     User Name: sally     Domain: ELEPHANT-WS     Logon ID: (0x0,0xAAD3A2)     Logon Type: 2     Logon Process: Advapi       Authentication Package: Negotiate     Workstation Name: ELEPHANT-WS     Logon GUID: {00000000-0000-0000-0000-000000000000}  #011573
2011-04-26T19:11:42-06:00 elephant-ws MSWinEventLog#0111#011Security#011692#011Tue Apr 26 19:11:38 2011#011683#011Security#011SYSTEM#011User#011Success Audit#011ELEPHANT-WS#011Logon/Logoff#011#011Session disconnected from winstation:     User Name: bob     Domain: ELEPHANT-WS     Logon ID: (0x0,0xA53D0A)     Session Name: Console     Client Name: Unknown     Client Address: Unknown  #011574
2011-04-26T19:11:42-06:00 elephant-ws MSWinEventLog#0111#011Security#011693#011Tue Apr 26 19:11:39 2011#011538#011Security#011sally#011User#011Success Audit#011ELEPHANT-WS#011Logon/Logoff#011#011User Logoff:     User Name: sally     Domain: ELEPHANT-WS     Logon ID: (0x0,0xAAD3A2)     Logon Type: 2    #011575
2011-04-26T19:11:42-06:00 elephant-ws MSWinEventLog#0111#011Security#011694#011Tue Apr 26 19:11:39 2011#011682#011Security#011SYSTEM#011User#011Success Audit#011ELEPHANT-WS#011Logon/Logoff#011#011Session reconnected to winstation:     User Name: sally     Domain: ELEPHANT-WS     Logon ID: (0x0,0x925BFD)     Session Name: Console     Client Name: Unknown     Client Address: Unknown  #011576
2011-04-26T19:11:42-06:00 elephant-ws MSWinEventLog#0110#011Security#011695#011Tue Apr 26 19:11:39 2011#011593#011Security#011SYSTEM#011User#011Success Audit#011ELEPHANT-WS#011Detailed Tracking#011#011A process has exited:     Process ID: 1056     Image File Name: C:\WINDOWS\system32\logonui.exe     User Name: ELEPHANT-WS$     Domain: WORKGROUP     Logon ID: (0x0,0x3E7)    #011577
2011-04-26T19:09:12-06:00 dog-ws MSWinEventLog#0110#011Security#011738#011Tue Apr 26 19:09:12 2011#011592#011Security#011SYSTEM#011User#011Success Audit#011DOG-WS#011Detailed Tracking#011#011A new process has been created:     New Process ID: 3516     Image File Name: C:\WINDOWS\system32\csrss.exe     Creator Process ID: 552     User Name: DOG-WS$     Domain: WORKGROUP     Logon ID: (0x0,0x3E7)    #011682
2011-04-26T19:09:12-06:00 dog-ws MSWinEventLog#0110#011Security#011739#011Tue Apr 26 19:09:12 2011#011592#011Security#011SYSTEM#011User#011Success Audit#011DOG-WS#011Detailed Tracking#011#011A new process has been created:     New Process ID: 1468     Image File Name: C:\WINDOWS\system32\winlogon.exe     Creator Process ID: 552     User Name: DOG-WS$     Domain: WORKGROUP     Logon ID: (0x0,0x3E7)    #011683
2011-04-26T19:09:12-06:00 dog-ws MSWinEventLog#0110#011Security#011740#011Tue Apr 26 19:09:12 2011#011593#011Security#011SYSTEM#011User#011Success Audit#011DOG-WS#011Detailed Tracking#011#011A process has exited:     Process ID: 1468     Image File Name: C:\WINDOWS\system32\winlogon.exe     User Name: DOG-WS$     Domain: WORKGROUP     Logon ID: (0x0,0x3E7)    #011684
2011-04-26T19:09:12-06:00 dog-ws MSWinEventLog#0110#011Security#011741#011Tue Apr 26 19:09:12 2011#011593#011Security#011SYSTEM#011User#011Success Audit#011DOG-WS#011Detailed Tracking#011#011A process has exited:     Process ID: 3516     Image File Name: C:\WINDOWS\system32\csrss.exe     User Name: DOG-WS$     Domain: WORKGROUP     Logon ID: (0x0,0x3E7)    #011685
2011-04-26T19:12:37-06:00 elephant-ws MSWinEventLog#0110#011Security#011696#011Tue Apr 26 19:12:32 2011#011592#011Security#011SYSTEM#011User#011Success Audit#011ELEPHANT-WS#011Detailed Tracking#011#011A new process has been created:     New Process ID: 2060     Image File Name: C:\WINDOWS\system32\csrss.exe     Creator Process ID: 396     User Name: ELEPHANT-WS$     Domain: WORKGROUP     Logon ID: (0x0,0x3E7)    #011578
2011-04-26T19:12:37-06:00 elephant-ws MSWinEventLog#0110#011Security#011697#011Tue Apr 26 19:12:32 2011#011592#011Security#011SYSTEM#011User#011Success Audit#011ELEPHANT-WS#011Detailed Tracking#011#011A new process has been created:     New Process ID: 788     Image File Name: C:\WINDOWS\system32\winlogon.exe     Creator Process ID: 396     User Name: ELEPHANT-WS$     Domain: WORKGROUP     Logon ID: (0x0,0x3E7)    #011579
2011-04-26T19:12:37-06:00 elephant-ws MSWinEventLog#0110#011Security#011698#011Tue Apr 26 19:12:32 2011#011593#011Security#011SYSTEM#011User#011Success Audit#011ELEPHANT-WS#011Detailed Tracking#011#011A process has exited:     Process ID: 788     Image File Name: C:\WINDOWS\system32\winlogon.exe     User Name: ELEPHANT-WS$     Domain: WORKGROUP     Logon ID: (0x0,0x3E7)    #011580
2011-04-26T19:12:37-06:00 elephant-ws MSWinEventLog#0110#011Security#011699#011Tue Apr 26 19:12:32 2011#011593#011Security#011SYSTEM#011User#011Success Audit#011ELEPHANT-WS#011Detailed Tracking#011#011A process has exited:     Process ID: 2060     Image File Name: C:\WINDOWS\system32\csrss.exe     User Name: ELEPHANT-WS$     Domain: WORKGROUP     Logon ID: (0x0,0x3E7)    #011581
2011-04-26T19:09:50-06:00 dog-ws MSWinEventLog#0110#011Security#011742#011Tue Apr 26 19:09:50 2011#011592#011Security#011SYSTEM#011User#011Success Audit#011DOG-WS#011Detailed Tracking#011#011A new process has been created:     New Process ID: 988     Image File Name: C:\WINDOWS\system32\csrss.exe     Creator Process ID: 552     User Name: DOG-WS$     Domain: WORKGROUP     Logon ID: (0x0,0x3E7)    #011686
2011-04-26T19:09:56-06:00 dog-ws MSWinEventLog#0110#011Security#011743#011Tue Apr 26 19:09:50 2011#011592#011Security#011SYSTEM#011User#011Success Audit#011DOG-WS#011Detailed Tracking#011#011A new process has been created:     New Process ID: 1456     Image File Name: C:\WINDOWS\system32\winlogon.exe     Creator Process ID: 552     User Name: DOG-WS$     Domain: WORKGROUP     Logon ID: (0x0,0x3E7)    #011687
2011-04-26T19:09:56-06:00 dog-ws MSWinEventLog#0110#011Security#011744#011Tue Apr 26 19:09:50 2011#011593#011Security#011SYSTEM#011User#011Success Audit#011DOG-WS#011Detailed Tracking#011#011A process has exited:     Process ID: 1456     Image File Name: C:\WINDOWS\system32\winlogon.exe     User Name: DOG-WS$     Domain: WORKGROUP     Logon ID: (0x0,0x3E7)    #011688
2011-04-26T19:09:56-06:00 dog-ws MSWinEventLog#0110#011Security#011745#011Tue Apr 26 19:09:50 2011#011593#011Security#011SYSTEM#011User#011Success Audit#011DOG-WS#011Detailed Tracking#011#011A process has exited:     Process ID: 988     Image File Name: C:\WINDOWS\system32\csrss.exe     User Name: DOG-WS$     Domain: WORKGROUP     Logon ID: (0x0,0x3E7)    #011689
2011-04-26T19:09:56-06:00 dog-ws MSWinEventLog#0110#011Security#011746#011Tue Apr 26 19:09:50 2011#011592#011Security#011SYSTEM#011User#011Success Audit#011DOG-WS#011Detailed Tracking#011#011A new process has been created:     New Process ID: 1876     Image File Name: C:\WINDOWS\system32\csrss.exe     Creator Process ID: 552     User Name: DOG-WS$     Domain: WORKGROUP     Logon ID: (0x0,0x3E7)    #011690
2011-04-26T19:09:56-06:00 dog-ws MSWinEventLog#0110#011Security#011747#011Tue Apr 26 19:09:50 2011#011592#011Security#011SYSTEM#011User#011Success Audit#011DOG-WS#011Detailed Tracking#011#011A new process has been created:     New Process ID: 3084     Image File Name: C:\WINDOWS\system32\winlogon.exe     Creator Process ID: 552     User Name: DOG-WS$     Domain: WORKGROUP     Logon ID: (0x0,0x3E7)    #011691
2011-04-26T19:09:56-06:00 dog-ws MSWinEventLog#0110#011Security#011748#011Tue Apr 26 19:09:56 2011#011593#011Security#011SYSTEM#011User#011Success Audit#011DOG-WS#011Detailed Tracking#011#011A process has exited:     Process ID: 3084     Image File Name: C:\WINDOWS\system32\winlogon.exe     User Name: DOG-WS$     Domain: WORKGROUP     Logon ID: (0x0,0x3E7)    #011692
2011-04-26T19:10:04-06:00 dog-ws MSWinEventLog#0110#011Security#011749#011Tue Apr 26 19:09:56 2011#011593#011Security#011SYSTEM#011User#011Success Audit#011DOG-WS#011Detailed Tracking#011#011A process has exited:     Process ID: 1876     Image File Name: C:\WINDOWS\system32\csrss.exe     User Name: DOG-WS$     Domain: WORKGROUP     Logon ID: (0x0,0x3E7)    #011693
2011-04-26T19:10:28-06:00 dog-ws MSWinEventLog#0110#011Security#011750#011Tue Apr 26 19:10:27 2011#011593#011Security#011SYSTEM#011User#011Success Audit#011DOG-WS#011Detailed Tracking#011#011A process has exited:     Process ID: 3972     Image File Name: C:\WINDOWS\system32\logon.scr     User Name: DOG-WS$     Domain: WORKGROUP     Logon ID: (0x0,0x3E7)    #011694
2011-04-26T19:10:32-06:00 fox-ws MSWinEventLog#0110#011Security#011281#011Tue Apr 26 19:10:30 2011#0114688#011Microsoft-Windows-Security-Auditing#011FOX-WS$#011N/A#011Success Audit#011fox-ws#011None#011#011A new process has been created.    Subject:   Security ID:  S-1-5-18   Account Name:  FOX-WS$   Account Domain:  WORKGROUP   Logon ID:  0x3e7    Process Information:   New Process ID:  0xba4   New Process Name: C:\Windows\System32\SearchProtocolHost.exe   Token Elevation Type: TokenElevationTypeLimited (3)   Creator Process ID: 0x758    Token Elevation Type indicates the type of token that was assigned to the new process in accordance with User Account Control policy.    Type 1 is a full token with no privileges removed or groups disabled.  A full token is only used if User Account Control is disabled or if the user is the built-in Administrator account or a service account.    Type 2 is an elevated token with no privileges removed or groups disabled.  An elevated token is used when User Account Control is enabled and the user chooses to start the program using Run as administrator.  An elevated token is also used when an application is configured to always require administrative privilege or to always require maximum privilege, and the user is a member of the Administrators group.    Type 3 is a limited token with administrative privileges removed and administrative groups disabled.  The limited token is used when User Account Control is enabled, the application does not require administrative privilege, and the user does not choose to start the program using Run as administrator.#011145 
2011-04-26T19:10:32-06:00 fox-ws MSWinEventLog#0110#011Security#011282#011Tue Apr 26 19:10:30 2011#0114689#011Microsoft-Windows-Security-Auditing#011bob#011N/A#011Success Audit#011fox-ws#011None#011#011A process has exited.    Subject:   Security ID:  S-1-5-21-29357171-1333843320-2140510157-1002   Account Name:  bob   Account Domain:  fox-ws   Logon ID:  0x2b2fb    Process Information:   Process ID: 0x8fc   Process Name: C:\Program Files\Internet Explorer\iexplore.exe   Exit Status: 0x0#011146 
2011-04-26T19:10:32-06:00 fox-ws MSWinEventLog#0110#011Security#011283#011Tue Apr 26 19:10:31 2011#0114689#011Microsoft-Windows-Security-Auditing#011bob#011N/A#011Success Audit#011fox-ws#011None#011#011A process has exited.    Subject:   Security ID:  S-1-5-21-29357171-1333843320-2140510157-1002   Account Name:  bob   Account Domain:  fox-ws   Logon ID:  0x2b2fb    Process Information:   Process ID: 0x8b0   Process Name: C:\Program Files\Internet Explorer\iexplore.exe   Exit Status: 0x1#011147 
2011-04-26T19:10:32-06:00 fox-ws MSWinEventLog#0110#011Security#011284#011Tue Apr 26 19:10:31 2011#0114688#011Microsoft-Windows-Security-Auditing#011FOX-WS$#011N/A#011Success Audit#011fox-ws#011None#011#011A new process has been created.    Subject:   Security ID:  S-1-5-18   Account Name:  FOX-WS$   Account Domain:  WORKGROUP   Logon ID:  0x3e7    Process Information:   New Process ID:  0xbd0   New Process Name: C:\Windows\System32\SearchFilterHost.exe   Token Elevation Type: TokenElevationTypeDefault (1)   Creator Process ID: 0x758    Token Elevation Type indicates the type of token that was assigned to the new process in accordance with User Account Control policy.    Type 1 is a full token with no privileges removed or groups disabled.  A full token is only used if User Account Control is disabled or if the user is the built-in Administrator account or a service account.    Type 2 is an elevated token with no privileges removed or groups disabled.  An elevated token is used when User Account Control is enabled and the user chooses to start the program using Run as administrator.  An elevated token is also used when an application is configured to always require administrative privilege or to always require maximum privilege, and the user is a member of the Administrators group.    Type 3 is a limited token with administrative privileges removed and administrative groups disabled.  The limited token is used when User Account Control is enabled, the application does not require administrative privilege, and the user does not choose to start the program using Run as administrator.#011148 
2011-04-26T19:10:36-06:00 fox-ws MSWinEventLog#0110#011Security#011285#011Tue Apr 26 19:10:33 2011#0114689#011Microsoft-Windows-Security-Auditing#011bob#011N/A#011Success Audit#011fox-ws#011None#011#011A process has exited.    Subject:   Security ID:  S-1-5-21-29357171-1333843320-2140510157-1002   Account Name:  bob   Account Domain:  fox-ws   Logon ID:  0x2b2fb    Process Information:   Process ID: 0x34c   Process Name: C:\Windows\System32\mspaint.exe   Exit Status: 0x0#011149 
2011-04-26T19:11:00-06:00 dog-ws MSWinEventLog#0110#011Security#011751#011Tue Apr 26 19:11:00 2011#011592#011Security#011SYSTEM#011User#011Success Audit#011DOG-WS#011Detailed Tracking#011#011A new process has been created:     New Process ID: 2176     Image File Name: C:\WINDOWS\system32\csrss.exe     Creator Process ID: 552     User Name: DOG-WS$     Domain: WORKGROUP     Logon ID: (0x0,0x3E7)    #011695
2011-04-26T19:11:08-06:00 dog-ws MSWinEventLog#0110#011Security#011752#011Tue Apr 26 19:11:00 2011#011592#011Security#011SYSTEM#011User#011Success Audit#011DOG-WS#011Detailed Tracking#011#011A new process has been created:     New Process ID: 2188     Image File Name: C:\WINDOWS\system32\winlogon.exe     Creator Process ID: 552     User Name: DOG-WS$     Domain: WORKGROUP     Logon ID: (0x0,0x3E7)    #011696
2011-04-26T19:11:08-06:00 dog-ws MSWinEventLog#0111#011Security#011753#011Tue Apr 26 19:11:01 2011#011680#011Security#011SYSTEM#011User#011Success Audit#011DOG-WS#011Account Logon#011#011Logon attempt by: MICROSOFT_AUTHENTICATION_PACKAGE_V1_0    Logon account:  bob    Source Workstation: DOG-WS    Error Code: 0x0    #011697
2011-04-26T19:11:08-06:00 dog-ws MSWinEventLog#0111#011Security#011754#011Tue Apr 26 19:11:01 2011#011528#011Security#011bob#011User#011Success Audit#011DOG-WS#011Logon/Logoff#011#011Successful Logon:     User Name: bob     Domain: DOG-WS     Logon ID: (0x0,0x155A04D)     Logon Type: 10     Logon Process: User32       Authentication Package: Negotiate     Workstation Name: DOG-WS     Logon GUID: {00000000-0000-0000-0000-000000000000}  #011698
2011-04-26T19:11:08-06:00 dog-ws MSWinEventLog#0110#011Security#011755#011Tue Apr 26 19:11:01 2011#011592#011Security#011SYSTEM#011User#011Success Audit#011DOG-WS#011Detailed Tracking#011#011A new process has been created:     New Process ID: 2068     Image File Name: C:\WINDOWS\system32\rdpclip.exe     Creator Process ID: 2188     User Name: DOG-WS$     Domain: WORKGROUP     Logon ID: (0x0,0x3E7)    #011699
2011-04-26T19:11:08-06:00 dog-ws MSWinEventLog#0110#011Security#011756#011Tue Apr 26 19:11:02 2011#011592#011Security#011SYSTEM#011User#011Success Audit#011DOG-WS#011Detailed Tracking#011#011A new process has been created:     New Process ID: 2164     Image File Name: C:\WINDOWS\system32\wscntfy.exe     Creator Process ID: 2188     User Name: DOG-WS$     Domain: WORKGROUP     Logon ID: (0x0,0x3E7)    #011700
2011-04-26T19:11:08-06:00 dog-ws MSWinEventLog#0110#011Security#011757#011Tue Apr 26 19:11:02 2011#011592#011Security#011SYSTEM#011User#011Success Audit#011DOG-WS#011Detailed Tracking#011#011A new process has been created:     New Process ID: 2472     Image File Name: C:\WINDOWS\system32\userinit.exe     Creator Process ID: 2188     User Name: DOG-WS$     Domain: WORKGROUP     Logon ID: (0x0,0x3E7)    #011701
2011-04-26T19:11:08-06:00 dog-ws MSWinEventLog#0110#011Security#011758#011Tue Apr 26 19:11:02 2011#011592#011Security#011bob#011User#011Success Audit#011DOG-WS#011Detailed Tracking#011#011A new process has been created:     New Process ID: 2136     Image File Name: C:\WINDOWS\explorer.exe     Creator Process ID: 2472     User Name: bob     Domain: DOG-WS     Logon ID: (0x0,0x155A04D)    #011702
2011-04-26T19:11:08-06:00 dog-ws MSWinEventLog#0110#011Security#011759#011Tue Apr 26 19:11:03 2011#011592#011Security#011bob#011User#011Success Audit#011DOG-WS#011Detailed Tracking#011#011A new process has been created:     New Process ID: 1924     Image File Name: C:\WINDOWS\system32\igfxtray.exe     Creator Process ID: 2136     User Name: bob     Domain: DOG-WS     Logon ID: (0x0,0x155A04D)    #011703
2011-04-26T19:11:08-06:00 dog-ws MSWinEventLog#0110#011Security#011760#011Tue Apr 26 19:11:03 2011#011592#011Security#011bob#011User#011Success Audit#011DOG-WS#011Detailed Tracking#011#011A new process has been created:     New Process ID: 148     Image File Name: C:\WINDOWS\system32\hkcmd.exe     Creator Process ID: 2136     User Name: bob     Domain: DOG-WS     Logon ID: (0x0,0x155A04D)    #011704
2011-04-26T19:11:08-06:00 dog-ws MSWinEventLog#0110#011Security#011761#011Tue Apr 26 19:11:03 2011#011592#011Security#011bob#011User#011Success Audit#011DOG-WS#011Detailed Tracking#011#011A new process has been created:     New Process ID: 2320     Image File Name: C:\Program Files\Analog Devices\SoundMAX\SMTray.exe     Creator Process ID: 2136     User Name: bob     Domain: DOG-WS     Logon ID: (0x0,0x155A04D)    #011705
2011-04-26T19:11:08-06:00 dog-ws MSWinEventLog#0110#011Security#011762#011Tue Apr 26 19:11:03 2011#011592#011Security#011bob#011User#011Success Audit#011DOG-WS#011Detailed Tracking#011#011A new process has been created:     New Process ID: 432     Image File Name: C:\Program Files\Analog Devices\SoundMAX\DrvLsnr.exe     Creator Process ID: 2136     User Name: bob     Domain: DOG-WS     Logon ID: (0x0,0x155A04D)    #011706
2011-04-26T19:11:08-06:00 dog-ws MSWinEventLog#0110#011Security#011763#011Tue Apr 26 19:11:03 2011#011593#011Security#011bob#011User#011Success Audit#011DOG-WS#011Detailed Tracking#011#011A process has exited:     Process ID: 1924     Image File Name: C:\WINDOWS\system32\igfxtray.exe     User Name: bob     Domain: DOG-WS     Logon ID: (0x0,0x155A04D)    #011707
2011-04-26T19:11:08-06:00 dog-ws MSWinEventLog#0110#011Security#011764#011Tue Apr 26 19:11:03 2011#011592#011Security#011bob#011User#011Success Audit#011DOG-WS#011Detailed Tracking#011#011A new process has been created:     New Process ID: 612     Image File Name: C:\WINDOWS\system32\NeroCheck.exe     Creator Process ID: 2136     User Name: bob     Domain: DOG-WS     Logon ID: (0x0,0x155A04D)    #011708
2011-04-26T19:11:08-06:00 dog-ws MSWinEventLog#0110#011Security#011765#011Tue Apr 26 19:11:03 2011#011592#011Security#011bob#011User#011Success Audit#011DOG-WS#011Detailed Tracking#011#011A new process has been created:     New Process ID: 2524     Image File Name: C:\Program Files\CyberLink\PowerDVD\PDVDServ.exe     Creator Process ID: 2136     User Name: bob     Domain: DOG-WS     Logon ID: (0x0,0x155A04D)    #011709
2011-04-26T19:11:08-06:00 dog-ws MSWinEventLog#0110#011Security#011766#011Tue Apr 26 19:11:03 2011#011593#011Security#011bob#011User#011Success Audit#011DOG-WS#011Detailed Tracking#011#011A process has exited:     Process ID: 612     Image File Name: C:\WINDOWS\system32\NeroCheck.exe     User Name: bob     Domain: DOG-WS     Logon ID: (0x0,0x155A04D)    #011710
2011-04-26T19:11:08-06:00 dog-ws MSWinEventLog#0110#011Security#011767#011Tue Apr 26 19:11:04 2011#011593#011Security#011bob#011User#011Success Audit#011DOG-WS#011Detailed Tracking#011#011A process has exited:     Process ID: 148     Image File Name: C:\WINDOWS\system32\hkcmd.exe     User Name: bob     Domain: DOG-WS     Logon ID: (0x0,0x155A04D)    #011711
2011-04-26T19:11:08-06:00 dog-ws MSWinEventLog#0110#011Security#011768#011Tue Apr 26 19:11:07 2011#011592#011Security#011SYSTEM#011User#011Success Audit#011DOG-WS#011Detailed Tracking#011#011A new process has been created:     New Process ID: 2576     Image File Name: C:\WINDOWS\system32\imapi.exe     Creator Process ID: 692     User Name: DOG-WS$     Domain: WORKGROUP     Logon ID: (0x0,0x3E7)    #011712
2011-04-26T19:11:08-06:00 dog-ws MSWinEventLog#0111#011System#011769#011Tue Apr 26 19:11:08 2011#0117035#011Service Control Manager#011SYSTEM#011User#011Information#011DOG-WS#011None#011#011The IMAPI CD-Burning COM Service service was successfully sent a start control.  #01144
2011-04-26T19:11:14-06:00 dog-ws MSWinEventLog#0110#011Security#011770#011Tue Apr 26 19:11:14 2011#011593#011Security#011SYSTEM#011User#011Success Audit#011DOG-WS#011Detailed Tracking#011#011A process has exited:     Process ID: 2576     Image File Name: C:\WINDOWS\system32\imapi.exe     User Name: DOG-WS$     Domain: WORKGROUP     Logon ID: (0x0,0x3E7)    #011713
2011-04-26T19:11:06-06:00 fox-ws MSWinEventLog#0110#011Security#011286#011Tue Apr 26 19:11:03 2011#0114689#011Microsoft-Windows-Security-Auditing#011LOCAL SERVICE#011N/A#011Success Audit#011fox-ws#011None#011#011A process has exited.    Subject:   Security ID:  S-1-5-19   Account Name:  LOCAL SERVICE   Account Domain:  NT AUTHORITY   Logon ID:  0x3e5    Process Information:   Process ID: 0x68   Process Name: C:\Windows\System32\svchost.exe   Exit Status: 0x0#011150 
2011-04-26T19:11:06-06:00 fox-ws MSWinEventLog#0111#011System#011287#011Tue Apr 26 19:11:03 2011#0117036#011Service Control Manager#011N/A#011N/A#011Information#011fox-ws#011None#011#011The Windows Image Acquisition (WIA) service entered the stopped state.#011117 
2011-04-26T19:11:18-06:00 dog-ws MSWinEventLog#0111#011System#011771#011Tue Apr 26 19:11:08 2011#0117036#011Service Control Manager#011Unknown User#011N/A#011Information#011DOG-WS#011None#011#011The IMAPI CD-Burning COM Service service entered the running state.  #01145
2011-04-26T19:11:18-06:00 dog-ws MSWinEventLog#0111#011System#011772#011Tue Apr 26 19:11:14 2011#0117036#011Service Control Manager#011Unknown User#011N/A#011Information#011DOG-WS#011None#011#011The IMAPI CD-Burning COM Service service entered the stopped state.  #01146
2011-04-26T19:11:22-06:00 dog-ws MSWinEventLog#0110#011Security#011773#011Tue Apr 26 19:11:14 2011#011592#011Security#011SYSTEM#011User#011Success Audit#011DOG-WS#011Detailed Tracking#011#011A new process has been created:     New Process ID: 2656     Image File Name: C:\WINDOWS\system32\wuauclt.exe     Creator Process ID: 2188     User Name: DOG-WS$     Domain: WORKGROUP     Logon ID: (0x0,0x3E7)    #011714
2011-04-26T19:11:18-06:00 fox-ws MSWinEventLog#0110#011Security#011288#011Tue Apr 26 19:11:16 2011#0114689#011Microsoft-Windows-Security-Auditing#011LOCAL SERVICE#011N/A#011Success Audit#011fox-ws#011None#011#011A process has exited.    Subject:   Security ID:  S-1-5-19   Account Name:  LOCAL SERVICE   Account Domain:  NT AUTHORITY   Logon ID:  0x3e5    Process Information:   Process ID: 0x504   Process Name: C:\Windows\System32\audiodg.exe   Exit Status: 0xc000004b#011151 
2011-04-26T19:11:18-06:00 fox-ws MSWinEventLog#0111#011System#011289#011Tue Apr 26 19:11:16 2011#0117036#011Service Control Manager#011N/A#011N/A#011Information#011fox-ws#011None#011#011The Multimedia Class Scheduler service entered the stopped state.#011118 
2011-04-26T19:11:38-06:00 fox-ws MSWinEventLog#0110#011Security#011290#011Tue Apr 26 19:11:36 2011#0114689#011Microsoft-Windows-Security-Auditing#011bob#011N/A#011Success Audit#011fox-ws#011None#011#011A process has exited.    Subject:   Security ID:  S-1-5-21-29357171-1333843320-2140510157-1002   Account Name:  bob   Account Domain:  fox-ws   Logon ID:  0x2b2fb    Process Information:   Process ID: 0xba4   Process Name: C:\Windows\System32\SearchProtocolHost.exe   Exit Status: 0x0#011152 
2011-04-26T19:11:38-06:00 fox-ws MSWinEventLog#0110#011Security#011291#011Tue Apr 26 19:11:36 2011#0114689#011Microsoft-Windows-Security-Auditing#011FOX-WS$#011N/A#011Success Audit#011fox-ws#011None#011#011A process has exited.    Subject:   Security ID:  S-1-5-18   Account Name:  FOX-WS$   Account Domain:  WORKGROUP   Logon ID:  0x3e7    Process Information:   Process ID: 0xbd0   Process Name: C:\Windows\System32\SearchFilterHost.exe   Exit Status: 0x0#011153 
2011-04-26T19:11:52-06:00 dog-ws MSWinEventLog#0110#011Security#011774#011Tue Apr 26 19:11:25 2011#011592#011Security#011bob#011User#011Success Audit#011DOG-WS#011Detailed Tracking#011#011A new process has been created:     New Process ID: 2676     Image File Name: C:\WINDOWS\system32\cmd.exe     Creator Process ID: 2136     User Name: bob     Domain: DOG-WS     Logon ID: (0x0,0x155A04D)    #011715
2011-04-26T19:11:52-06:00 dog-ws MSWinEventLog#0110#011Security#011775#011Tue Apr 26 19:11:30 2011#011593#011Security#011bob#011User#011Success Audit#011DOG-WS#011Detailed Tracking#011#011A process has exited:     Process ID: 2472     Image File Name: C:\WINDOWS\system32\userinit.exe     User Name: bob     Domain: DOG-WS     Logon ID: (0x0,0x155A04D)    #011716
2011-04-26T19:11:52-06:00 dog-ws MSWinEventLog#0110#011Security#011776#011Tue Apr 26 19:11:52 2011#011592#011Security#011bob#011User#011Success Audit#011DOG-WS#011Detailed Tracking#011#011A new process has been created:     New Process ID: 2716     Image File Name: C:\WINDOWS\system32\ftp.exe     Creator Process ID: 2676     User Name: bob     Domain: DOG-WS     Logon ID: (0x0,0x155A04D)    #011717
2011-04-26T19:12:22-06:00 dog-ws MSWinEventLog#0111#011Security#011777#011Tue Apr 26 19:12:22 2011#011861#011Security#011SYSTEM#011User#011Failure Audit#011DOG-WS#011Detailed Tracking#011#011The Windows Firewall has detected an application listening for incoming traffic.        Name: -    Path: C:\Program Files\Snare\SnareCore.exe    Process identifier: 1708    User account: SYSTEM    User domain: NT AUTHORITY    Service: Yes    RPC server: No    IP version: IPv4    IP protocol: TCP    Port number: 6161    Allowed: No    User notified: No  #011718
2011-04-26T19:14:08-06:00 fox-ws MSWinEventLog#0110#011Security#011292#011Tue Apr 26 19:14:06 2011#0114688#011Microsoft-Windows-Security-Auditing#011FOX-WS$#011N/A#011Success Audit#011fox-ws#011None#011#011A new process has been created.    Subject:   Security ID:  S-1-5-18   Account Name:  FOX-WS$   Account Domain:  WORKGROUP   Logon ID:  0x3e7    Process Information:   New Process ID:  0xc90   New Process Name: C:\Windows\System32\taskhost.exe   Token Elevation Type: TokenElevationTypeDefault (1)   Creator Process ID: 0x1dc    Token Elevation Type indicates the type of token that was assigned to the new process in accordance with User Account Control policy.    Type 1 is a full token with no privileges removed or groups disabled.  A full token is only used if User Account Control is disabled or if the user is the built-in Administrator account or a service account.    Type 2 is an elevated token with no privileges removed or groups disabled.  An elevated token is used when User Account Control is enabled and the user chooses to start the program using Run as administrator.  An elevated token is also used when an application is configured to always require administrative privilege or to always require maximum privilege, and the user is a member of the Administrators group.    Type 3 is a limited token with administrative privileges removed and administrative groups disabled.  The limited token is used when User Account Control is enabled, the application does not require administrative privilege, and the user does not choose to start the program using Run as administrator.#011154 
2011-04-26T19:14:28-06:00 fox-ws MSWinEventLog#0111#011System#011293#011Tue Apr 26 19:14:26 2011#0117036#011Service Control Manager#011N/A#011N/A#011Information#011fox-ws#011None#011#011The WinHTTP Web Proxy Auto-Discovery Service service entered the stopped state.#011119 
2011-04-26T19:15:07-06:00 dog-ws MSWinEventLog#0111#011Security#011778#011Tue Apr 26 19:15:07 2011#011683#011Security#011SYSTEM#011User#011Success Audit#011DOG-WS#011Logon/Logoff#011#011Session disconnected from winstation:     User Name: bob     Domain: DOG-WS     Logon ID: (0x0,0x155A04D)     Session Name: RDP-Tcp#12     Client Name: bt     Client Address: 127.0.0.1  #011719
2011-04-26T19:15:07-06:00 dog-ws MSWinEventLog#0110#011Security#011779#011Tue Apr 26 19:15:07 2011#011593#011Security#011bob#011User#011Success Audit#011DOG-WS#011Detailed Tracking#011#011A process has exited:     Process ID: 2656     Image File Name: C:\WINDOWS\system32\wuauclt.exe     User Name: bob     Domain: DOG-WS     Logon ID: (0x0,0x155A04D)    #011720
2011-04-26T19:16:10-06:00 fox-ws MSWinEventLog#0110#011Security#011294#011Tue Apr 26 19:16:08 2011#0114689#011Microsoft-Windows-Security-Auditing#011LOCAL SERVICE#011N/A#011Success Audit#011fox-ws#011None#011#011A process has exited.    Subject:   Security ID:  S-1-5-19   Account Name:  LOCAL SERVICE   Account Domain:  NT AUTHORITY   Logon ID:  0x3e5    Process Information:   Process ID: 0xc90   Process Name: C:\Windows\System32\taskhost.exe   Exit Status: 0x0#011155 
2011-04-26T19:18:53-06:00 fox-ws MSWinEventLog#0110#011Security#011295#011Tue Apr 26 19:18:51 2011#0114688#011Microsoft-Windows-Security-Auditing#011FOX-WS$#011N/A#011Success Audit#011fox-ws#011None#011#011A new process has been created.    Subject:   Security ID:  S-1-5-18   Account Name:  FOX-WS$   Account Domain:  WORKGROUP   Logon ID:  0x3e7    Process Information:   New Process ID:  0xd88   New Process Name: C:\Windows\System32\wermgr.exe   Token Elevation Type: TokenElevationTypeLimited (3)   Creator Process ID: 0x1dc    Token Elevation Type indicates the type of token that was assigned to the new process in accordance with User Account Control policy.    Type 1 is a full token with no privileges removed or groups disabled.  A full token is only used if User Account Control is disabled or if the user is the built-in Administrator account or a service account.    Type 2 is an elevated token with no privileges removed or groups disabled.  An elevated token is used when User Account Control is enabled and the user chooses to start the program using Run as administrator.  An elevated token is also used when an application is configured to always require administrative privilege or to always require maximum privilege, and the user is a member of the Administrators group.    Type 3 is a limited token with administrative privileges removed and administrative groups disabled.  The limited token is used when User Account Control is enabled, the application does not require administrative privilege, and the user does not choose to start the program using Run as administrator.#011156 
2011-04-26T19:18:53-06:00 fox-ws MSWinEventLog#0110#011Security#011296#011Tue Apr 26 19:18:52 2011#0114689#011Microsoft-Windows-Security-Auditing#011bob#011N/A#011Success Audit#011fox-ws#011None#011#011A process has exited.    Subject:   Security ID:  S-1-5-21-29357171-1333843320-2140510157-1002   Account Name:  bob   Account Domain:  fox-ws   Logon ID:  0x2b2fb    Process Information:   Process ID: 0xd88   Process Name: C:\Windows\System32\wermgr.exe   Exit Status: 0x0#011157 
2011-04-26T19:20:30-06:00 dog-ws MSWinEventLog#0110#011Security#011780#011Tue Apr 26 19:20:30 2011#011592#011Security#011SYSTEM#011User#011Success Audit#011DOG-WS#011Detailed Tracking#011#011A new process has been created:     New Process ID: 900     Image File Name: C:\WINDOWS\system32\logon.scr     Creator Process ID: 640     User Name: DOG-WS$     Domain: WORKGROUP     Logon ID: (0x0,0x3E7)    #011721
2011-04-26T19:22:23-06:00 dog-ws MSWinEventLog#0111#011Security#011781#011Tue Apr 26 19:22:23 2011#011861#011Security#011SYSTEM#011User#011Failure Audit#011DOG-WS#011Detailed Tracking#011#011The Windows Firewall has detected an application listening for incoming traffic.        Name: -    Path: C:\Program Files\Snare\SnareCore.exe    Process identifier: 1708    User account: SYSTEM    User domain: NT AUTHORITY    Service: Yes    RPC server: No    IP version: IPv4    IP protocol: TCP    Port number: 6161    Allowed: No    User notified: No  #011722
2011-04-26T19:25:44-06:00 elephant-ws MSWinEventLog#0111#011Security#011700#011Tue Apr 26 19:25:44 2011#011861#011Security#011SYSTEM#011User#011Failure Audit#011ELEPHANT-WS#011Detailed Tracking#011#011The Windows Firewall has detected an application listening for incoming traffic.        Name: -    Path: C:\Program Files\Snare\SnareCore.exe    Process identifier: 1456    User account: SYSTEM    User domain: NT AUTHORITY    Service: Yes    RPC server: No    IP version: IPv4    IP protocol: TCP    Port number: 6161    Allowed: No    User notified: No  #011582
2011-04-26T19:25:56-06:00 elephant-ws MSWinEventLog#0110#011Security#011701#011Tue Apr 26 19:25:56 2011#011592#011Security#011SYSTEM#011User#011Success Audit#011ELEPHANT-WS#011Detailed Tracking#011#011A new process has been created:     New Process ID: 2392     Image File Name: C:\WINDOWS\system32\logon.scr     Creator Process ID: 480     User Name: ELEPHANT-WS$     Domain: WORKGROUP     Logon ID: (0x0,0x3E7)    #011583
2011-04-26T19:29:47-06:00 elephant-ws MSWinEventLog#0110#011Security#011702#011Tue Apr 26 19:29:47 2011#011593#011Security#011sally#011User#011Success Audit#011ELEPHANT-WS#011Detailed Tracking#011#011A process has exited:     Process ID: 2392     Image File Name: C:\WINDOWS\system32\logon.scr     User Name: sally     Domain: ELEPHANT-WS     Logon ID: (0x0,0x925BFD)    #011584
2011-04-26T19:29:52-06:00 elephant-ws MSWinEventLog#0110#011Security#011703#011Tue Apr 26 19:29:47 2011#011592#011Security#011SYSTEM#011User#011Success Audit#011ELEPHANT-WS#011Detailed Tracking#011#011A new process has been created:     New Process ID: 2436     Image File Name: C:\WINDOWS\system32\logonui.exe     Creator Process ID: 480     User Name: ELEPHANT-WS$     Domain: WORKGROUP     Logon ID: (0x0,0x3E7)    #011585
2011-04-26T19:29:57-06:00 elephant-ws MSWinEventLog#0111#011Security#011704#011Tue Apr 26 19:29:52 2011#011680#011Security#011SYSTEM#011User#011Failure Audit#011ELEPHANT-WS#011Account Logon#011#011Logon attempt by: MICROSOFT_AUTHENTICATION_PACKAGE_V1_0    Logon account:  bob    Source Workstation: ELEPHANT-WS    Error Code: 0xC000006A    #011586
2011-04-26T19:29:57-06:00 elephant-ws MSWinEventLog#0111#011Security#011705#011Tue Apr 26 19:29:52 2011#011529#011Security#011SYSTEM#011User#011Failure Audit#011ELEPHANT-WS#011Logon/Logoff#011#011Logon Failure:     Reason: Unknown user name or bad password     User Name: bob     Domain: ELEPHANT-WS     Logon Type: 2     Logon Process: Advapi       Authentication Package: Negotiate     Workstation Name: ELEPHANT-WS  #011587
2011-04-26T19:29:57-06:00 elephant-ws MSWinEventLog#0111#011Security#011706#011Tue Apr 26 19:29:54 2011#011680#011Security#011SYSTEM#011User#011Success Audit#011ELEPHANT-WS#011Account Logon#011#011Logon attempt by: MICROSOFT_AUTHENTICATION_PACKAGE_V1_0    Logon account:  bob    Source Workstation: ELEPHANT-WS    Error Code: 0x0    #011588
2011-04-26T19:29:57-06:00 elephant-ws MSWinEventLog#0111#011Security#011707#011Tue Apr 26 19:29:54 2011#011528#011Security#011bob#011User#011Success Audit#011ELEPHANT-WS#011Logon/Logoff#011#011Successful Logon:     User Name: bob     Domain: ELEPHANT-WS     Logon ID: (0x0,0xAC2EA6)     Logon Type: 2     Logon Process: Advapi       Authentication Package: Negotiate     Workstation Name: ELEPHANT-WS     Logon GUID: {00000000-0000-0000-0000-000000000000}  #011589
2011-04-26T19:29:57-06:00 elephant-ws MSWinEventLog#0111#011Security#011708#011Tue Apr 26 19:29:54 2011#011683#011Security#011SYSTEM#011User#011Success Audit#011ELEPHANT-WS#011Logon/Logoff#011#011Session disconnected from winstation:     User Name: sally     Domain: ELEPHANT-WS     Logon ID: (0x0,0x925BFD)     Session Name: Console     Client Name: Unknown     Client Address: Unknown  #011590
2011-04-26T19:29:57-06:00 elephant-ws MSWinEventLog#0111#011Security#011709#011Tue Apr 26 19:29:55 2011#011682#011Security#011SYSTEM#011User#011Success Audit#011ELEPHANT-WS#011Logon/Logoff#011#011Session reconnected to winstation:     User Name: bob     Domain: ELEPHANT-WS     Logon ID: (0x0,0xA53D0A)     Session Name: Console     Client Name: Unknown     Client Address: Unknown  #011591
2011-04-26T19:29:57-06:00 elephant-ws MSWinEventLog#0111#011Security#011710#011Tue Apr 26 19:29:56 2011#011538#011Security#011bob#011User#011Success Audit#011ELEPHANT-WS#011Logon/Logoff#011#011User Logoff:     User Name: bob     Domain: ELEPHANT-WS     Logon ID: (0x0,0xAC2EA6)     Logon Type: 2    #011592
2011-04-26T19:29:57-06:00 elephant-ws MSWinEventLog#0110#011Security#011711#011Tue Apr 26 19:29:56 2011#011593#011Security#011SYSTEM#011User#011Success Audit#011ELEPHANT-WS#011Detailed Tracking#011#011A process has exited:     Process ID: 2436     Image File Name: C:\WINDOWS\system32\logonui.exe     User Name: ELEPHANT-WS$     Domain: WORKGROUP     Logon ID: (0x0,0x3E7)    #011593
2011-04-26T19:29:57-06:00 elephant-ws MSWinEventLog#0110#011Security#011712#011Tue Apr 26 19:29:56 2011#011592#011Security#011SYSTEM#011User#011Success Audit#011ELEPHANT-WS#011Detailed Tracking#011#011A new process has been created:     New Process ID: 2352     Image File Name: C:\WINDOWS\system32\igfxsrvc.exe     Creator Process ID: 1844     User Name: ELEPHANT-WS$     Domain: WORKGROUP     Logon ID: (0x0,0x3E7)    #011594
2011-04-26T19:30:02-06:00 elephant-ws MSWinEventLog#0110#011Security#011713#011Tue Apr 26 19:30:00 2011#011592#011Security#011bob#011User#011Success Audit#011ELEPHANT-WS#011Detailed Tracking#011#011A new process has been created:     New Process ID: 2632     Image File Name: C:\WINDOWS\Downloaded Program Files\FP_AX_CAB_INSTALLER.exe     Creator Process ID: 2076     User Name: bob     Domain: ELEPHANT-WS     Logon ID: (0x0,0xA53D0A)    #011595
2011-04-26T19:30:07-06:00 elephant-ws MSWinEventLog#0110#011Security#011714#011Tue Apr 26 19:30:04 2011#011593#011Security#011bob#011User#011Success Audit#011ELEPHANT-WS#011Detailed Tracking#011#011A process has exited:     Process ID: 2632     Image File Name: C:\WINDOWS\Downloaded Program Files\FP_AX_CAB_INSTALLER.exe     User Name: bob     Domain: ELEPHANT-WS     Logon ID: (0x0,0xA53D0A)    #011596
2011-04-26T19:32:24-06:00 dog-ws MSWinEventLog#0111#011Security#011782#011Tue Apr 26 19:32:24 2011#011861#011Security#011SYSTEM#011User#011Failure Audit#011DOG-WS#011Detailed Tracking#011#011The Windows Firewall has detected an application listening for incoming traffic.        Name: -    Path: C:\Program Files\Snare\SnareCore.exe    Process identifier: 1708    User account: SYSTEM    User domain: NT AUTHORITY    Service: Yes    RPC server: No    IP version: IPv4    IP protocol: TCP    Port number: 6161    Allowed: No    User notified: No  #011723
2011-04-26T19:35:45-06:00 elephant-ws MSWinEventLog#0111#011Security#011715#011Tue Apr 26 19:35:45 2011#011861#011Security#011SYSTEM#011User#011Failure Audit#011ELEPHANT-WS#011Detailed Tracking#011#011The Windows Firewall has detected an application listening for incoming traffic.        Name: -    Path: C:\Program Files\Snare\SnareCore.exe    Process identifier: 1456    User account: SYSTEM    User domain: NT AUTHORITY    Service: Yes    RPC server: No    IP version: IPv4    IP protocol: TCP    Port number: 6161    Allowed: No    User notified: No  #011597
2011-04-26T19:35:08-06:00 fox-ws MSWinEventLog#0110#011Security#011297#011Tue Apr 26 19:35:06 2011#0114688#011Microsoft-Windows-Security-Auditing#011FOX-WS$#011N/A#011Success Audit#011fox-ws#011None#011#011A new process has been created.    Subject:   Security ID:  S-1-5-18   Account Name:  FOX-WS$   Account Domain:  WORKGROUP   Logon ID:  0x3e7    Process Information:   New Process ID:  0xf6c   New Process Name: C:\Windows\System32\rundll32.exe   Token Elevation Type: TokenElevationTypeDefault (1)   Creator Process ID: 0x1dc    Token Elevation Type indicates the type of token that was assigned to the new process in accordance with User Account Control policy.    Type 1 is a full token with no privileges removed or groups disabled.  A full token is only used if User Account Control is disabled or if the user is the built-in Administrator account or a service account.    Type 2 is an elevated token with no privileges removed or groups disabled.  An elevated token is used when User Account Control is enabled and the user chooses to start the program using Run as administrator.  An elevated token is also used when an application is configured to always require administrative privilege or to always require maximum privilege, and the user is a member of the Administrators group.    Type 3 is a limited token with administrative privileges removed and administrative groups disabled.  The limited token is used when User Account Control is enabled, the application does not require administrative privilege, and the user does not choose to start the program using Run as administrator.#011158 
