2011-04-26T18:50:59-06:00 dog-ws MSWinEventLog#0110#011Security#011734#011Tue Apr 26 18:50:59 2011#011593#011Security#011SYSTEM#011User#011Success Audit#011DOG-WS#011Detailed Tracking#011#011A process has exited:     Process ID: 3168     Image File Name: C:\WINDOWS\system32\logon.scr     User Name: DOG-WS$     Domain: WORKGROUP     Logon ID: (0x0,0x3E7)    #011678
2011-04-26T18:50:56-06:00 fox-ws MSWinEventLog#0111#011Security#011410#011Tue Apr 26 18:50:52 2011#0114673#011Microsoft-Windows-Security-Auditing#011FOX-WS$#011N/A#011Failure Audit#011fox-ws#011None#011#011A privileged service was called.    Subject:   Security ID:  S-1-5-18   Account Name:  FOX-WS$   Account Domain:  WORKGROUP   Logon ID:  0x3e7    Service:   Server: Security Account Manager   Service Name: Security Account Manager    Process:   Process ID: 0x1e8   Process Name: C:\Windows\System32\lsass.exe    Service Request Information:   Privileges:  SeTcbPrivilege#011253 
2011-04-26T18:50:56-06:00 fox-ws MSWinEventLog#0111#011Security#011411#011Tue Apr 26 18:50:52 2011#0114673#011Microsoft-Windows-Security-Auditing#011FOX-WS$#011N/A#011Success Audit#011fox-ws#011None#011#011A privileged service was called.    Subject:   Security ID:  S-1-5-18   Account Name:  FOX-WS$   Account Domain:  WORKGROUP   Logon ID:  0x3e7    Service:   Server: NT Local Security Authority / Authentication Service   Service Name: LsaRegisterLogonProcess()    Process:   Process ID: 0x1e8   Process Name: C:\Windows\System32\lsass.exe    Service Request Information:   Privileges:  SeTcbPrivilege#011254 
2011-04-26T18:50:56-06:00 fox-ws MSWinEventLog#0111#011Security#011412#011Tue Apr 26 18:50:52 2011#0114776#011Microsoft-Windows-Security-Auditing#011bob#011N/A#011Failure Audit#011fox-ws#011None#011#011The computer attempted to validate the credentials for an account.    Authentication Package: MICROSOFT_AUTHENTICATION_PACKAGE_V1_0  Logon Account: bob  Source Workstation: FOX-WS  Error Code: 0xc000006a#011255 
2011-04-26T18:50:56-06:00 fox-ws MSWinEventLog#0111#011Security#011413#011Tue Apr 26 18:50:52 2011#0114625#011Microsoft-Windows-Security-Auditing#011bob#011N/A#011Failure Audit#011fox-ws#011None#011#011An account failed to log on.    Subject:   Security ID:  S-1-5-18   Account Name:  FOX-WS$   Account Domain:  WORKGROUP   Logon ID:  0x3e7    Logon Type:   2    Account For Which Logon Failed:   Security ID:  S-1-0-0   Account Name:  bob   Account Domain:  FOX-WS    Failure Information:   Failure Reason:  Unknown user name or bad password.   Status:   0xc000006d   Sub Status:  0xc000006a    Process Information:   Caller Process ID: 0xae4   Caller Process Name: C:\Windows\System32\winlogon.exe    Network Information:   Workstation Name: FOX-WS   Source Network Address: 127.0.0.1   Source Port:  0    Detailed Authentication Information:   Logon Process:  User32    Authentication Package: Negotiate   Transited Services: -   Package Name (NTLM only): -   Key Length:  0    This event is generated when a logon request fails. It is generated on the computer where access was attempted.    The Subject fields indicate the account on the local system which requested the logon. This is most commonly a service such as the Server service, or a local process such as Winlogon.exe or Services.exe.    The Logon Type field indicates the kind of logon that was requested. The most common types are 2 (interactive) and 3 (network).    The Process Information fields indicate which account and process on the system requested the logon.    The Network Information fields indicate where a remote logon request originated. Workstation name is not always available and may be left blank in some cases.    The authentication information fields provide detailed information about this specific logon request.   - Transited services indicate which intermediate services have participated in this logon request.   - Package name indicates which sub-protocol was used among the NTLM protocols.   - Key length indicates the length of the generated session key. Thi
2011-04-26T18:50:56-06:00 fox-ws MSWinEventLog#0111#011Security#011414#011Tue Apr 26 18:50:52 2011#0114673#011Microsoft-Windows-Security-Auditing#011FOX-WS$#011N/A#011Success Audit#011fox-ws#011None#011#011A privileged service was called.    Subject:   Security ID:  S-1-5-18   Account Name:  FOX-WS$   Account Domain:  WORKGROUP   Logon ID:  0x3e7    Service:   Server: NT Local Security Authority / Authentication Service   Service Name: LsaRegisterLogonProcess()    Process:   Process ID: 0x1e8   Process Name: C:\Windows\System32\lsass.exe    Service Request Information:   Privileges:  SeTcbPrivilege#011257 
2011-04-26T18:50:56-06:00 fox-ws MSWinEventLog#0111#011Security#011415#011Tue Apr 26 18:50:53 2011#0114673#011Microsoft-Windows-Security-Auditing#011FOX-WS$#011N/A#011Failure Audit#011fox-ws#011None#011#011A privileged service was called.    Subject:   Security ID:  S-1-5-18   Account Name:  FOX-WS$   Account Domain:  WORKGROUP   Logon ID:  0x3e7    Service:   Server: Security Account Manager   Service Name: Security Account Manager    Process:   Process ID: 0x1e8   Process Name: C:\Windows\System32\lsass.exe    Service Request Information:   Privileges:  SeTcbPrivilege#011258 
2011-04-26T18:54:30-06:00 elephant-ws MSWinEventLog#0110#011Security#011680#011Tue Apr 26 18:54:30 2011#011593#011Security#011bob#011User#011Success Audit#011ELEPHANT-WS#011Detailed Tracking#011#011A process has exited:     Process ID: 2624     Image File Name: C:\WINDOWS\system32\logon.scr     User Name: bob     Domain: ELEPHANT-WS     Logon ID: (0x0,0xA53D0A)    #011562
2011-04-26T18:54:35-06:00 elephant-ws MSWinEventLog#0110#011Security#011681#011Tue Apr 26 18:54:30 2011#011592#011Security#011SYSTEM#011User#011Success Audit#011ELEPHANT-WS#011Detailed Tracking#011#011A new process has been created:     New Process ID: 3532     Image File Name: C:\WINDOWS\system32\logonui.exe     Creator Process ID: 1844     User Name: ELEPHANT-WS$     Domain: WORKGROUP     Logon ID: (0x0,0x3E7)    #011563
2011-04-26T18:52:20-06:00 dog-ws MSWinEventLog#0111#011Security#011735#011Tue Apr 26 18:52:20 2011#011861#011Security#011SYSTEM#011User#011Failure Audit#011DOG-WS#011Detailed Tracking#011#011The Windows Firewall has detected an application listening for incoming traffic.        Name: -    Path: C:\Program Files\Snare\SnareCore.exe    Process identifier: 1708    User account: SYSTEM    User domain: NT AUTHORITY    Service: Yes    RPC server: No    IP version: IPv4    IP protocol: TCP    Port number: 6161    Allowed: No    User notified: No  #011679
2011-04-26T18:55:41-06:00 elephant-ws MSWinEventLog#0111#011Security#011682#011Tue Apr 26 18:55:41 2011#011861#011Security#011SYSTEM#011User#011Failure Audit#011ELEPHANT-WS#011Detailed Tracking#011#011The Windows Firewall has detected an application listening for incoming traffic.        Name: -    Path: C:\Program Files\Snare\SnareCore.exe    Process identifier: 1456    User account: SYSTEM    User domain: NT AUTHORITY    Service: Yes    RPC server: No    IP version: IPv4    IP protocol: TCP    Port number: 6161    Allowed: No    User notified: No  #011564
2011-04-26T18:52:58-06:00 fox-ws MSWinEventLog#0111#011Security#011416#011Tue Apr 26 18:52:54 2011#0114673#011Microsoft-Windows-Security-Auditing#011FOX-WS$#011N/A#011Failure Audit#011fox-ws#011None#011#011A privileged service was called.    Subject:   Security ID:  S-1-5-18   Account Name:  FOX-WS$   Account Domain:  WORKGROUP   Logon ID:  0x3e7    Service:   Server: Security Account Manager   Service Name: Security Account Manager    Process:   Process ID: 0x1e8   Process Name: C:\Windows\System32\lsass.exe    Service Request Information:   Privileges:  SeTcbPrivilege#011259 
2011-04-26T18:52:58-06:00 fox-ws MSWinEventLog#0111#011Security#011417#011Tue Apr 26 18:52:54 2011#0114673#011Microsoft-Windows-Security-Auditing#011FOX-WS$#011N/A#011Failure Audit#011fox-ws#011None#011#011A privileged service was called.    Subject:   Security ID:  S-1-5-18   Account Name:  FOX-WS$   Account Domain:  WORKGROUP   Logon ID:  0x3e7    Service:   Server: Security Account Manager   Service Name: Security Account Manager    Process:   Process ID: 0x1e8   Process Name: C:\Windows\System32\lsass.exe    Service Request Information:   Privileges:  SeTcbPrivilege#011260 
2011-04-26T18:52:58-06:00 fox-ws MSWinEventLog#0111#011Security#011418#011Tue Apr 26 18:52:54 2011#0114673#011Microsoft-Windows-Security-Auditing#011FOX-WS$#011N/A#011Failure Audit#011fox-ws#011None#011#011A privileged service was called.    Subject:   Security ID:  S-1-5-18   Account Name:  FOX-WS$   Account Domain:  WORKGROUP   Logon ID:  0x3e7    Service:   Server: Security Account Manager   Service Name: Security Account Manager    Process:   Process ID: 0x1e8   Process Name: C:\Windows\System32\lsass.exe    Service Request Information:   Privileges:  SeTcbPrivilege#011261 
2011-04-26T18:52:58-06:00 fox-ws MSWinEventLog#0111#011Security#011419#011Tue Apr 26 18:52:54 2011#0114673#011Microsoft-Windows-Security-Auditing#011FOX-WS$#011N/A#011Failure Audit#011fox-ws#011None#011#011A privileged service was called.    Subject:   Security ID:  S-1-5-18   Account Name:  FOX-WS$   Account Domain:  WORKGROUP   Logon ID:  0x3e7    Service:   Server: Security Account Manager   Service Name: Security Account Manager    Process:   Process ID: 0x1e8   Process Name: C:\Windows\System32\lsass.exe    Service Request Information:   Privileges:  SeTcbPrivilege#011262 
2011-04-26T18:52:58-06:00 fox-ws MSWinEventLog#0111#011Security#011420#011Tue Apr 26 18:52:54 2011#0114673#011Microsoft-Windows-Security-Auditing#011FOX-WS$#011N/A#011Failure Audit#011fox-ws#011None#011#011A privileged service was called.    Subject:   Security ID:  S-1-5-18   Account Name:  FOX-WS$   Account Domain:  WORKGROUP   Logon ID:  0x3e7    Service:   Server: Security Account Manager   Service Name: Security Account Manager    Process:   Process ID: 0x1e8   Process Name: C:\Windows\System32\lsass.exe    Service Request Information:   Privileges:  SeTcbPrivilege#011263 
2011-04-26T18:52:58-06:00 fox-ws MSWinEventLog#0111#011Security#011421#011Tue Apr 26 18:52:54 2011#0114673#011Microsoft-Windows-Security-Auditing#011FOX-WS$#011N/A#011Failure Audit#011fox-ws#011None#011#011A privileged service was called.    Subject:   Security ID:  S-1-5-18   Account Name:  FOX-WS$   Account Domain:  WORKGROUP   Logon ID:  0x3e7    Service:   Server: Security Account Manager   Service Name: Security Account Manager    Process:   Process ID: 0x1e8   Process Name: C:\Windows\System32\lsass.exe    Service Request Information:   Privileges:  SeTcbPrivilege#011264 
2011-04-26T18:52:58-06:00 fox-ws MSWinEventLog#0111#011Security#011422#011Tue Apr 26 18:52:54 2011#0114673#011Microsoft-Windows-Security-Auditing#011FOX-WS$#011N/A#011Failure Audit#011fox-ws#011None#011#011A privileged service was called.    Subject:   Security ID:  S-1-5-18   Account Name:  FOX-WS$   Account Domain:  WORKGROUP   Logon ID:  0x3e7    Service:   Server: Security Account Manager   Service Name: Security Account Manager    Process:   Process ID: 0x1e8   Process Name: C:\Windows\System32\lsass.exe    Service Request Information:   Privileges:  SeTcbPrivilege#011265 
2011-04-26T18:52:58-06:00 fox-ws MSWinEventLog#0111#011Security#011423#011Tue Apr 26 18:52:54 2011#0114673#011Microsoft-Windows-Security-Auditing#011FOX-WS$#011N/A#011Failure Audit#011fox-ws#011None#011#011A privileged service was called.    Subject:   Security ID:  S-1-5-18   Account Name:  FOX-WS$   Account Domain:  WORKGROUP   Logon ID:  0x3e7    Service:   Server: Security Account Manager   Service Name: Security Account Manager    Process:   Process ID: 0x1e8   Process Name: C:\Windows\System32\lsass.exe    Service Request Information:   Privileges:  SeTcbPrivilege#011266 
2011-04-26T18:52:58-06:00 fox-ws MSWinEventLog#0111#011Security#011424#011Tue Apr 26 18:52:54 2011#0114673#011Microsoft-Windows-Security-Auditing#011FOX-WS$#011N/A#011Failure Audit#011fox-ws#011None#011#011A privileged service was called.    Subject:   Security ID:  S-1-5-18   Account Name:  FOX-WS$   Account Domain:  WORKGROUP   Logon ID:  0x3e7    Service:   Server: Security Account Manager   Service Name: Security Account Manager    Process:   Process ID: 0x1e8   Process Name: C:\Windows\System32\lsass.exe    Service Request Information:   Privileges:  SeTcbPrivilege#011267 
2011-04-26T18:52:58-06:00 fox-ws MSWinEventLog#0111#011Security#011425#011Tue Apr 26 18:52:54 2011#0114673#011Microsoft-Windows-Security-Auditing#011FOX-WS$#011N/A#011Failure Audit#011fox-ws#011None#011#011A privileged service was called.    Subject:   Security ID:  S-1-5-18   Account Name:  FOX-WS$   Account Domain:  WORKGROUP   Logon ID:  0x3e7    Service:   Server: Security Account Manager   Service Name: Security Account Manager    Process:   Process ID: 0x1e8   Process Name: C:\Windows\System32\lsass.exe    Service Request Information:   Privileges:  SeTcbPrivilege#011268 
2011-04-26T18:52:58-06:00 fox-ws MSWinEventLog#0111#011Security#011426#011Tue Apr 26 18:52:54 2011#0114673#011Microsoft-Windows-Security-Auditing#011FOX-WS$#011N/A#011Failure Audit#011fox-ws#011None#011#011A privileged service was called.    Subject:   Security ID:  S-1-5-18   Account Name:  FOX-WS$   Account Domain:  WORKGROUP   Logon ID:  0x3e7    Service:   Server: Security Account Manager   Service Name: Security Account Manager    Process:   Process ID: 0x1e8   Process Name: C:\Windows\System32\lsass.exe    Service Request Information:   Privileges:  SeTcbPrivilege#011269 
2011-04-26T18:52:58-06:00 fox-ws MSWinEventLog#0111#011Security#011427#011Tue Apr 26 18:52:54 2011#0114673#011Microsoft-Windows-Security-Auditing#011FOX-WS$#011N/A#011Failure Audit#011fox-ws#011None#011#011A privileged service was called.    Subject:   Security ID:  S-1-5-18   Account Name:  FOX-WS$   Account Domain:  WORKGROUP   Logon ID:  0x3e7    Service:   Server: Security Account Manager   Service Name: Security Account Manager    Process:   Process ID: 0x1e8   Process Name: C:\Windows\System32\lsass.exe    Service Request Information:   Privileges:  SeTcbPrivilege#011270 
2011-04-26T18:52:58-06:00 fox-ws MSWinEventLog#0111#011Security#011428#011Tue Apr 26 18:52:54 2011#0114673#011Microsoft-Windows-Security-Auditing#011FOX-WS$#011N/A#011Failure Audit#011fox-ws#011None#011#011A privileged service was called.    Subject:   Security ID:  S-1-5-18   Account Name:  FOX-WS$   Account Domain:  WORKGROUP   Logon ID:  0x3e7    Service:   Server: Security Account Manager   Service Name: Security Account Manager    Process:   Process ID: 0x1e8   Process Name: C:\Windows\System32\lsass.exe    Service Request Information:   Privileges:  SeTcbPrivilege#011271 
2011-04-26T18:52:58-06:00 fox-ws MSWinEventLog#0111#011Security#011429#011Tue Apr 26 18:52:54 2011#0114673#011Microsoft-Windows-Security-Auditing#011FOX-WS$#011N/A#011Failure Audit#011fox-ws#011None#011#011A privileged service was called.    Subject:   Security ID:  S-1-5-18   Account Name:  FOX-WS$   Account Domain:  WORKGROUP   Logon ID:  0x3e7    Service:   Server: Security Account Manager   Service Name: Security Account Manager    Process:   Process ID: 0x1e8   Process Name: C:\Windows\System32\lsass.exe    Service Request Information:   Privileges:  SeTcbPrivilege#011272 
2011-04-26T18:52:58-06:00 fox-ws MSWinEventLog#0111#011Security#011430#011Tue Apr 26 18:52:54 2011#0114673#011Microsoft-Windows-Security-Auditing#011FOX-WS$#011N/A#011Failure Audit#011fox-ws#011None#011#011A privileged service was called.    Subject:   Security ID:  S-1-5-18   Account Name:  FOX-WS$   Account Domain:  WORKGROUP   Logon ID:  0x3e7    Service:   Server: Security Account Manager   Service Name: Security Account Manager    Process:   Process ID: 0x1e8   Process Name: C:\Windows\System32\lsass.exe    Service Request Information:   Privileges:  SeTcbPrivilege#011273 
2011-04-26T18:52:58-06:00 fox-ws MSWinEventLog#0111#011Security#011431#011Tue Apr 26 18:52:54 2011#0114673#011Microsoft-Windows-Security-Auditing#011FOX-WS$#011N/A#011Failure Audit#011fox-ws#011None#011#011A privileged service was called.    Subject:   Security ID:  S-1-5-18   Account Name:  FOX-WS$   Account Domain:  WORKGROUP   Logon ID:  0x3e7    Service:   Server: Security Account Manager   Service Name: Security Account Manager    Process:   Process ID: 0x1e8   Process Name: C:\Windows\System32\lsass.exe    Service Request Information:   Privileges:  SeTcbPrivilege#011274 
2011-04-26T18:52:58-06:00 fox-ws MSWinEventLog#0111#011Security#011432#011Tue Apr 26 18:52:55 2011#0114673#011Microsoft-Windows-Security-Auditing#011FOX-WS$#011N/A#011Failure Audit#011fox-ws#011None#011#011A privileged service was called.    Subject:   Security ID:  S-1-5-18   Account Name:  FOX-WS$   Account Domain:  WORKGROUP   Logon ID:  0x3e7    Service:   Server: Security Account Manager   Service Name: Security Account Manager    Process:   Process ID: 0x1e8   Process Name: C:\Windows\System32\lsass.exe    Service Request Information:   Privileges:  SeTcbPrivilege#011275 
2011-04-26T18:52:58-06:00 fox-ws MSWinEventLog#0111#011Security#011433#011Tue Apr 26 18:52:55 2011#0114673#011Microsoft-Windows-Security-Auditing#011FOX-WS$#011N/A#011Failure Audit#011fox-ws#011None#011#011A privileged service was called.    Subject:   Security ID:  S-1-5-18   Account Name:  FOX-WS$   Account Domain:  WORKGROUP   Logon ID:  0x3e7    Service:   Server: Security Account Manager   Service Name: Security Account Manager    Process:   Process ID: 0x1e8   Process Name: C:\Windows\System32\lsass.exe    Service Request Information:   Privileges:  SeTcbPrivilege#011276 
2011-04-26T18:52:58-06:00 fox-ws MSWinEventLog#0111#011Security#011434#011Tue Apr 26 18:52:55 2011#0114673#011Microsoft-Windows-Security-Auditing#011FOX-WS$#011N/A#011Failure Audit#011fox-ws#011None#011#011A privileged service was called.    Subject:   Security ID:  S-1-5-18   Account Name:  FOX-WS$   Account Domain:  WORKGROUP   Logon ID:  0x3e7    Service:   Server: Security Account Manager   Service Name: Security Account Manager    Process:   Process ID: 0x1e8   Process Name: C:\Windows\System32\lsass.exe    Service Request Information:   Privileges:  SeTcbPrivilege#011277 
2011-04-26T18:52:58-06:00 fox-ws MSWinEventLog#0111#011Security#011435#011Tue Apr 26 18:52:55 2011#0114673#011Microsoft-Windows-Security-Auditing#011FOX-WS$#011N/A#011Failure Audit#011fox-ws#011None#011#011A privileged service was called.    Subject:   Security ID:  S-1-5-18   Account Name:  FOX-WS$   Account Domain:  WORKGROUP   Logon ID:  0x3e7    Service:   Server: Security Account Manager   Service Name: Security Account Manager    Process:   Process ID: 0x1e8   Process Name: C:\Windows\System32\lsass.exe    Service Request Information:   Privileges:  SeTcbPrivilege#011278 
2011-04-26T18:52:58-06:00 fox-ws MSWinEventLog#0111#011Security#011436#011Tue Apr 26 18:52:55 2011#0114673#011Microsoft-Windows-Security-Auditing#011FOX-WS$#011N/A#011Failure Audit#011fox-ws#011None#011#011A privileged service was called.    Subject:   Security ID:  S-1-5-18   Account Name:  FOX-WS$   Account Domain:  WORKGROUP   Logon ID:  0x3e7    Service:   Server: Security Account Manager   Service Name: Security Account Manager    Process:   Process ID: 0x1e8   Process Name: C:\Windows\System32\lsass.exe    Service Request Information:   Privileges:  SeTcbPrivilege#011279 
2011-04-26T18:55:56-06:00 fox-ws MSWinEventLog#0111#011Security#011437#011Tue Apr 26 18:55:52 2011#0114673#011Microsoft-Windows-Security-Auditing#011FOX-WS$#011N/A#011Failure Audit#011fox-ws#011None#011#011A privileged service was called.    Subject:   Security ID:  S-1-5-18   Account Name:  FOX-WS$   Account Domain:  WORKGROUP   Logon ID:  0x3e7    Service:   Server: Security Account Manager   Service Name: Security Account Manager    Process:   Process ID: 0x1e8   Process Name: C:\Windows\System32\lsass.exe    Service Request Information:   Privileges:  SeTcbPrivilege#011280 
2011-04-26T18:55:56-06:00 fox-ws MSWinEventLog#0111#011Security#011438#011Tue Apr 26 18:55:52 2011#0114673#011Microsoft-Windows-Security-Auditing#011FOX-WS$#011N/A#011Failure Audit#011fox-ws#011None#011#011A privileged service was called.    Subject:   Security ID:  S-1-5-18   Account Name:  FOX-WS$   Account Domain:  WORKGROUP   Logon ID:  0x3e7    Service:   Server: Security Account Manager   Service Name: Security Account Manager    Process:   Process ID: 0x1e8   Process Name: C:\Windows\System32\lsass.exe    Service Request Information:   Privileges:  SeTcbPrivilege#011281 
2011-04-26T18:55:56-06:00 fox-ws MSWinEventLog#0111#011Security#011439#011Tue Apr 26 18:55:52 2011#0114673#011Microsoft-Windows-Security-Auditing#011FOX-WS$#011N/A#011Failure Audit#011fox-ws#011None#011#011A privileged service was called.    Subject:   Security ID:  S-1-5-18   Account Name:  FOX-WS$   Account Domain:  WORKGROUP   Logon ID:  0x3e7    Service:   Server: Security Account Manager   Service Name: Security Account Manager    Process:   Process ID: 0x1e8   Process Name: C:\Windows\System32\lsass.exe    Service Request Information:   Privileges:  SeTcbPrivilege#011282 
2011-04-26T18:56:00-06:00 fox-ws MSWinEventLog#0111#011Security#011440#011Tue Apr 26 18:55:57 2011#0114673#011Microsoft-Windows-Security-Auditing#011FOX-WS$#011N/A#011Failure Audit#011fox-ws#011None#011#011A privileged service was called.    Subject:   Security ID:  S-1-5-18   Account Name:  FOX-WS$   Account Domain:  WORKGROUP   Logon ID:  0x3e7    Service:   Server: Security Account Manager   Service Name: Security Account Manager    Process:   Process ID: 0x1e8   Process Name: C:\Windows\System32\lsass.exe    Service Request Information:   Privileges:  SeTcbPrivilege#011283 
2011-04-26T18:56:00-06:00 fox-ws MSWinEventLog#0111#011Security#011441#011Tue Apr 26 18:55:57 2011#0114776#011Microsoft-Windows-Security-Auditing#011bob#011N/A#011Failure Audit#011fox-ws#011None#011#011The computer attempted to validate the credentials for an account.    Authentication Package: MICROSOFT_AUTHENTICATION_PACKAGE_V1_0  Logon Account: bob  Source Workstation: FOX-WS  Error Code: 0xc000006a#011284 
2011-04-26T18:56:00-06:00 fox-ws MSWinEventLog#0111#011Security#011442#011Tue Apr 26 18:55:57 2011#0114625#011Microsoft-Windows-Security-Auditing#011bob#011N/A#011Failure Audit#011fox-ws#011None#011#011An account failed to log on.    Subject:   Security ID:  S-1-5-18   Account Name:  FOX-WS$   Account Domain:  WORKGROUP   Logon ID:  0x3e7    Logon Type:   2    Account For Which Logon Failed:   Security ID:  S-1-0-0   Account Name:  bob   Account Domain:  FOX-WS    Failure Information:   Failure Reason:  Unknown user name or bad password.   Status:   0xc000006d   Sub Status:  0xc000006a    Process Information:   Caller Process ID: 0xae4   Caller Process Name: C:\Windows\System32\winlogon.exe    Network Information:   Workstation Name: FOX-WS   Source Network Address: 127.0.0.1   Source Port:  0    Detailed Authentication Information:   Logon Process:  User32    Authentication Package: Negotiate   Transited Services: -   Package Name (NTLM only): -   Key Length:  0    This event is generated when a logon request fails. It is generated on the computer where access was attempted.    The Subject fields indicate the account on the local system which requested the logon. This is most commonly a service such as the Server service, or a local process such as Winlogon.exe or Services.exe.    The Logon Type field indicates the kind of logon that was requested. The most common types are 2 (interactive) and 3 (network).    The Process Information fields indicate which account and process on the system requested the logon.    The Network Information fields indicate where a remote logon request originated. Workstation name is not always available and may be left blank in some cases.    The authentication information fields provide detailed information about this specific logon request.   - Transited services indicate which intermediate services have participated in this logon request.   - Package name indicates which sub-protocol was used among the NTLM protocols.   - Key length indicates the length of the generated session key. Thi
2011-04-26T18:56:02-06:00 fox-ws MSWinEventLog#0111#011Security#011443#011Tue Apr 26 18:55:58 2011#0114673#011Microsoft-Windows-Security-Auditing#011FOX-WS$#011N/A#011Failure Audit#011fox-ws#011None#011#011A privileged service was called.    Subject:   Security ID:  S-1-5-18   Account Name:  FOX-WS$   Account Domain:  WORKGROUP   Logon ID:  0x3e7    Service:   Server: Security Account Manager   Service Name: Security Account Manager    Process:   Process ID: 0x1e8   Process Name: C:\Windows\System32\lsass.exe    Service Request Information:   Privileges:  SeTcbPrivilege#011286 
2011-04-26T18:56:02-06:00 fox-ws MSWinEventLog#0111#011Security#011444#011Tue Apr 26 18:55:59 2011#0114673#011Microsoft-Windows-Security-Auditing#011FOX-WS$#011N/A#011Failure Audit#011fox-ws#011None#011#011A privileged service was called.    Subject:   Security ID:  S-1-5-18   Account Name:  FOX-WS$   Account Domain:  WORKGROUP   Logon ID:  0x3e7    Service:   Server: Security Account Manager   Service Name: Security Account Manager    Process:   Process ID: 0x1e8   Process Name: C:\Windows\System32\lsass.exe    Service Request Information:   Privileges:  SeTcbPrivilege#011287 
2011-04-26T18:56:04-06:00 fox-ws MSWinEventLog#0111#011Security#011445#011Tue Apr 26 18:56:02 2011#0114673#011Microsoft-Windows-Security-Auditing#011FOX-WS$#011N/A#011Failure Audit#011fox-ws#011None#011#011A privileged service was called.    Subject:   Security ID:  S-1-5-18   Account Name:  FOX-WS$   Account Domain:  WORKGROUP   Logon ID:  0x3e7    Service:   Server: Security Account Manager   Service Name: Security Account Manager    Process:   Process ID: 0x1e8   Process Name: C:\Windows\System32\lsass.exe    Service Request Information:   Privileges:  SeTcbPrivilege#011288 
2011-04-26T18:56:04-06:00 fox-ws MSWinEventLog#0111#011Security#011446#011Tue Apr 26 18:56:02 2011#0114776#011Microsoft-Windows-Security-Auditing#011bob#011N/A#011Success Audit#011fox-ws#011None#011#011The computer attempted to validate the credentials for an account.    Authentication Package: MICROSOFT_AUTHENTICATION_PACKAGE_V1_0  Logon Account: bob  Source Workstation: FOX-WS  Error Code: 0x0#011289 
2011-04-26T18:56:04-06:00 fox-ws MSWinEventLog#0111#011Security#011447#011Tue Apr 26 18:56:02 2011#0114648#011Microsoft-Windows-Security-Auditing#011bob#011N/A#011Success Audit#011fox-ws#011None#011#011A logon was attempted using explicit credentials.    Subject:   Security ID:  S-1-5-18   Account Name:  FOX-WS$   Account Domain:  WORKGROUP   Logon ID:  0x3e7   Logon GUID:  {00000000-0000-0000-0000-000000000000}    Account Whose Credentials Were Used:   Account Name:  bob   Account Domain:  fox-ws   Logon GUID:  {00000000-0000-0000-0000-000000000000}    Target Server:   Target Server Name: localhost   Additional Information: localhost    Process Information:   Process ID:  0xae4   Process Name:  C:\Windows\System32\winlogon.exe    Network Information:   Network Address: 127.0.0.1   Port:   0    This event is generated when a process attempts to log on an account by explicitly specifying that account’s credentials.  This most commonly occurs in batch-type configurations such as scheduled tasks, or when using the RUNAS command.#011290 
2011-04-26T18:56:04-06:00 fox-ws MSWinEventLog#0111#011Security#011448#011Tue Apr 26 18:56:02 2011#0114624#011Microsoft-Windows-Security-Auditing#011bob#011N/A#011Success Audit#011fox-ws#011None#011#011An account was successfully logged on.    Subject:   Security ID:  S-1-5-18   Account Name:  FOX-WS$   Account Domain:  WORKGROUP   Logon ID:  0x3e7    Logon Type:   2    New Logon:   Security ID:  S-1-5-21-29357171-1333843320-2140510157-1002   Account Name:  bob   Account Domain:  fox-ws   Logon ID:  0x66cee   Logon GUID:  {00000000-0000-0000-0000-000000000000}    Process Information:   Process ID:  0xae4   Process Name:  C:\Windows\System32\winlogon.exe    Network Information:   Workstation Name: FOX-WS   Source Network Address: 127.0.0.1   Source Port:  0    Detailed Authentication Information:   Logon Process:  User32    Authentication Package: Negotiate   Transited Services: -   Package Name (NTLM only): -   Key Length:  0    This event is generated when a logon session is created. It is generated on the computer that was accessed.    The subject fields indicate the account on the local system which requested the logon. This is most commonly a service such as the Server service, or a local process such as Winlogon.exe or Services.exe.    The logon type field indicates the kind of logon that occurred. The most common types are 2 (interactive) and 3 (network).    The New Logon fields indicate the account for whom the new logon was created, i.e. the account that was logged on.    The network fields indicate where a remote logon request originated. Workstation name is not always available and may be left blank in some cases.    The authentication information fields provide detailed information about this specific logon request.   - Logon GUID is a unique identifier that can be used to correlate this event with a KDC event.   - Transited services indicate which intermediate services have participated in this logon request.   - Package name indicates which sub-protocol was used among the NTLM protocols.   - Key length in
2011-04-26T18:56:04-06:00 fox-ws MSWinEventLog#0111#011Security#011449#011Tue Apr 26 18:56:02 2011#0114624#011Microsoft-Windows-Security-Auditing#011bob#011N/A#011Success Audit#011fox-ws#011None#011#011An account was successfully logged on.    Subject:   Security ID:  S-1-5-18   Account Name:  FOX-WS$   Account Domain:  WORKGROUP   Logon ID:  0x3e7    Logon Type:   2    New Logon:   Security ID:  S-1-5-21-29357171-1333843320-2140510157-1002   Account Name:  bob   Account Domain:  fox-ws   Logon ID:  0x66d06   Logon GUID:  {00000000-0000-0000-0000-000000000000}    Process Information:   Process ID:  0xae4   Process Name:  C:\Windows\System32\winlogon.exe    Network Information:   Workstation Name: FOX-WS   Source Network Address: 127.0.0.1   Source Port:  0    Detailed Authentication Information:   Logon Process:  User32    Authentication Package: Negotiate   Transited Services: -   Package Name (NTLM only): -   Key Length:  0    This event is generated when a logon session is created. It is generated on the computer that was accessed.    The subject fields indicate the account on the local system which requested the logon. This is most commonly a service such as the Server service, or a local process such as Winlogon.exe or Services.exe.    The logon type field indicates the kind of logon that occurred. The most common types are 2 (interactive) and 3 (network).    The New Logon fields indicate the account for whom the new logon was created, i.e. the account that was logged on.    The network fields indicate where a remote logon request originated. Workstation name is not always available and may be left blank in some cases.    The authentication information fields provide detailed information about this specific logon request.   - Logon GUID is a unique identifier that can be used to correlate this event with a KDC event.   - Transited services indicate which intermediate services have participated in this logon request.   - Package name indicates which sub-protocol was used among the NTLM protocols.   - Key length in
2011-04-26T18:56:04-06:00 fox-ws MSWinEventLog#0111#011Security#011450#011Tue Apr 26 18:56:02 2011#0114672#011Microsoft-Windows-Security-Auditing#011bob#011N/A#011Success Audit#011fox-ws#011None#011#011Special privileges assigned to new logon.    Subject:   Security ID:  S-1-5-21-29357171-1333843320-2140510157-1002   Account Name:  bob   Account Domain:  fox-ws   Logon ID:  0x66cee    Privileges:  SeSecurityPrivilege     SeTakeOwnershipPrivilege     SeLoadDriverPrivilege     SeBackupPrivilege     SeRestorePrivilege     SeDebugPrivilege     SeSystemEnvironmentPrivilege     SeImpersonatePrivilege#011293 
2011-04-26T18:56:06-06:00 fox-ws MSWinEventLog#0111#011Security#011451#011Tue Apr 26 18:56:02 2011#0114673#011Microsoft-Windows-Security-Auditing#011FOX-WS$#011N/A#011Failure Audit#011fox-ws#011None#011#011A privileged service was called.    Subject:   Security ID:  S-1-5-18   Account Name:  FOX-WS$   Account Domain:  WORKGROUP   Logon ID:  0x3e7    Service:   Server: Security Account Manager   Service Name: Security Account Manager    Process:   Process ID: 0x1e8   Process Name: C:\Windows\System32\lsass.exe    Service Request Information:   Privileges:  SeTcbPrivilege#011294 
2011-04-26T18:56:06-06:00 fox-ws MSWinEventLog#0111#011Security#011452#011Tue Apr 26 18:56:02 2011#0114778#011Microsoft-Windows-Security-Auditing#011N/A#011N/A#011Success Audit#011fox-ws#011None#011#011A session was reconnected to a Window Station.    Subject:   Account Name:  bob   Account Domain:  fox-ws   Logon ID:  0x2ddf0    Session:   Session Name:  Console    Additional Information:   Client Name:  Unknown   Client Address:  LOCAL    This event is generated when a user reconnects to an existing Terminal Services session, or when a user switches to an existing desktop using Fast User Switching.#011295 
2011-04-26T18:56:06-06:00 fox-ws MSWinEventLog#0111#011Security#011453#011Tue Apr 26 18:56:03 2011#0114673#011Microsoft-Windows-Security-Auditing#011bob#011N/A#011Failure Audit#011fox-ws#011None#011#011A privileged service was called.    Subject:   Security ID:  S-1-5-21-29357171-1333843320-2140510157-1002   Account Name:  bob   Account Domain:  fox-ws   Logon ID:  0x2ddf0    Service:   Server: Security Account Manager   Service Name: Security Account Manager    Process:   Process ID: 0x1e8   Process Name: C:\Windows\System32\lsass.exe    Service Request Information:   Privileges:  SeTcbPrivilege#011296 
2011-04-26T18:56:08-06:00 fox-ws MSWinEventLog#0111#011Security#011454#011Tue Apr 26 18:56:05 2011#0114673#011Microsoft-Windows-Security-Auditing#011bob#011N/A#011Failure Audit#011fox-ws#011None#011#011A privileged service was called.    Subject:   Security ID:  S-1-5-21-29357171-1333843320-2140510157-1002   Account Name:  bob   Account Domain:  fox-ws   Logon ID:  0x2ddf0    Service:   Server: Security Account Manager   Service Name: Security Account Manager    Process:   Process ID: 0x1e8   Process Name: C:\Windows\System32\lsass.exe    Service Request Information:   Privileges:  SeTcbPrivilege#011297 
2011-04-26T18:56:08-06:00 fox-ws MSWinEventLog#0111#011Security#011455#011Tue Apr 26 18:56:05 2011#0114634#011Microsoft-Windows-Security-Auditing#011bob#011N/A#011Success Audit#011fox-ws#011None#011#011An account was logged off.    Subject:   Security ID:  S-1-5-21-29357171-1333843320-2140510157-1002   Account Name:  bob   Account Domain:  fox-ws   Logon ID:  0x66d06    Logon Type:   2    This event is generated when a logon session is destroyed. It may be positively correlated with a logon event using the Logon ID value. Logon IDs are only unique between reboots on the same computer.#011298 
2011-04-26T18:56:08-06:00 fox-ws MSWinEventLog#0111#011Security#011456#011Tue Apr 26 18:56:05 2011#0114634#011Microsoft-Windows-Security-Auditing#011bob#011N/A#011Success Audit#011fox-ws#011None#011#011An account was logged off.    Subject:   Security ID:  S-1-5-21-29357171-1333843320-2140510157-1002   Account Name:  bob   Account Domain:  fox-ws   Logon ID:  0x66cee    Logon Type:   2    This event is generated when a logon session is destroyed. It may be positively correlated with a logon event using the Logon ID value. Logon IDs are only unique between reboots on the same computer.#011299 
2011-04-26T18:56:08-06:00 fox-ws MSWinEventLog#0110#011Security#011457#011Tue Apr 26 18:56:05 2011#0114689#011Microsoft-Windows-Security-Auditing#011FOX-WS$#011N/A#011Success Audit#011fox-ws#011None#011#011A process has exited.    Subject:   Security ID:  S-1-5-18   Account Name:  FOX-WS$   Account Domain:  WORKGROUP   Logon ID:  0x3e7    Process Information:   Process ID: 0xb08   Process Name: C:\Windows\System32\LogonUI.exe   Exit Status: 0x0#011300 
2011-04-26T18:56:08-06:00 fox-ws MSWinEventLog#0110#011Security#011458#011Tue Apr 26 18:56:05 2011#0114689#011Microsoft-Windows-Security-Auditing#011FOX-WS$#011N/A#011Success Audit#011fox-ws#011None#011#011A process has exited.    Subject:   Security ID:  S-1-5-18   Account Name:  FOX-WS$   Account Domain:  WORKGROUP   Logon ID:  0x3e7    Process Information:   Process ID: 0xae4   Process Name: C:\Windows\System32\winlogon.exe   Exit Status: 0x0#011301 
2011-04-26T18:56:08-06:00 fox-ws MSWinEventLog#0110#011Security#011459#011Tue Apr 26 18:56:06 2011#0114689#011Microsoft-Windows-Security-Auditing#011FOX-WS$#011N/A#011Success Audit#011fox-ws#011None#011#011A process has exited.    Subject:   Security ID:  S-1-5-18   Account Name:  FOX-WS$   Account Domain:  WORKGROUP   Logon ID:  0x3e7    Process Information:   Process ID: 0xacc   Process Name: C:\Windows\System32\csrss.exe   Exit Status: 0x0#011302 
2011-04-26T18:56:18-06:00 fox-ws MSWinEventLog#0111#011System#011460#011Tue Apr 26 18:56:15 2011#0117036#011Service Control Manager#011N/A#011N/A#011Information#011fox-ws#011None#011#011The Multimedia Class Scheduler service entered the running state.#011134 
2011-04-26T18:56:18-06:00 fox-ws MSWinEventLog#0110#011Security#011461#011Tue Apr 26 18:56:15 2011#0114688#011Microsoft-Windows-Security-Auditing#011LOCAL SERVICE#011N/A#011Success Audit#011fox-ws#011None#011#011A new process has been created.    Subject:   Security ID:  S-1-5-19   Account Name:  LOCAL SERVICE   Account Domain:  NT AUTHORITY   Logon ID:  0x3e5    Process Information:   New Process ID:  0x708   New Process Name: C:\Windows\System32\audiodg.exe   Token Elevation Type: TokenElevationTypeDefault (1)   Creator Process ID: 0x2d8    Token Elevation Type indicates the type of token that was assigned to the new process in accordance with User Account Control policy.    Type 1 is a full token with no privileges removed or groups disabled.  A full token is only used if User Account Control is disabled or if the user is the built-in Administrator account or a service account.    Type 2 is an elevated token with no privileges removed or groups disabled.  An elevated token is used when User Account Control is enabled and the user chooses to start the program using Run as administrator.  An elevated token is also used when an application is configured to always require administrative privilege or to always require maximum privilege, and the user is a member of the Administrators group.    Type 3 is a limited token with administrative privileges removed and administrative groups disabled.  The limited token is used when User Account Control is enabled, the application does not require administrative privilege, and the user does not choose to start the program using Run as administrator.#011303 
2011-04-26T18:56:18-06:00 fox-ws MSWinEventLog#0111#011Security#011462#011Tue Apr 26 18:56:15 2011#0114673#011Microsoft-Windows-Security-Auditing#011LOCAL SERVICE#011N/A#011Success Audit#011fox-ws#011None#011#011A privileged service was called.    Subject:   Security ID:  S-1-5-19   Account Name:  LOCAL SERVICE   Account Domain:  NT AUTHORITY   Logon ID:  0x3e5    Service:   Server: Security   Service Name: PsWorkingSetAdjust    Process:   Process ID: 0x708   Process Name: C:\Windows\System32\audiodg.exe    Service Request Information:   Privileges:  SeIncreaseWorkingSetPrivilege#011304 
2011-04-26T18:56:18-06:00 fox-ws MSWinEventLog#0111#011Security#011463#011Tue Apr 26 18:56:15 2011#0114673#011Microsoft-Windows-Security-Auditing#011LOCAL SERVICE#011N/A#011Success Audit#011fox-ws#011None#011#011A privileged service was called.    Subject:   Security ID:  S-1-5-19   Account Name:  LOCAL SERVICE   Account Domain:  NT AUTHORITY   Logon ID:  0x3e5    Service:   Server: Security   Service Name: PsWorkingSetAdjust    Process:   Process ID: 0x708   Process Name: C:\Windows\System32\audiodg.exe    Service Request Information:   Privileges:  SeIncreaseWorkingSetPrivilege#011305 
2011-04-26T18:56:20-06:00 fox-ws MSWinEventLog#0110#011Security#011464#011Tue Apr 26 18:56:16 2011#0114688#011Microsoft-Windows-Security-Auditing#011FOX-WS$#011N/A#011Success Audit#011fox-ws#011None#011#011A new process has been created.    Subject:   Security ID:  S-1-5-18   Account Name:  FOX-WS$   Account Domain:  WORKGROUP   Logon ID:  0x3e7    Process Information:   New Process ID:  0x4b8   New Process Name: C:\Windows\System32\SearchProtocolHost.exe   Token Elevation Type: TokenElevationTypeLimited (3)   Creator Process ID: 0x7d4    Token Elevation Type indicates the type of token that was assigned to the new process in accordance with User Account Control policy.    Type 1 is a full token with no privileges removed or groups disabled.  A full token is only used if User Account Control is disabled or if the user is the built-in Administrator account or a service account.    Type 2 is an elevated token with no privileges removed or groups disabled.  An elevated token is used when User Account Control is enabled and the user chooses to start the program using Run as administrator.  An elevated token is also used when an application is configured to always require administrative privilege or to always require maximum privilege, and the user is a member of the Administrators group.    Type 3 is a limited token with administrative privileges removed and administrative groups disabled.  The limited token is used when User Account Control is enabled, the application does not require administrative privilege, and the user does not choose to start the program using Run as administrator.#011306 
2011-04-26T18:56:20-06:00 fox-ws MSWinEventLog#0110#011Security#011465#011Tue Apr 26 18:56:17 2011#0114688#011Microsoft-Windows-Security-Auditing#011FOX-WS$#011N/A#011Success Audit#011fox-ws#011None#011#011A new process has been created.    Subject:   Security ID:  S-1-5-18   Account Name:  FOX-WS$   Account Domain:  WORKGROUP   Logon ID:  0x3e7    Process Information:   New Process ID:  0x624   New Process Name: C:\Windows\System32\SearchFilterHost.exe   Token Elevation Type: TokenElevationTypeDefault (1)   Creator Process ID: 0x7d4    Token Elevation Type indicates the type of token that was assigned to the new process in accordance with User Account Control policy.    Type 1 is a full token with no privileges removed or groups disabled.  A full token is only used if User Account Control is disabled or if the user is the built-in Administrator account or a service account.    Type 2 is an elevated token with no privileges removed or groups disabled.  An elevated token is used when User Account Control is enabled and the user chooses to start the program using Run as administrator.  An elevated token is also used when an application is configured to always require administrative privilege or to always require maximum privilege, and the user is a member of the Administrators group.    Type 3 is a limited token with administrative privileges removed and administrative groups disabled.  The limited token is used when User Account Control is enabled, the application does not require administrative privilege, and the user does not choose to start the program using Run as administrator.#011307 
2011-04-26T18:56:24-06:00 fox-ws MSWinEventLog#0110#011Security#011466#011Tue Apr 26 18:56:21 2011#0114688#011Microsoft-Windows-Security-Auditing#011FOX-WS$#011N/A#011Success Audit#011fox-ws#011None#011#011A new process has been created.    Subject:   Security ID:  S-1-5-18   Account Name:  FOX-WS$   Account Domain:  WORKGROUP   Logon ID:  0x3e7    Process Information:   New Process ID:  0xbc8   New Process Name: C:\Windows\System32\wuauclt.exe   Token Elevation Type: TokenElevationTypeLimited (3)   Creator Process ID: 0x384    Token Elevation Type indicates the type of token that was assigned to the new process in accordance with User Account Control policy.    Type 1 is a full token with no privileges removed or groups disabled.  A full token is only used if User Account Control is disabled or if the user is the built-in Administrator account or a service account.    Type 2 is an elevated token with no privileges removed or groups disabled.  An elevated token is used when User Account Control is enabled and the user chooses to start the program using Run as administrator.  An elevated token is also used when an application is configured to always require administrative privilege or to always require maximum privilege, and the user is a member of the Administrators group.    Type 3 is a limited token with administrative privileges removed and administrative groups disabled.  The limited token is used when User Account Control is enabled, the application does not require administrative privilege, and the user does not choose to start the program using Run as administrator.#011308 
2011-04-26T18:56:32-06:00 fox-ws MSWinEventLog#0110#011Security#011467#011Tue Apr 26 18:56:31 2011#0114689#011Microsoft-Windows-Security-Auditing#011bob#011N/A#011Success Audit#011fox-ws#011None#011#011A process has exited.    Subject:   Security ID:  S-1-5-21-29357171-1333843320-2140510157-1002   Account Name:  bob   Account Domain:  fox-ws   Logon ID:  0x2ddf0    Process Information:   Process ID: 0xa34   Process Name: C:\Program Files\Internet Explorer\iexplore.exe   Exit Status: 0x0#011309 
2011-04-26T18:56:32-06:00 fox-ws MSWinEventLog#0110#011Security#011468#011Tue Apr 26 18:56:31 2011#0114689#011Microsoft-Windows-Security-Auditing#011bob#011N/A#011Success Audit#011fox-ws#011None#011#011A process has exited.    Subject:   Security ID:  S-1-5-21-29357171-1333843320-2140510157-1002   Account Name:  bob   Account Domain:  fox-ws   Logon ID:  0x2ddf0    Process Information:   Process ID: 0x960   Process Name: C:\Program Files\Internet Explorer\iexplore.exe   Exit Status: 0x0#011310 
2011-04-26T18:56:32-06:00 fox-ws MSWinEventLog#0110#011Security#011469#011Tue Apr 26 18:56:31 2011#0114689#011Microsoft-Windows-Security-Auditing#011bob#011N/A#011Success Audit#011fox-ws#011None#011#011A process has exited.    Subject:   Security ID:  S-1-5-21-29357171-1333843320-2140510157-1002   Account Name:  bob   Account Domain:  fox-ws   Logon ID:  0x2ddf0    Process Information:   Process ID: 0x8f4   Process Name: C:\Program Files\Internet Explorer\iexplore.exe   Exit Status: 0x1#011311 
2011-04-26T18:56:34-06:00 fox-ws MSWinEventLog#0111#011System#011470#011Tue Apr 26 18:56:33 2011#0111074#011USER32#011S-1-5-21-29357171-1333843320-2140510157-1002#011N/A#011Information#011fox-ws#011None#011#011The process Explorer.EXE has initiated the power off of computer FOX-WS on behalf of user fox-ws\bob for the following reason: Other (Unplanned)   Reason Code: 0x0   Shutdown Type: power off   Comment: #011135 
2011-04-26T18:56:34-06:00 fox-ws MSWinEventLog#0111#011Security#011471#011Tue Apr 26 18:56:33 2011#0114674#011Microsoft-Windows-Security-Auditing#011bob#011N/A#011Success Audit#011fox-ws#011None#011#011An operation was attempted on a privileged object.    Subject:   Security ID:  S-1-5-21-29357171-1333843320-2140510157-1002   Account Name:  bob   Account Domain:  fox-ws   Logon ID:  0x2ddf0    Object:   Object Server: Security   Object Type: -   Object Name: -   Object Handle: 0x0    Process Information:   Process ID: 0x194   Process Name: C:\Windows\System32\csrss.exe    Requested Operation:   Desired Access: 0   Privileges:  SeShutdownPrivilege#011312 
2011-04-26T18:56:34-06:00 fox-ws MSWinEventLog#0110#011Security#011472#011Tue Apr 26 18:56:33 2011#0114688#011Microsoft-Windows-Security-Auditing#011FOX-WS$#011N/A#011Success Audit#011fox-ws#011None#011#011A new process has been created.    Subject:   Security ID:  S-1-5-18   Account Name:  FOX-WS$   Account Domain:  WORKGROUP   Logon ID:  0x3e7    Process Information:   New Process ID:  0x36c   New Process Name: C:\Windows\System32\LogonUI.exe   Token Elevation Type: TokenElevationTypeDefault (1)   Creator Process ID: 0x1bc    Token Elevation Type indicates the type of token that was assigned to the new process in accordance with User Account Control policy.    Type 1 is a full token with no privileges removed or groups disabled.  A full token is only used if User Account Control is disabled or if the user is the built-in Administrator account or a service account.    Type 2 is an elevated token with no privileges removed or groups disabled.  An elevated token is used when User Account Control is enabled and the user chooses to start the program using Run as administrator.  An elevated token is also used when an application is configured to always require administrative privilege or to always require maximum privilege, and the user is a member of the Administrators group.    Type 3 is a limited token with administrative privileges removed and administrative groups disabled.  The limited token is used when User Account Control is enabled, the application does not require administrative privilege, and the user does not choose to start the program using Run as administrator.#011313 
2011-04-26T18:56:34-06:00 fox-ws MSWinEventLog#0110#011Security#011473#011Tue Apr 26 18:56:33 2011#0114689#011Microsoft-Windows-Security-Auditing#011bob#011N/A#011Success Audit#011fox-ws#011None#011#011A process has exited.    Subject:   Security ID:  S-1-5-21-29357171-1333843320-2140510157-1002   Account Name:  bob   Account Domain:  fox-ws   Logon ID:  0x2ddf0    Process Information:   Process ID: 0xbc8   Process Name: C:\Windows\System32\wuauclt.exe   Exit Status: 0x40010004#011314 
