2011-04-26T18:57:50-06:00 fox-ws MSWinEventLog#0111#011Security#01176#011Tue Apr 26 18:57:41 2011#0114624#011Microsoft-Windows-Security-Auditing#011SYSTEM#011N/A#011Success Audit#011fox-ws#011None#011#011An account was successfully logged on.    Subject:   Security ID:  S-1-5-18   Account Name:  FOX-WS$   Account Domain:  WORKGROUP   Logon ID:  0x3e7    Logon Type:   5    New Logon:   Security ID:  S-1-5-18   Account Name:  SYSTEM   Account Domain:  NT AUTHORITY   Logon ID:  0x3e7   Logon GUID:  {00000000-0000-0000-0000-000000000000}    Process Information:   Process ID:  0x1dc   Process Name:  C:\Windows\System32\services.exe    Network Information:   Workstation Name:    Source Network Address: -   Source Port:  -    Detailed Authentication Information:   Logon Process:  Advapi     Authentication Package: Negotiate   Transited Services: -   Package Name (NTLM only): -   Key Length:  0    This event is generated when a logon session is created. It is generated on the computer that was accessed.    The subject fields indicate the account on the local system which requested the logon. This is most commonly a service such as the Server service, or a local process such as Winlogon.exe or Services.exe.    The logon type field indicates the kind of logon that occurred. The most common types are 2 (interactive) and 3 (network).    The New Logon fields indicate the account for whom the new logon was created, i.e. the account that was logged on.    The network fields indicate where a remote logon request originated. Workstation name is not always available and may be left blank in some cases.    The authentication information fields provide detailed information about this specific logon request.   - Logon GUID is a unique identifier that can be used to correlate this event with a KDC event.   - Transited services indicate which intermediate services have participated in this logon request.   - Package name indicates which sub-protocol was used among the NTLM protocols.   - Key length indicates the length of the generated sess
2011-04-26T18:57:50-06:00 fox-ws MSWinEventLog#0111#011System#01177#011Tue Apr 26 18:57:41 2011#0117036#011Service Control Manager#011N/A#011N/A#011Information#011fox-ws#011None#011#011The Remote Procedure Call (RPC) service entered the running state.#01146 
2011-04-26T18:57:50-06:00 fox-ws MSWinEventLog#0111#011Security#01178#011Tue Apr 26 18:57:41 2011#0114672#011Microsoft-Windows-Security-Auditing#011SYSTEM#011N/A#011Success Audit#011fox-ws#011None#011#011Special privileges assigned to new logon.    Subject:   Security ID:  S-1-5-18   Account Name:  SYSTEM   Account Domain:  NT AUTHORITY   Logon ID:  0x3e7    Privileges:  SeAssignPrimaryTokenPrivilege     SeTcbPrivilege     SeSecurityPrivilege     SeTakeOwnershipPrivilege     SeLoadDriverPrivilege     SeBackupPrivilege     SeRestorePrivilege     SeDebugPrivilege     SeAuditPrivilege     SeSystemEnvironmentPrivilege     SeImpersonatePrivilege#01126 
2011-04-26T18:57:50-06:00 fox-ws MSWinEventLog#0111#011System#01179#011Tue Apr 26 18:57:41 2011#0117036#011Service Control Manager#011N/A#011N/A#011Information#011fox-ws#011None#011#011The Windows Event Log service entered the running state.#01147 
2011-04-26T18:57:50-06:00 fox-ws MSWinEventLog#0110#011Security#01180#011Tue Apr 26 18:57:41 2011#0114688#011Microsoft-Windows-Security-Auditing#011FOX-WS$#011N/A#011Success Audit#011fox-ws#011None#011#011A new process has been created.    Subject:   Security ID:  S-1-5-18   Account Name:  FOX-WS$   Account Domain:  WORKGROUP   Logon ID:  0x3e7    Process Information:   New Process ID:  0x330   New Process Name: C:\Windows\System32\svchost.exe   Token Elevation Type: TokenElevationTypeDefault (1)   Creator Process ID: 0x1dc    Token Elevation Type indicates the type of token that was assigned to the new process in accordance with User Account Control policy.    Type 1 is a full token with no privileges removed or groups disabled.  A full token is only used if User Account Control is disabled or if the user is the built-in Administrator account or a service account.    Type 2 is an elevated token with no privileges removed or groups disabled.  An elevated token is used when User Account Control is enabled and the user chooses to start the program using Run as administrator.  An elevated token is also used when an application is configured to always require administrative privilege or to always require maximum privilege, and the user is a member of the Administrators group.    Type 3 is a limited token with administrative privileges removed and administrative groups disabled.  The limited token is used when User Account Control is enabled, the application does not require administrative privilege, and the user does not choose to start the program using Run as administrator.#01127 
2011-04-26T18:57:50-06:00 fox-ws MSWinEventLog#0111#011System#01181#011Tue Apr 26 18:57:42 2011#0117036#011Service Control Manager#011N/A#011N/A#011Information#011fox-ws#011None#011#011The Multimedia Class Scheduler service entered the running state.#01148 
2011-04-26T18:57:50-06:00 fox-ws MSWinEventLog#0111#011Security#01182#011Tue Apr 26 18:57:41 2011#0114673#011Microsoft-Windows-Security-Auditing#011FOX-WS$#011N/A#011Failure Audit#011fox-ws#011None#011#011A privileged service was called.    Subject:   Security ID:  S-1-5-18   Account Name:  FOX-WS$   Account Domain:  WORKGROUP   Logon ID:  0x3e7    Service:   Server: Security Account Manager   Service Name: Security Account Manager    Process:   Process ID: 0x1ec   Process Name: C:\Windows\System32\lsass.exe    Service Request Information:   Privileges:  SeTcbPrivilege#01128 
2011-04-26T18:57:50-06:00 fox-ws MSWinEventLog#0111#011System#01183#011Tue Apr 26 18:57:43 2011#0117036#011Service Control Manager#011N/A#011N/A#011Information#011fox-ws#011None#011#011The Windows Audio Endpoint Builder service entered the running state.#01149 
2011-04-26T18:57:50-06:00 fox-ws MSWinEventLog#0111#011Security#01184#011Tue Apr 26 18:57:41 2011#0114673#011Microsoft-Windows-Security-Auditing#011FOX-WS$#011N/A#011Failure Audit#011fox-ws#011None#011#011A privileged service was called.    Subject:   Security ID:  S-1-5-18   Account Name:  FOX-WS$   Account Domain:  WORKGROUP   Logon ID:  0x3e7    Service:   Server: Security Account Manager   Service Name: Security Account Manager    Process:   Process ID: 0x1ec   Process Name: C:\Windows\System32\lsass.exe    Service Request Information:   Privileges:  SeTcbPrivilege#01129 
2011-04-26T18:57:50-06:00 fox-ws MSWinEventLog#0111#011Security#01185#011Tue Apr 26 18:57:41 2011#0114673#011Microsoft-Windows-Security-Auditing#011FOX-WS$#011N/A#011Failure Audit#011fox-ws#011None#011#011A privileged service was called.    Subject:   Security ID:  S-1-5-18   Account Name:  FOX-WS$   Account Domain:  WORKGROUP   Logon ID:  0x3e7    Service:   Server: Security Account Manager   Service Name: Security Account Manager    Process:   Process ID: 0x1ec   Process Name: C:\Windows\System32\lsass.exe    Service Request Information:   Privileges:  SeTcbPrivilege#01130 
2011-04-26T18:57:50-06:00 fox-ws MSWinEventLog#0111#011Security#01186#011Tue Apr 26 18:57:41 2011#0114673#011Microsoft-Windows-Security-Auditing#011FOX-WS$#011N/A#011Failure Audit#011fox-ws#011None#011#011A privileged service was called.    Subject:   Security ID:  S-1-5-18   Account Name:  FOX-WS$   Account Domain:  WORKGROUP   Logon ID:  0x3e7    Service:   Server: Security Account Manager   Service Name: Security Account Manager    Process:   Process ID: 0x1ec   Process Name: C:\Windows\System32\lsass.exe    Service Request Information:   Privileges:  SeTcbPrivilege#01131 
2011-04-26T18:57:50-06:00 fox-ws MSWinEventLog#0111#011System#01190#011Tue Apr 26 18:57:43 2011#0117036#011Service Control Manager#011N/A#011N/A#011Information#011fox-ws#011None#011#011The Windows Audio service entered the running state.#01150 
2011-04-26T18:57:50-06:00 fox-ws MSWinEventLog#0111#011System#01191#011Tue Apr 26 18:57:44 2011#0117036#011Service Control Manager#011N/A#011N/A#011Information#011fox-ws#011None#011#011The Themes service entered the running state.#01151 
2011-04-26T18:57:50-06:00 fox-ws MSWinEventLog#0111#011System#01192#011Tue Apr 26 18:57:44 2011#0117036#011Service Control Manager#011N/A#011N/A#011Information#011fox-ws#011None#011#011The Group Policy Client service entered the running state.#01152 
2011-04-26T18:57:51-06:00 fox-ws MSWinEventLog#0111#011System#011154#011Tue Apr 26 18:57:50 2011#0117036#011Service Control Manager#011N/A#011N/A#011Information#011fox-ws#011None#011#011The Function Discovery Resource Publication service entered the running state.#01175 
2011-04-26T18:57:52-06:00 fox-ws MSWinEventLog#0110#011Security#011155#011Tue Apr 26 18:57:48 2011#0114688#011Microsoft-Windows-Security-Auditing#011FOX-WS$#011N/A#011Success Audit#011fox-ws#011None#011#011A new process has been created.    Subject:   Security ID:  S-1-5-18   Account Name:  FOX-WS$   Account Domain:  WORKGROUP   Logon ID:  0x3e7    Process Information:   New Process ID:  0x57c   New Process Name: C:\Windows\System32\svchost.exe   Token Elevation Type: TokenElevationTypeDefault (1)   Creator Process ID: 0x1dc    Token Elevation Type indicates the type of token that was assigned to the new process in accordance with User Account Control policy.    Type 1 is a full token with no privileges removed or groups disabled.  A full token is only used if User Account Control is disabled or if the user is the built-in Administrator account or a service account.    Type 2 is an elevated token with no privileges removed or groups disabled.  An elevated token is used when User Account Control is enabled and the user chooses to start the program using Run as administrator.  An elevated token is also used when an application is configured to always require administrative privilege or to always require maximum privilege, and the user is a member of the Administrators group.    Type 3 is a limited token with administrative privileges removed and administrative groups disabled.  The limited token is used when User Account Control is enabled, the application does not require administrative privilege, and the user does not choose to start the program using Run as administrator.#01174 
2011-04-26T18:57:52-06:00 fox-ws MSWinEventLog#0110#011Security#011156#011Tue Apr 26 18:57:48 2011#0114688#011Microsoft-Windows-Security-Auditing#011FOX-WS$#011N/A#011Success Audit#011fox-ws#011None#011#011A new process has been created.    Subject:   Security ID:  S-1-5-18   Account Name:  FOX-WS$   Account Domain:  WORKGROUP   Logon ID:  0x3e7    Process Information:   New Process ID:  0x5b4   New Process Name: C:\Program Files\Snare\SnareCore.exe   Token Elevation Type: TokenElevationTypeDefault (1)   Creator Process ID: 0x1dc    Token Elevation Type indicates the type of token that was assigned to the new process in accordance with User Account Control policy.    Type 1 is a full token with no privileges removed or groups disabled.  A full token is only used if User Account Control is disabled or if the user is the built-in Administrator account or a service account.    Type 2 is an elevated token with no privileges removed or groups disabled.  An elevated token is used when User Account Control is enabled and the user chooses to start the program using Run as administrator.  An elevated token is also used when an application is configured to always require administrative privilege or to always require maximum privilege, and the user is a member of the Administrators group.    Type 3 is a limited token with administrative privileges removed and administrative groups disabled.  The limited token is used when User Account Control is enabled, the application does not require administrative privilege, and the user does not choose to start the program using Run as administrator.#01175 
2011-04-26T18:57:56-06:00 fox-ws MSWinEventLog#0111#011System#011157#011Tue Apr 26 18:57:54 2011#0117036#011Service Control Manager#011N/A#011N/A#011Information#011fox-ws#011None#011#011The Superfetch service entered the running state.#01176 
2011-04-26T18:57:56-06:00 fox-ws MSWinEventLog#0111#011Security#011158#011Tue Apr 26 18:57:55 2011#0114624#011Microsoft-Windows-Security-Auditing#011ANONYMOUS LOGON#011N/A#011Success Audit#011fox-ws#011None#011#011An account was successfully logged on.    Subject:   Security ID:  S-1-0-0   Account Name:  -   Account Domain:  -   Logon ID:  0x0    Logon Type:   3    New Logon:   Security ID:  S-1-5-7   Account Name:  ANONYMOUS LOGON   Account Domain:  NT AUTHORITY   Logon ID:  0x189af   Logon GUID:  {00000000-0000-0000-0000-000000000000}    Process Information:   Process ID:  0x0   Process Name:  -    Network Information:   Workstation Name:    Source Network Address: -   Source Port:  -    Detailed Authentication Information:   Logon Process:  NtLmSsp    Authentication Package: NTLM   Transited Services: -   Package Name (NTLM only): NTLM V1   Key Length:  0    This event is generated when a logon session is created. It is generated on the computer that was accessed.    The subject fields indicate the account on the local system which requested the logon. This is most commonly a service such as the Server service, or a local process such as Winlogon.exe or Services.exe.    The logon type field indicates the kind of logon that occurred. The most common types are 2 (interactive) and 3 (network).    The New Logon fields indicate the account for whom the new logon was created, i.e. the account that was logged on.    The network fields indicate where a remote logon request originated. Workstation name is not always available and may be left blank in some cases.    The authentication information fields provide detailed information about this specific logon request.   - Logon GUID is a unique identifier that can be used to correlate this event with a KDC event.   - Transited services indicate which intermediate services have participated in this logon request.   - Package name indicates which sub-protocol was used among the NTLM protocols.   - Key length indicates the length of the generated session key. This will be 0 if no
2011-04-26T18:57:56-06:00 fox-ws MSWinEventLog#0111#011System#011159#011Tue Apr 26 18:57:54 2011#0117036#011Service Control Manager#011N/A#011N/A#011Information#011fox-ws#011None#011#011The Distributed Link Tracking Client service entered the running state.#01177 
2011-04-26T18:57:56-06:00 fox-ws MSWinEventLog#0111#011System#011160#011Tue Apr 26 18:57:54 2011#0117036#011Service Control Manager#011N/A#011N/A#011Information#011fox-ws#011None#011#011The Windows Management Instrumentation service entered the running state.#01178 
2011-04-26T18:57:56-06:00 fox-ws MSWinEventLog#0111#011System#011161#011Tue Apr 26 18:57:54 2011#0117036#011Service Control Manager#011N/A#011N/A#011Information#011fox-ws#011None#011#011The IP Helper service entered the running state.#01179 
2011-04-26T18:57:56-06:00 fox-ws MSWinEventLog#0111#011Security#011162#011Tue Apr 26 18:57:55 2011#0114673#011Microsoft-Windows-Security-Auditing#011FOX-WS$#011N/A#011Success Audit#011fox-ws#011None#011#011A privileged service was called.    Subject:   Security ID:  S-1-5-18   Account Name:  FOX-WS$   Account Domain:  WORKGROUP   Logon ID:  0x3e7    Service:   Server: NT Local Security Authority / Authentication Service   Service Name: LsaRegisterLogonProcess()    Process:   Process ID: 0x1ec   Process Name: C:\Windows\System32\lsass.exe    Service Request Information:   Privileges:  SeTcbPrivilege#01177 
2011-04-26T18:57:58-06:00 fox-ws MSWinEventLog#0111#011Security#011163#011Tue Apr 26 18:57:55 2011#0114673#011Microsoft-Windows-Security-Auditing#011FOX-WS$#011N/A#011Success Audit#011fox-ws#011None#011#011A privileged service was called.    Subject:   Security ID:  S-1-5-18   Account Name:  FOX-WS$   Account Domain:  WORKGROUP   Logon ID:  0x3e7    Service:   Server: NT Local Security Authority / Authentication Service   Service Name: LsaRegisterLogonProcess()    Process:   Process ID: 0x1ec   Process Name: C:\Windows\System32\lsass.exe    Service Request Information:   Privileges:  SeTcbPrivilege#01178 
2011-04-26T18:57:58-06:00 fox-ws MSWinEventLog#0111#011Security#011164#011Tue Apr 26 18:57:55 2011#0114673#011Microsoft-Windows-Security-Auditing#011FOX-WS$#011N/A#011Success Audit#011fox-ws#011None#011#011A privileged service was called.    Subject:   Security ID:  S-1-5-18   Account Name:  FOX-WS$   Account Domain:  WORKGROUP   Logon ID:  0x3e7    Service:   Server: NT Local Security Authority / Authentication Service   Service Name: LsaRegisterLogonProcess()    Process:   Process ID: 0x1ec   Process Name: C:\Windows\System32\lsass.exe    Service Request Information:   Privileges:  SeTcbPrivilege#01179 
2011-04-26T18:57:58-06:00 fox-ws MSWinEventLog#0111#011Security#011165#011Tue Apr 26 18:57:55 2011#0114673#011Microsoft-Windows-Security-Auditing#011FOX-WS$#011N/A#011Success Audit#011fox-ws#011None#011#011A privileged service was called.    Subject:   Security ID:  S-1-5-18   Account Name:  FOX-WS$   Account Domain:  WORKGROUP   Logon ID:  0x3e7    Service:   Server: NT Local Security Authority / Authentication Service   Service Name: LsaRegisterLogonProcess()    Process:   Process ID: 0x1ec   Process Name: C:\Windows\System32\lsass.exe    Service Request Information:   Privileges:  SeTcbPrivilege#01180 
2011-04-26T18:57:58-06:00 fox-ws MSWinEventLog#0111#011System#011166#011Tue Apr 26 18:57:55 2011#0117036#011Service Control Manager#011N/A#011N/A#011Information#011fox-ws#011None#011#011The Server service entered the running state.#01180 
2011-04-26T18:57:58-06:00 fox-ws MSWinEventLog#0111#011System#011167#011Tue Apr 26 18:57:55 2011#0117042#011Service Control Manager#011S-1-5-18#011N/A#011Information#011fox-ws#011None#011#011The TCP/IP NetBIOS Helper service was successfully sent a stop control.     The reason specified was: 0x40030011 [Operating System: Network Connectivity (Planned)]     Comment: None#01181 
2011-04-26T18:57:58-06:00 fox-ws MSWinEventLog#0111#011System#011168#011Tue Apr 26 18:57:55 2011#0117036#011Service Control Manager#011N/A#011N/A#011Information#011fox-ws#011None#011#011The TCP/IP NetBIOS Helper service entered the stopped state.#01182 
2011-04-26T18:57:58-06:00 fox-ws MSWinEventLog#0111#011System#011169#011Tue Apr 26 18:57:55 2011#0117036#011Service Control Manager#011N/A#011N/A#011Information#011fox-ws#011None#011#011The Diagnostic Service Host service entered the running state.#01183 
2011-04-26T18:57:58-06:00 fox-ws MSWinEventLog#0111#011System#011170#011Tue Apr 26 18:57:55 2011#0117036#011Service Control Manager#011N/A#011N/A#011Information#011fox-ws#011None#011#011The Network List Service service entered the running state.#01184 
2011-04-26T18:57:58-06:00 fox-ws MSWinEventLog#0111#011System#011171#011Tue Apr 26 18:57:55 2011#0117036#011Service Control Manager#011N/A#011N/A#011Information#011fox-ws#011None#011#011The Diagnostic System Host service entered the running state.#01185 
2011-04-26T18:57:58-06:00 fox-ws MSWinEventLog#0111#011System#011172#011Tue Apr 26 18:57:55 2011#0117036#011Service Control Manager#011N/A#011N/A#011Information#011fox-ws#011None#011#011The TCP/IP NetBIOS Helper service entered the running state.#01186 
2011-04-26T18:57:58-06:00 fox-ws MSWinEventLog#0111#011System#011173#011Tue Apr 26 18:57:55 2011#0117036#011Service Control Manager#011N/A#011N/A#011Information#011fox-ws#011None#011#011The Remote Desktop Services service entered the running state.#01187 
2011-04-26T18:57:58-06:00 fox-ws MSWinEventLog#0111#011System#011174#011Tue Apr 26 18:57:56 2011#0117036#011Service Control Manager#011N/A#011N/A#011Information#011fox-ws#011None#011#011The Portable Device Enumerator Service service entered the running state.#01188 
2011-04-26T18:57:58-06:00 fox-ws MSWinEventLog#0111#011System#011175#011Tue Apr 26 18:57:56 2011#0117036#011Service Control Manager#011N/A#011N/A#011Information#011fox-ws#011None#011#011The WinHTTP Web Proxy Auto-Discovery Service service entered the running state.#01189 
2011-04-26T18:57:58-06:00 fox-ws MSWinEventLog#0111#011System#011176#011Tue Apr 26 18:57:56 2011#0117036#011Service Control Manager#011N/A#011N/A#011Information#011fox-ws#011None#011#011The Remote Desktop Configuration service entered the running state.#01190 
2011-04-26T18:57:58-06:00 fox-ws MSWinEventLog#0111#011System#011177#011Tue Apr 26 18:57:56 2011#0117036#011Service Control Manager#011N/A#011N/A#011Information#011fox-ws#011None#011#011The Certificate Propagation service entered the running state.#01191 
2011-04-26T18:58:00-06:00 fox-ws MSWinEventLog#0111#011System#011178#011Tue Apr 26 18:57:57 2011#0117036#011Service Control Manager#011N/A#011N/A#011Information#011fox-ws#011None#011#011The Computer Browser service entered the running state.#01192 
2011-04-26T18:58:00-06:00 fox-ws MSWinEventLog#0111#011System#011179#011Tue Apr 26 18:57:58 2011#0117036#011Service Control Manager#011N/A#011N/A#011Information#011fox-ws#011None#011#011The Remote Desktop Services UserMode Port Redirector service entered the running state.#01193 
2011-04-26T18:58:04-06:00 fox-ws MSWinEventLog#0110#011Security#011180#011Tue Apr 26 18:57:58 2011#0114688#011Microsoft-Windows-Security-Auditing#011FOX-WS$#011N/A#011Success Audit#011fox-ws#011None#011#011A new process has been created.    Subject:   Security ID:  S-1-5-18   Account Name:  FOX-WS$   Account Domain:  WORKGROUP   Logon ID:  0x3e7    Process Information:   New Process ID:  0x7e0   New Process Name: C:\Windows\System32\taskhost.exe   Token Elevation Type: TokenElevationTypeDefault (1)   Creator Process ID: 0x1dc    Token Elevation Type indicates the type of token that was assigned to the new process in accordance with User Account Control policy.    Type 1 is a full token with no privileges removed or groups disabled.  A full token is only used if User Account Control is disabled or if the user is the built-in Administrator account or a service account.    Type 2 is an elevated token with no privileges removed or groups disabled.  An elevated token is used when User Account Control is enabled and the user chooses to start the program using Run as administrator.  An elevated token is also used when an application is configured to always require administrative privilege or to always require maximum privilege, and the user is a member of the Administrators group.    Type 3 is a limited token with administrative privileges removed and administrative groups disabled.  The limited token is used when User Account Control is enabled, the application does not require administrative privilege, and the user does not choose to start the program using Run as administrator.#01181 
2011-04-26T18:58:04-06:00 fox-ws MSWinEventLog#0111#011Security#011181#011Tue Apr 26 18:58:03 2011#0114673#011Microsoft-Windows-Security-Auditing#011FOX-WS$#011N/A#011Success Audit#011fox-ws#011None#011#011A privileged service was called.    Subject:   Security ID:  S-1-5-18   Account Name:  FOX-WS$   Account Domain:  WORKGROUP   Logon ID:  0x3e7    Service:   Server: NT Local Security Authority / Authentication Service   Service Name: LsaRegisterLogonProcess()    Process:   Process ID: 0x1ec   Process Name: C:\Windows\System32\lsass.exe    Service Request Information:   Privileges:  SeTcbPrivilege#01182 
2011-04-26T18:58:04-06:00 fox-ws MSWinEventLog#0110#011Security#011182#011Tue Apr 26 18:58:03 2011#0114689#011Microsoft-Windows-Security-Auditing#011FOX-WS$#011N/A#011Success Audit#011fox-ws#011None#011#011A process has exited.    Subject:   Security ID:  S-1-5-18   Account Name:  FOX-WS$   Account Domain:  WORKGROUP   Logon ID:  0x3e7    Process Information:   Process ID: 0x7e0   Process Name: C:\Windows\System32\taskhost.exe   Exit Status: 0x0#01183 
2011-04-26T18:58:12-06:00 fox-ws MSWinEventLog#0111#011System#011183#011Tue Apr 26 18:58:11 2011#0117036#011Service Control Manager#011N/A#011N/A#011Information#011fox-ws#011None#011#011The Computer Browser service entered the stopped state.#01194 
2011-04-26T18:59:28-06:00 fox-ws MSWinEventLog#0111#011Application#011184#011Tue Apr 26 18:59:27 2011#01110#011Microsoft-Windows-WMI#011N/A#011N/A#011Error#011fox-ws#011None#011#011Event filter with query "SELECT * FROM __InstanceModificationEvent WITHIN 60 WHERE TargetInstance ISA "Win32_Processor" AND TargetInstance.LoadPercentage &gt; 99" could not be reactivated in namespace "//./root/CIMV2" because of error 0x80041003. Events cannot be delivered through this filter until the problem is corrected.#0114 
2011-04-26T18:59:58-06:00 fox-ws MSWinEventLog#0111#011Application#011185#011Tue Apr 26 18:59:57 2011#011900#011Microsoft-Windows-Security-SPP#011N/A#011N/A#011Information#011fox-ws#011None#011#011The Software Protection service is starting.  #0115 
2011-04-26T18:59:58-06:00 fox-ws MSWinEventLog#0111#011System#011186#011Tue Apr 26 18:59:55 2011#0117036#011Service Control Manager#011N/A#011N/A#011Information#011fox-ws#011None#011#011The Microsoft .NET Framework NGEN v4.0.30319_X86 service entered the running state.#01195 
2011-04-26T18:59:58-06:00 fox-ws MSWinEventLog#0110#011Security#011187#011Tue Apr 26 18:59:55 2011#0114688#011Microsoft-Windows-Security-Auditing#011FOX-WS$#011N/A#011Success Audit#011fox-ws#011None#011#011A new process has been created.    Subject:   Security ID:  S-1-5-18   Account Name:  FOX-WS$   Account Domain:  WORKGROUP   Logon ID:  0x3e7    Process Information:   New Process ID:  0x488   New Process Name: C:\Windows\Microsoft.NET\Framework\v4.0.30319\mscorsvw.exe   Token Elevation Type: TokenElevationTypeDefault (1)   Creator Process ID: 0x1dc    Token Elevation Type indicates the type of token that was assigned to the new process in accordance with User Account Control policy.    Type 1 is a full token with no privileges removed or groups disabled.  A full token is only used if User Account Control is disabled or if the user is the built-in Administrator account or a service account.    Type 2 is an elevated token with no privileges removed or groups disabled.  An elevated token is used when User Account Control is enabled and the user chooses to start the program using Run as administrator.  An elevated token is also used when an application is configured to always require administrative privilege or to always require maximum privilege, and the user is a member of the Administrators group.    Type 3 is a limited token with administrative privileges removed and administrative groups disabled.  The limited token is used when User Account Control is enabled, the application does not require administrative privilege, and the user does not choose to start the program using Run as administrator.#01184 
2011-04-26T18:59:58-06:00 fox-ws MSWinEventLog#0111#011System#011188#011Tue Apr 26 18:59:55 2011#0117036#011Service Control Manager#011N/A#011N/A#011Information#011fox-ws#011None#011#011The Microsoft .NET Framework NGEN v4.0.30319_X86 service entered the stopped state.#01196 
2011-04-26T18:59:58-06:00 fox-ws MSWinEventLog#0110#011Security#011189#011Tue Apr 26 18:59:55 2011#0114689#011Microsoft-Windows-Security-Auditing#011FOX-WS$#011N/A#011Success Audit#011fox-ws#011None#011#011A process has exited.    Subject:   Security ID:  S-1-5-18   Account Name:  FOX-WS$   Account Domain:  WORKGROUP   Logon ID:  0x3e7    Process Information:   Process ID: 0x488   Process Name: C:\Windows\Microsoft.NET\Framework\v4.0.30319\mscorsvw.exe   Exit Status: 0x0#01185 
2011-04-26T18:59:58-06:00 fox-ws MSWinEventLog#0111#011System#011190#011Tue Apr 26 18:59:56 2011#0117036#011Service Control Manager#011N/A#011N/A#011Information#011fox-ws#011None#011#011The Portable Device Enumerator Service service entered the stopped state.#01197 
2011-04-26T18:59:58-06:00 fox-ws MSWinEventLog#0110#011Security#011191#011Tue Apr 26 18:59:56 2011#0114688#011Microsoft-Windows-Security-Auditing#011FOX-WS$#011N/A#011Success Audit#011fox-ws#011None#011#011A new process has been created.    Subject:   Security ID:  S-1-5-18   Account Name:  FOX-WS$   Account Domain:  WORKGROUP   Logon ID:  0x3e7    Process Information:   New Process ID:  0x610   New Process Name: C:\Windows\System32\sppsvc.exe   Token Elevation Type: TokenElevationTypeDefault (1)   Creator Process ID: 0x1dc    Token Elevation Type indicates the type of token that was assigned to the new process in accordance with User Account Control policy.    Type 1 is a full token with no privileges removed or groups disabled.  A full token is only used if User Account Control is disabled or if the user is the built-in Administrator account or a service account.    Type 2 is an elevated token with no privileges removed or groups disabled.  An elevated token is used when User Account Control is enabled and the user chooses to start the program using Run as administrator.  An elevated token is also used when an application is configured to always require administrative privilege or to always require maximum privilege, and the user is a member of the Administrators group.    Type 3 is a limited token with administrative privileges removed and administrative groups disabled.  The limited token is used when User Account Control is enabled, the application does not require administrative privilege, and the user does not choose to start the program using Run as administrator.#01186 
2011-04-26T18:59:58-06:00 fox-ws MSWinEventLog#0111#011System#011192#011Tue Apr 26 18:59:56 2011#0117036#011Service Control Manager#011N/A#011N/A#011Information#011fox-ws#011None#011#011The Windows Font Cache Service service entered the running state.#01198 
2011-04-26T18:59:58-06:00 fox-ws MSWinEventLog#0111#011System#011193#011Tue Apr 26 18:59:57 2011#0117036#011Service Control Manager#011N/A#011N/A#011Information#011fox-ws#011None#011#011The Software Protection service entered the running state.#01199 
2011-04-26T19:00:00-06:00 fox-ws MSWinEventLog#0111#011System#011194#011Tue Apr 26 18:59:57 2011#0117036#011Service Control Manager#011N/A#011N/A#011Information#011fox-ws#011None#011#011The Windows Defender service entered the running state.#011100 
2011-04-26T19:00:00-06:00 fox-ws MSWinEventLog#0111#011Security#011195#011Tue Apr 26 18:59:57 2011#0114624#011Microsoft-Windows-Security-Auditing#011SYSTEM#011N/A#011Success Audit#011fox-ws#011None#011#011An account was successfully logged on.    Subject:   Security ID:  S-1-5-18   Account Name:  FOX-WS$   Account Domain:  WORKGROUP   Logon ID:  0x3e7    Logon Type:   5    New Logon:   Security ID:  S-1-5-18   Account Name:  SYSTEM   Account Domain:  NT AUTHORITY   Logon ID:  0x3e7   Logon GUID:  {00000000-0000-0000-0000-000000000000}    Process Information:   Process ID:  0x1dc   Process Name:  C:\Windows\System32\services.exe    Network Information:   Workstation Name:    Source Network Address: -   Source Port:  -    Detailed Authentication Information:   Logon Process:  Advapi     Authentication Package: Negotiate   Transited Services: -   Package Name (NTLM only): -   Key Length:  0    This event is generated when a logon session is created. It is generated on the computer that was accessed.    The subject fields indicate the account on the local system which requested the logon. This is most commonly a service such as the Server service, or a local process such as Winlogon.exe or Services.exe.    The logon type field indicates the kind of logon that occurred. The most common types are 2 (interactive) and 3 (network).    The New Logon fields indicate the account for whom the new logon was created, i.e. the account that was logged on.    The network fields indicate where a remote logon request originated. Workstation name is not always available and may be left blank in some cases.    The authentication information fields provide detailed information about this specific logon request.   - Logon GUID is a unique identifier that can be used to correlate this event with a KDC event.   - Transited services indicate which intermediate services have participated in this logon request.   - Package name indicates which sub-protocol was used among the NTLM protocols.   - Key length indicates the length of the generated ses
2011-04-26T19:00:00-06:00 fox-ws MSWinEventLog#0111#011System#011196#011Tue Apr 26 18:59:58 2011#0117036#011Service Control Manager#011N/A#011N/A#011Information#011fox-ws#011None#011#011The Shell Hardware Detection service entered the stopped state.#011101 
2011-04-26T19:00:00-06:00 fox-ws MSWinEventLog#0111#011System#011197#011Tue Apr 26 18:59:58 2011#0117036#011Service Control Manager#011N/A#011N/A#011Information#011fox-ws#011None#011#011The Security Center service entered the running state.#011102 
2011-04-26T19:00:00-06:00 fox-ws MSWinEventLog#0111#011Application#011198#011Tue Apr 26 18:59:59 2011#0111#011SecurityCenter#011N/A#011N/A#011Information#011fox-ws#011None#011#011The Windows Security Center Service has started.#0116 
2011-04-26T19:00:00-06:00 fox-ws MSWinEventLog#0111#011Security#011199#011Tue Apr 26 18:59:57 2011#0114672#011Microsoft-Windows-Security-Auditing#011SYSTEM#011N/A#011Success Audit#011fox-ws#011None#011#011Special privileges assigned to new logon.    Subject:   Security ID:  S-1-5-18   Account Name:  SYSTEM   Account Domain:  NT AUTHORITY   Logon ID:  0x3e7    Privileges:  SeAssignPrimaryTokenPrivilege     SeTcbPrivilege     SeSecurityPrivilege     SeTakeOwnershipPrivilege     SeLoadDriverPrivilege     SeBackupPrivilege     SeRestorePrivilege     SeDebugPrivilege     SeAuditPrivilege     SeSystemEnvironmentPrivilege     SeImpersonatePrivilege#01188 
2011-04-26T19:00:00-06:00 fox-ws MSWinEventLog#0110#011Security#011200#011Tue Apr 26 18:59:57 2011#0114688#011Microsoft-Windows-Security-Auditing#011FOX-WS$#011N/A#011Success Audit#011fox-ws#011None#011#011A new process has been created.    Subject:   Security ID:  S-1-5-18   Account Name:  FOX-WS$   Account Domain:  WORKGROUP   Logon ID:  0x3e7    Process Information:   New Process ID:  0x63c   New Process Name: C:\Windows\System32\svchost.exe   Token Elevation Type: TokenElevationTypeDefault (1)   Creator Process ID: 0x1dc    Token Elevation Type indicates the type of token that was assigned to the new process in accordance with User Account Control policy.    Type 1 is a full token with no privileges removed or groups disabled.  A full token is only used if User Account Control is disabled or if the user is the built-in Administrator account or a service account.    Type 2 is an elevated token with no privileges removed or groups disabled.  An elevated token is used when User Account Control is enabled and the user chooses to start the program using Run as administrator.  An elevated token is also used when an application is configured to always require administrative privilege or to always require maximum privilege, and the user is a member of the Administrators group.    Type 3 is a limited token with administrative privileges removed and administrative groups disabled.  The limited token is used when User Account Control is enabled, the application does not require administrative privilege, and the user does not choose to start the program using Run as administrator.#01189 
2011-04-26T19:00:00-06:00 fox-ws MSWinEventLog#0111#011Security#011201#011Tue Apr 26 18:59:58 2011#0114624#011Microsoft-Windows-Security-Auditing#011SYSTEM#011N/A#011Success Audit#011fox-ws#011None#011#011An account was successfully logged on.    Subject:   Security ID:  S-1-5-18   Account Name:  FOX-WS$   Account Domain:  WORKGROUP   Logon ID:  0x3e7    Logon Type:   5    New Logon:   Security ID:  S-1-5-18   Account Name:  SYSTEM   Account Domain:  NT AUTHORITY   Logon ID:  0x3e7   Logon GUID:  {00000000-0000-0000-0000-000000000000}    Process Information:   Process ID:  0x1dc   Process Name:  C:\Windows\System32\services.exe    Network Information:   Workstation Name:    Source Network Address: -   Source Port:  -    Detailed Authentication Information:   Logon Process:  Advapi     Authentication Package: Negotiate   Transited Services: -   Package Name (NTLM only): -   Key Length:  0    This event is generated when a logon session is created. It is generated on the computer that was accessed.    The subject fields indicate the account on the local system which requested the logon. This is most commonly a service such as the Server service, or a local process such as Winlogon.exe or Services.exe.    The logon type field indicates the kind of logon that occurred. The most common types are 2 (interactive) and 3 (network).    The New Logon fields indicate the account for whom the new logon was created, i.e. the account that was logged on.    The network fields indicate where a remote logon request originated. Workstation name is not always available and may be left blank in some cases.    The authentication information fields provide detailed information about this specific logon request.   - Logon GUID is a unique identifier that can be used to correlate this event with a KDC event.   - Transited services indicate which intermediate services have participated in this logon request.   - Package name indicates which sub-protocol was used among the NTLM protocols.   - Key length indicates the length of the generated ses
2011-04-26T19:00:00-06:00 fox-ws MSWinEventLog#0111#011Security#011202#011Tue Apr 26 18:59:58 2011#0114672#011Microsoft-Windows-Security-Auditing#011SYSTEM#011N/A#011Success Audit#011fox-ws#011None#011#011Special privileges assigned to new logon.    Subject:   Security ID:  S-1-5-18   Account Name:  SYSTEM   Account Domain:  NT AUTHORITY   Logon ID:  0x3e7    Privileges:  SeAssignPrimaryTokenPrivilege     SeTcbPrivilege     SeSecurityPrivilege     SeTakeOwnershipPrivilege     SeLoadDriverPrivilege     SeBackupPrivilege     SeRestorePrivilege     SeDebugPrivilege     SeAuditPrivilege     SeSystemEnvironmentPrivilege     SeImpersonatePrivilege#01191 
2011-04-26T19:00:00-06:00 fox-ws MSWinEventLog#0110#011Security#011203#011Tue Apr 26 18:59:58 2011#0114688#011Microsoft-Windows-Security-Auditing#011FOX-WS$#011N/A#011Success Audit#011fox-ws#011None#011#011A new process has been created.    Subject:   Security ID:  S-1-5-18   Account Name:  FOX-WS$   Account Domain:  WORKGROUP   Logon ID:  0x3e7    Process Information:   New Process ID:  0x758   New Process Name: C:\Windows\System32\SearchIndexer.exe   Token Elevation Type: TokenElevationTypeDefault (1)   Creator Process ID: 0x1dc    Token Elevation Type indicates the type of token that was assigned to the new process in accordance with User Account Control policy.    Type 1 is a full token with no privileges removed or groups disabled.  A full token is only used if User Account Control is disabled or if the user is the built-in Administrator account or a service account.    Type 2 is an elevated token with no privileges removed or groups disabled.  An elevated token is used when User Account Control is enabled and the user chooses to start the program using Run as administrator.  An elevated token is also used when an application is configured to always require administrative privilege or to always require maximum privilege, and the user is a member of the Administrators group.    Type 3 is a limited token with administrative privileges removed and administrative groups disabled.  The limited token is used when User Account Control is enabled, the application does not require administrative privilege, and the user does not choose to start the program using Run as administrator.#01192 
2011-04-26T19:00:00-06:00 fox-ws MSWinEventLog#0111#011Security#011204#011Tue Apr 26 18:59:58 2011#0114673#011Microsoft-Windows-Security-Auditing#011FOX-WS$#011N/A#011Success Audit#011fox-ws#011None#011#011A privileged service was called.    Subject:   Security ID:  S-1-5-18   Account Name:  FOX-WS$   Account Domain:  WORKGROUP   Logon ID:  0x3e7    Service:   Server: NT Local Security Authority / Authentication Service   Service Name: LsaRegisterLogonProcess()    Process:   Process ID: 0x1ec   Process Name: C:\Windows\System32\lsass.exe    Service Request Information:   Privileges:  SeTcbPrivilege#01193 
2011-04-26T19:00:00-06:00 fox-ws MSWinEventLog#0111#011Application#011205#011Tue Apr 26 19:00:00 2011#011102#011ESENT#011N/A#011N/A#011Information#011fox-ws#011None#011#011Windows (1880) Windows: The database engine (6.01.7601.0000) started a new instance (0).#0117 
2011-04-26T19:00:00-06:00 fox-ws MSWinEventLog#0111#011Application#011206#011Tue Apr 26 19:00:00 2011#011300#011ESENT#011N/A#011N/A#011Information#011fox-ws#011None#011#011Windows (1880) Windows: The database engine is initiating recovery steps.#0118 
2011-04-26T19:00:02-06:00 fox-ws MSWinEventLog#0111#011Application#011207#011Tue Apr 26 19:00:00 2011#011301#011ESENT#011N/A#011N/A#011Information#011fox-ws#011None#011#011Windows (1880) Windows: The database engine has begun replaying logfile C:\ProgramData\Microsoft\Search\Data\Applications\Windows\MSS.log.#0119 
2011-04-26T19:00:02-06:00 fox-ws MSWinEventLog#0111#011Application#011208#011Tue Apr 26 19:00:02 2011#011302#011ESENT#011N/A#011N/A#011Information#011fox-ws#011None#011#011Windows (1880) Windows: The database engine has successfully completed recovery steps.#01110 
2011-04-26T19:00:02-06:00 fox-ws MSWinEventLog#0111#011Application#011209#011Tue Apr 26 19:00:02 2011#0111066#011Microsoft-Windows-Security-SPP#011N/A#011N/A#011Information#011fox-ws#011None#011#011Initialization status for service objects.  C:\Windows\system32\sppwinob.dll, msft:spp/windowsfunctionality/agent/7.0, 0x00000000, 0x00000000 C:\Windows\system32\sppobjs.dll, msft:rm/algorithm/phone/1.0, 0x00000000, 0x00000000 C:\Windows\system32\sppobjs.dll, msft:rm/algorithm/pkey/2005, 0x00000000, 0x00000000 C:\Windows\system32\sppobjs.dll, msft:spp/TaskScheduler/1.0, 0x00000000, 0x00000000 C:\Windows\system32\sppobjs.dll, msft:spp/volume/services/kms/1.0, 0x00000000, 0x00000000 C:\Windows\system32\sppobjs.dll, msft:spp/volume/services/kms/licenserenewal/1.0, 0x00000000, 0x00000000 #01111 
2011-04-26T19:00:04-06:00 fox-ws MSWinEventLog#0111#011Application#011210#011Tue Apr 26 19:00:02 2011#0111003#011Microsoft-Windows-Security-SPP#011N/A#011N/A#011Information#011fox-ws#011None#011#011The Software Protection service has completed licensing status check.  Application Id=55c92734-d682-4d71-983e-d6ec3f16059f  Licensing Status= 1: 4de78642-0f7f-4b61-9392-8add86d70ae8, 1, 0 [(0 [0xC004F014, 0, 0], [(?)(?)(?)(?)(?)(?)])(1 )(2 )] 2: 50e329f7-a5fa-46b2-85fd-f224e5da7764, 1, 0 [(0 [0xC004F014, 0, 0], [(?)(?)(?)(?)(?)(?)])(1 )(2 )] 3: 5a79ecd8-d33f-406c-a619-7785899b5d59, 1, 0 [(0 [0xC004F014, 0, 0], [(?)(?)(?)(?)(?)(?)])(1 )(2 )] 4: 770bc271-8dc1-467d-b574-73cbacbeccd1, 1, 0 [(0 [0xC004F014, 0, 0], [(?)(?)(?)(?)(?)(?)])(1 )(2 )] 5: 90a61a0d-0b76-4bf1-a8b8-89061855a4c9, 1, 0 [(0 [0xC004F014, 0, 0], [(?)(?)(?)(?)(?)(?)])(1 )(2 )] 6: 92f9d22a-65f5-49a7-90fe-06491b4fc379, 1, 0 [(0 [0xC004F014, 0, 0], [(?)(?)(?)(?)(?)(?)])(1 )(2 )] 7: 9abf5984-9c16-46f2-ad1e-7fe15931a8dd, 1, 0 [(0 [0xC004F014, 0, 0], [(?)(?)(?)(?)(?)(?)])(1 )(2 )] 8: 9ccffaf9-86a2-414e-b031-b2f777720e90, 1, 0 [(0 [0xC004F014, 0, 0], [(?)(?)(?)(?)(?)(?)])(1 )(2 )] 9: b92e9980-b9d5-4821-9c94-140f632f6312, 1, 0 [(0 [0xC004F014, 0, 0], [(?)(?)(?)(?)(?)(?)])(1 )(2 )] 10: c1027486-8ae8-4633-9cf9-9658ed80504d, 1, 0 [(0 [0xC004F014, 0, 0], [(?)(?)(?)(?)(?)(?)])(1 )(2 )] 11: c1e88de3-96c4-4563-ad7d-775f65b1e670, 1, 0 [(0 [0xC004F014, 0, 0], [(?)(?)(?)(?)(?)(?)])(1 )(2 )] 12: c33001fc-5e9c-4f27-8c05-e0154adb0db4, 1, 0 [(0 [0xC004F014, 0, 0], [(?)(?)(?)(?)(?)(?)])(1 )(2 )] 13: cf3c5b35-35ff-4c95-9bbd-a188e47ad14c, 1, 0 [(0 [0xC004F014, 0, 0], [(?)(?)(?)(?)(?)(?)])(1 )(2 )] 14: cff07cac-7534-4cc3-b3f3-99e1a0aa3c20, 1, 0 [(0 [0xC004F014, 0, 0], [(?)(?)(?)(?)(?)(?)])(1 )(2 )] 15: d188820a-cb63-4bad-a9a2-40b843ee23b7, 1, 0 [(0 [0xC004F014, 0, 0], [(?)(?)(?)(?)(?)(?)])(1 )(2 )] 16: d8e04254-f9a5-4729-ae86-886de6aa907c, 1, 0 [(0 [0xC004F014, 0, 0], [(?)(?)(?)(?)(?)(?)])(1 )(2 )] 17: da22eadd-46dc-4056-a287-f5041c852470, 1, 0 [(0 [0xC004F014, 0, 0], [(?)(?)(?)(?)(?)(?)
2011-04-26T19:00:04-06:00 fox-ws MSWinEventLog#0111#011Application#011211#011Tue Apr 26 19:00:03 2011#0111003#011Microsoft-Windows-Search#011N/A#011N/A#011Information#011fox-ws#011None#011#011The Windows Search Service started. #01113 
2011-04-26T19:00:06-06:00 fox-ws MSWinEventLog#0111#011System#011212#011Tue Apr 26 19:00:03 2011#0117036#011Service Control Manager#011N/A#011N/A#011Information#011fox-ws#011None#011#011The Windows Search service entered the running state.#011103 
2011-04-26T19:00:08-06:00 fox-ws MSWinEventLog#0111#011System#011213#011Tue Apr 26 19:00:05 2011#0117036#011Service Control Manager#011N/A#011N/A#011Information#011fox-ws#011None#011#011The Windows Update service entered the running state.#011104 
2011-04-26T19:00:59-06:00 dog-ws MSWinEventLog#0110#011Security#011736#011Tue Apr 26 19:00:59 2011#011592#011Security#011SYSTEM#011User#011Success Audit#011DOG-WS#011Detailed Tracking#011#011A new process has been created:     New Process ID: 3972     Image File Name: C:\WINDOWS\system32\logon.scr     Creator Process ID: 640     User Name: DOG-WS$     Domain: WORKGROUP     Logon ID: (0x0,0x3E7)    #011680
2011-04-26T19:00:52-06:00 fox-ws MSWinEventLog#0111#011Security#011214#011Tue Apr 26 19:00:51 2011#0114673#011Microsoft-Windows-Security-Auditing#011FOX-WS$#011N/A#011Success Audit#011fox-ws#011None#011#011A privileged service was called.    Subject:   Security ID:  S-1-5-18   Account Name:  FOX-WS$   Account Domain:  WORKGROUP   Logon ID:  0x3e7    Service:   Server: NT Local Security Authority / Authentication Service   Service Name: LsaRegisterLogonProcess()    Process:   Process ID: 0x1ec   Process Name: C:\Windows\System32\lsass.exe    Service Request Information:   Privileges:  SeTcbPrivilege#01194 
2011-04-26T19:00:52-06:00 fox-ws MSWinEventLog#0110#011Security#011215#011Tue Apr 26 19:00:51 2011#0114688#011Microsoft-Windows-Security-Auditing#011FOX-WS$#011N/A#011Success Audit#011fox-ws#011None#011#011A new process has been created.    Subject:   Security ID:  S-1-5-18   Account Name:  FOX-WS$   Account Domain:  WORKGROUP   Logon ID:  0x3e7    Process Information:   New Process ID:  0x368   New Process Name: C:\Windows\System32\wbem\WmiPrvSE.exe   Token Elevation Type: TokenElevationTypeDefault (1)   Creator Process ID: 0x264    Token Elevation Type indicates the type of token that was assigned to the new process in accordance with User Account Control policy.    Type 1 is a full token with no privileges removed or groups disabled.  A full token is only used if User Account Control is disabled or if the user is the built-in Administrator account or a service account.    Type 2 is an elevated token with no privileges removed or groups disabled.  An elevated token is used when User Account Control is enabled and the user chooses to start the program using Run as administrator.  An elevated token is also used when an application is configured to always require administrative privilege or to always require maximum privilege, and the user is a member of the Administrators group.    Type 3 is a limited token with administrative privileges removed and administrative groups disabled.  The limited token is used when User Account Control is enabled, the application does not require administrative privilege, and the user does not choose to start the program using Run as administrator.#01195 
2011-04-26T19:00:54-06:00 fox-ws MSWinEventLog#0111#011Security#011216#011Tue Apr 26 19:00:52 2011#0114673#011Microsoft-Windows-Security-Auditing#011FOX-WS$#011N/A#011Success Audit#011fox-ws#011None#011#011A privileged service was called.    Subject:   Security ID:  S-1-5-18   Account Name:  FOX-WS$   Account Domain:  WORKGROUP   Logon ID:  0x3e7    Service:   Server: NT Local Security Authority / Authentication Service   Service Name: LsaRegisterLogonProcess()    Process:   Process ID: 0x1ec   Process Name: C:\Windows\System32\lsass.exe    Service Request Information:   Privileges:  SeTcbPrivilege#01196 
2011-04-26T19:00:54-06:00 fox-ws MSWinEventLog#0111#011Security#011217#011Tue Apr 26 19:00:52 2011#0114673#011Microsoft-Windows-Security-Auditing#011FOX-WS$#011N/A#011Success Audit#011fox-ws#011None#011#011A privileged service was called.    Subject:   Security ID:  S-1-5-18   Account Name:  FOX-WS$   Account Domain:  WORKGROUP   Logon ID:  0x3e7    Service:   Server: NT Local Security Authority / Authentication Service   Service Name: LsaRegisterLogonProcess()    Process:   Process ID: 0x1ec   Process Name: C:\Windows\System32\lsass.exe    Service Request Information:   Privileges:  SeTcbPrivilege#01197 
2011-04-26T19:04:31-06:00 elephant-ws MSWinEventLog#0110#011Security#011683#011Tue Apr 26 19:04:31 2011#011592#011Security#011SYSTEM#011User#011Success Audit#011ELEPHANT-WS#011Detailed Tracking#011#011A new process has been created:     New Process ID: 3772     Image File Name: C:\WINDOWS\system32\logon.scr     Creator Process ID: 1844     User Name: ELEPHANT-WS$     Domain: WORKGROUP     Logon ID: (0x0,0x3E7)    #011565
2011-04-26T19:04:36-06:00 elephant-ws MSWinEventLog#0110#011Security#011684#011Tue Apr 26 19:04:31 2011#011593#011Security#011SYSTEM#011User#011Success Audit#011ELEPHANT-WS#011Detailed Tracking#011#011A process has exited:     Process ID: 3532     Image File Name: C:\WINDOWS\system32\logonui.exe     User Name: ELEPHANT-WS$     Domain: WORKGROUP     Logon ID: (0x0,0x3E7)    #011566
