2011-04-26T18:56:34-06:00 fox-ws MSWinEventLog#0110#011Security#011474#011Tue Apr 26 18:56:34 2011#0114689#011Microsoft-Windows-Security-Auditing#011bob#011N/A#011Success Audit#011fox-ws#011None#011#011A process has exited.    Subject:   Security ID:  S-1-5-21-29357171-1333843320-2140510157-1002   Account Name:  bob   Account Domain:  fox-ws   Logon ID:  0x2ddf0    Process Information:   Process ID: 0x4b8   Process Name: C:\Windows\System32\SearchProtocolHost.exe   Exit Status: 0x40010004#011315 
2011-04-26T18:56:36-06:00 fox-ws MSWinEventLog#0111#011Application#011475#011Tue Apr 26 18:56:36 2011#0119009#011Desktop Window Manager#011N/A#011N/A#011Information#011fox-ws#011None#011#011The Desktop Window Manager has exited with code (0x40010004)#01122 
2011-04-26T18:56:36-06:00 fox-ws MSWinEventLog#0110#011Security#011476#011Tue Apr 26 18:56:35 2011#0114689#011Microsoft-Windows-Security-Auditing#011bob#011N/A#011Success Audit#011fox-ws#011None#011#011A process has exited.    Subject:   Security ID:  S-1-5-21-29357171-1333843320-2140510157-1002   Account Name:  bob   Account Domain:  fox-ws   Logon ID:  0x2ddf0    Process Information:   Process ID: 0x11c   Process Name: C:\Windows\explorer.exe   Exit Status: 0x40010004#011316 
2011-04-26T18:56:36-06:00 fox-ws MSWinEventLog#0110#011Security#011477#011Tue Apr 26 18:56:35 2011#0114689#011Microsoft-Windows-Security-Auditing#011bob#011N/A#011Success Audit#011fox-ws#011None#011#011A process has exited.    Subject:   Security ID:  S-1-5-21-29357171-1333843320-2140510157-1002   Account Name:  bob   Account Domain:  fox-ws   Logon ID:  0x2ddf0    Process Information:   Process ID: 0x250   Process Name: C:\Windows\System32\taskhost.exe   Exit Status: 0x40010004#011317 
2011-04-26T18:56:36-06:00 fox-ws MSWinEventLog#0110#011Security#011478#011Tue Apr 26 18:56:36 2011#0114689#011Microsoft-Windows-Security-Auditing#011bob#011N/A#011Success Audit#011fox-ws#011None#011#011A process has exited.    Subject:   Security ID:  S-1-5-21-29357171-1333843320-2140510157-1002   Account Name:  bob   Account Domain:  fox-ws   Logon ID:  0x2ddf0    Process Information:   Process ID: 0x750   Process Name: C:\Windows\System32\dwm.exe   Exit Status: 0x40010004#011318 
2011-04-26T18:56:36-06:00 fox-ws MSWinEventLog#0111#011Security#011479#011Tue Apr 26 18:56:36 2011#0114647#011Microsoft-Windows-Security-Auditing#011bob#011N/A#011Success Audit#011fox-ws#011None#011#011User initiated logoff:    Subject:   Security ID:  S-1-5-21-29357171-1333843320-2140510157-1002   Account Name:  bob   Account Domain:  fox-ws   Logon ID:  0x2ddf0    This event is generated when a logoff is initiated. No further user-initiated activity can occur. This event can be interpreted as a logoff event.#011319 
2011-04-26T18:56:38-06:00 fox-ws MSWinEventLog#0111#011System#011480#011Tue Apr 26 18:56:37 2011#0111074#011USER32#011S-1-5-21-29357171-1333843320-2140510157-1002#011N/A#011Information#011fox-ws#011None#011#011The process C:\Windows\system32\winlogon.exe (FOX-WS) has initiated the power off of computer FOX-WS on behalf of user fox-ws\bob for the following reason: No title for this reason could be found   Reason Code: 0x500ff   Shutdown Type: power off   Comment: #011136 
2011-04-26T18:56:38-06:00 fox-ws MSWinEventLog#0111#011System#011481#011Tue Apr 26 18:56:37 2011#01114205#011Microsoft-Windows-WMPNSS-Service#011N/A#011N/A#011Information#011fox-ws#011None#011#011Service 'WMPNetworkSvc' stopped.#011137 
2011-04-26T18:56:38-06:00 fox-ws MSWinEventLog#0111#011System#011482#011Tue Apr 26 18:56:37 2011#0117002#011Microsoft-Windows-Winlogon#011S-1-5-18#011N/A#011Information#011fox-ws#011None#011#011User Logoff Notification for Customer Experience Improvement Program#011138 
2011-04-26T18:56:38-06:00 fox-ws MSWinEventLog#0110#011Security#011483#011Tue Apr 26 18:56:36 2011#0114688#011Microsoft-Windows-Security-Auditing#011FOX-WS$#011N/A#011Success Audit#011fox-ws#011None#011#011A new process has been created.    Subject:   Security ID:  S-1-5-18   Account Name:  FOX-WS$   Account Domain:  WORKGROUP   Logon ID:  0x3e7    Process Information:   New Process ID:  0x5a4   New Process Name: C:\Windows\System32\SearchProtocolHost.exe   Token Elevation Type: TokenElevationTypeDefault (1)   Creator Process ID: 0x7d4    Token Elevation Type indicates the type of token that was assigned to the new process in accordance with User Account Control policy.    Type 1 is a full token with no privileges removed or groups disabled.  A full token is only used if User Account Control is disabled or if the user is the built-in Administrator account or a service account.    Type 2 is an elevated token with no privileges removed or groups disabled.  An elevated token is used when User Account Control is enabled and the user chooses to start the program using Run as administrator.  An elevated token is also used when an application is configured to always require administrative privilege or to always require maximum privilege, and the user is a member of the Administrators group.    Type 3 is a limited token with administrative privileges removed and administrative groups disabled.  The limited token is used when User Account Control is enabled, the application does not require administrative privilege, and the user does not choose to start the program using Run as administrator.#011320 
2011-04-26T18:56:38-06:00 fox-ws MSWinEventLog#0111#011System#011484#011Tue Apr 26 18:56:37 2011#0117036#011Service Control Manager#011N/A#011N/A#011Information#011fox-ws#011None#011#011The UPnP Device Host service entered the running state.#011139 
2011-04-26T18:56:38-06:00 fox-ws MSWinEventLog#0111#011Security#011485#011Tue Apr 26 18:56:37 2011#0114674#011Microsoft-Windows-Security-Auditing#011bob#011N/A#011Success Audit#011fox-ws#011None#011#011An operation was attempted on a privileged object.    Subject:   Security ID:  S-1-5-21-29357171-1333843320-2140510157-1002   Account Name:  bob   Account Domain:  fox-ws   Logon ID:  0x2ddf0    Object:   Object Server: Win32 SystemShutdown module   Object Type: -   Object Name: -   Object Handle: 0x0    Process Information:   Process ID: 0x18c   Process Name: C:\Windows\System32\wininit.exe    Requested Operation:   Desired Access: 0   Privileges:  SeShutdownPrivilege#011321 
2011-04-26T18:56:38-06:00 fox-ws MSWinEventLog#0111#011System#011486#011Tue Apr 26 18:56:37 2011#0117036#011Service Control Manager#011N/A#011N/A#011Information#011fox-ws#011None#011#011The Windows Media Player Network Sharing Service service entered the stopped state.#011140 
2011-04-26T18:56:38-06:00 fox-ws MSWinEventLog#0110#011Security#011487#011Tue Apr 26 18:56:37 2011#0114688#011Microsoft-Windows-Security-Auditing#011FOX-WS$#011N/A#011Success Audit#011fox-ws#011None#011#011A new process has been created.    Subject:   Security ID:  S-1-5-18   Account Name:  FOX-WS$   Account Domain:  WORKGROUP   Logon ID:  0x3e7    Process Information:   New Process ID:  0xd10   New Process Name: C:\Windows\System32\LogonUI.exe   Token Elevation Type: TokenElevationTypeDefault (1)   Creator Process ID: 0x18c    Token Elevation Type indicates the type of token that was assigned to the new process in accordance with User Account Control policy.    Type 1 is a full token with no privileges removed or groups disabled.  A full token is only used if User Account Control is disabled or if the user is the built-in Administrator account or a service account.    Type 2 is an elevated token with no privileges removed or groups disabled.  An elevated token is used when User Account Control is enabled and the user chooses to start the program using Run as administrator.  An elevated token is also used when an application is configured to always require administrative privilege or to always require maximum privilege, and the user is a member of the Administrators group.    Type 3 is a limited token with administrative privileges removed and administrative groups disabled.  The limited token is used when User Account Control is enabled, the application does not require administrative privilege, and the user does not choose to start the program using Run as administrator.#011322 
2011-04-26T18:56:38-06:00 fox-ws MSWinEventLog#0111#011Security#011488#011Tue Apr 26 18:56:37 2011#0114624#011Microsoft-Windows-Security-Auditing#011SYSTEM#011N/A#011Success Audit#011fox-ws#011None#011#011An account was successfully logged on.    Subject:   Security ID:  S-1-5-18   Account Name:  FOX-WS$   Account Domain:  WORKGROUP   Logon ID:  0x3e7    Logon Type:   5    New Logon:   Security ID:  S-1-5-18   Account Name:  SYSTEM   Account Domain:  NT AUTHORITY   Logon ID:  0x3e7   Logon GUID:  {00000000-0000-0000-0000-000000000000}    Process Information:   Process ID:  0x1d8   Process Name:  C:\Windows\System32\services.exe    Network Information:   Workstation Name:    Source Network Address: -   Source Port:  -    Detailed Authentication Information:   Logon Process:  Advapi     Authentication Package: Negotiate   Transited Services: -   Package Name (NTLM only): -   Key Length:  0    This event is generated when a logon session is created. It is generated on the computer that was accessed.    The subject fields indicate the account on the local system which requested the logon. This is most commonly a service such as the Server service, or a local process such as Winlogon.exe or Services.exe.    The logon type field indicates the kind of logon that occurred. The most common types are 2 (interactive) and 3 (network).    The New Logon fields indicate the account for whom the new logon was created, i.e. the account that was logged on.    The network fields indicate where a remote logon request originated. Workstation name is not always available and may be left blank in some cases.    The authentication information fields provide detailed information about this specific logon request.   - Logon GUID is a unique identifier that can be used to correlate this event with a KDC event.   - Transited services indicate which intermediate services have participated in this logon request.   - Package name indicates which sub-protocol was used among the NTLM protocols.   - Key length indicates the length of the generated ses
2011-04-26T18:56:38-06:00 fox-ws MSWinEventLog#0111#011Security#011489#011Tue Apr 26 18:56:37 2011#0114672#011Microsoft-Windows-Security-Auditing#011SYSTEM#011N/A#011Success Audit#011fox-ws#011None#011#011Special privileges assigned to new logon.    Subject:   Security ID:  S-1-5-18   Account Name:  SYSTEM   Account Domain:  NT AUTHORITY   Logon ID:  0x3e7    Privileges:  SeAssignPrimaryTokenPrivilege     SeTcbPrivilege     SeSecurityPrivilege     SeTakeOwnershipPrivilege     SeLoadDriverPrivilege     SeBackupPrivilege     SeRestorePrivilege     SeDebugPrivilege     SeAuditPrivilege     SeSystemEnvironmentPrivilege     SeImpersonatePrivilege#011324 
2011-04-26T18:56:38-06:00 fox-ws MSWinEventLog#0110#011Security#011490#011Tue Apr 26 18:56:37 2011#0114688#011Microsoft-Windows-Security-Auditing#011FOX-WS$#011N/A#011Success Audit#011fox-ws#011None#011#011A new process has been created.    Subject:   Security ID:  S-1-5-18   Account Name:  FOX-WS$   Account Domain:  WORKGROUP   Logon ID:  0x3e7    Process Information:   New Process ID:  0xb80   New Process Name: C:\Windows\servicing\TrustedInstaller.exe   Token Elevation Type: TokenElevationTypeDefault (1)   Creator Process ID: 0x1d8    Token Elevation Type indicates the type of token that was assigned to the new process in accordance with User Account Control policy.    Type 1 is a full token with no privileges removed or groups disabled.  A full token is only used if User Account Control is disabled or if the user is the built-in Administrator account or a service account.    Type 2 is an elevated token with no privileges removed or groups disabled.  An elevated token is used when User Account Control is enabled and the user chooses to start the program using Run as administrator.  An elevated token is also used when an application is configured to always require administrative privilege or to always require maximum privilege, and the user is a member of the Administrators group.    Type 3 is a limited token with administrative privileges removed and administrative groups disabled.  The limited token is used when User Account Control is enabled, the application does not require administrative privilege, and the user does not choose to start the program using Run as administrator.#011325 
2011-04-26T18:56:38-06:00 fox-ws MSWinEventLog#0110#011Security#011491#011Tue Apr 26 18:56:37 2011#0114689#011Microsoft-Windows-Security-Auditing#011FOX-WS$#011N/A#011Success Audit#011fox-ws#011None#011#011A process has exited.    Subject:   Security ID:  S-1-5-20   Account Name:  FOX-WS$   Account Domain:  WORKGROUP   Logon ID:  0x3e4    Process Information:   Process ID: 0x818   Process Name: C:\Program Files\Windows Media Player\wmpnetwk.exe   Exit Status: 0x0#011326 
2011-04-26T18:57:50-06:00 fox-ws MSWinEventLog#0110#011Security#0114#011Tue Apr 26 18:56:40 2011#0114689#011Microsoft-Windows-Security-Auditing#011FOX-WS$#011N/A#011Success Audit#011fox-ws#011None#011#011A process has exited.    Subject:   Security ID:  S-1-5-18   Account Name:  FOX-WS$   Account Domain:  WORKGROUP   Logon ID:  0x3e7    Process Information:   Process ID: 0x5bc   Process Name: C:\Program Files\Snare\SnareCore.exe   Exit Status: 0x0#0110 
2011-04-26T18:57:50-06:00 fox-ws MSWinEventLog#0111#011System#0115#011Tue Apr 26 18:56:39 2011#01127#011Microsoft-Windows-WindowsUpdateClient#011S-1-5-18#011N/A#011Information#011fox-ws#011None#011#011Automatic Updates is now paused.#0112 
2011-04-26T18:57:50-06:00 fox-ws MSWinEventLog#0111#011Application#0116#011Tue Apr 26 18:57:45 2011#0114625#011Microsoft-Windows-EventSystem#011N/A#011N/A#011Information#011fox-ws#011None#011#011The EventSystem sub system is suppressing duplicate event log entries for a duration of 86400 seconds.  The suppression timeout can be controlled by a REG_DWORD value named SuppressDuplicateDuration under the following registry key: HKLM\Software\Microsoft\EventSystem\EventLog.#0111 
2011-04-26T18:57:50-06:00 fox-ws MSWinEventLog#0110#011Security#0117#011Tue Apr 26 18:56:40 2011#0114689#011Microsoft-Windows-Security-Auditing#011FOX-WS$#011N/A#011Success Audit#011fox-ws#011None#011#011A process has exited.    Subject:   Security ID:  S-1-5-18   Account Name:  FOX-WS$   Account Domain:  WORKGROUP   Logon ID:  0x3e7    Process Information:   Process ID: 0x624   Process Name: C:\Windows\System32\SearchFilterHost.exe   Exit Status: 0x0#0111 
2011-04-26T18:57:50-06:00 fox-ws MSWinEventLog#0111#011System#0118#011Tue Apr 26 18:56:39 2011#0117036#011Service Control Manager#011N/A#011N/A#011Information#011fox-ws#011None#011#011The Windows Update service entered the stopped state.#0113 
2011-04-26T18:57:50-06:00 fox-ws MSWinEventLog#0111#011Application#0119#011Tue Apr 26 18:57:44 2011#0111531#011Microsoft-Windows-User Profiles Service#011S-1-5-18#011N/A#011Information#011fox-ws#011None#011#011The User Profile Service has started successfully.      #0112 
2011-04-26T18:57:50-06:00 fox-ws MSWinEventLog#0110#011Security#01110#011Tue Apr 26 18:56:40 2011#0114689#011Microsoft-Windows-Security-Auditing#011FOX-WS$#011N/A#011Success Audit#011fox-ws#011None#011#011A process has exited.    Subject:   Security ID:  S-1-5-18   Account Name:  FOX-WS$   Account Domain:  WORKGROUP   Logon ID:  0x3e7    Process Information:   Process ID: 0x5a4   Process Name: C:\Windows\System32\SearchProtocolHost.exe   Exit Status: 0x0#0112 
2011-04-26T18:57:50-06:00 fox-ws MSWinEventLog#0111#011System#01111#011Tue Apr 26 18:56:39 2011#0117036#011Service Control Manager#011N/A#011N/A#011Information#011fox-ws#011None#011#011The Group Policy Client service entered the stopped state.#0114 
2011-04-26T18:57:50-06:00 fox-ws MSWinEventLog#0111#011Application#01112#011Tue Apr 26 18:57:48 2011#011105#011SNARE#011N/A#011N/A#011Information#011fox-ws#011None#011#011The service was started.#0113 
2011-04-26T18:57:50-06:00 fox-ws MSWinEventLog#0111#011System#01113#011Tue Apr 26 18:56:40 2011#0117036#011Service Control Manager#011N/A#011N/A#011Information#011fox-ws#011None#011#011The Certificate Propagation service entered the stopped state.#0115 
2011-04-26T18:57:50-06:00 fox-ws MSWinEventLog#0110#011Security#01114#011Tue Apr 26 18:56:40 2011#0114689#011Microsoft-Windows-Security-Auditing#011LOCAL SERVICE#011N/A#011Success Audit#011fox-ws#011None#011#011A process has exited.    Subject:   Security ID:  S-1-5-19   Account Name:  LOCAL SERVICE   Account Domain:  NT AUTHORITY   Logon ID:  0x3e5    Process Information:   Process ID: 0x584   Process Name: C:\Windows\System32\svchost.exe   Exit Status: 0x0#0113 
2011-04-26T18:57:50-06:00 fox-ws MSWinEventLog#0110#011Security#01116#011Tue Apr 26 18:56:41 2011#0114689#011Microsoft-Windows-Security-Auditing#011FOX-WS$#011N/A#011Success Audit#011fox-ws#011None#011#011A process has exited.    Subject:   Security ID:  S-1-5-18   Account Name:  FOX-WS$   Account Domain:  WORKGROUP   Logon ID:  0x3e7    Process Information:   Process ID: 0x6a0   Process Name: C:\Windows\System32\svchost.exe   Exit Status: 0x0#0114 
2011-04-26T18:57:50-06:00 fox-ws MSWinEventLog#0110#011Security#01118#011Tue Apr 26 18:56:41 2011#0114689#011Microsoft-Windows-Security-Auditing#011FOX-WS$#011N/A#011Success Audit#011fox-ws#011None#011#011A process has exited.    Subject:   Security ID:  S-1-5-18   Account Name:  FOX-WS$   Account Domain:  WORKGROUP   Logon ID:  0x3e7    Process Information:   Process ID: 0xb80   Process Name: C:\Windows\servicing\TrustedInstaller.exe   Exit Status: 0x0#0115 
2011-04-26T18:57:50-06:00 fox-ws MSWinEventLog#0110#011Security#01120#011Tue Apr 26 18:56:42 2011#0114689#011Microsoft-Windows-Security-Auditing#011FOX-WS$#011N/A#011Success Audit#011fox-ws#011None#011#011A process has exited.    Subject:   Security ID:  S-1-5-18   Account Name:  FOX-WS$   Account Domain:  WORKGROUP   Logon ID:  0x3e7    Process Information:   Process ID: 0x7d4   Process Name: C:\Windows\System32\SearchIndexer.exe   Exit Status: 0x0#0116 
2011-04-26T18:57:50-06:00 fox-ws MSWinEventLog#0111#011System#01121#011Tue Apr 26 18:56:40 2011#0117036#011Service Control Manager#011N/A#011N/A#011Information#011fox-ws#011None#011#011The Diagnostic Policy Service service entered the stopped state.#0119 
2011-04-26T18:57:50-06:00 fox-ws MSWinEventLog#0111#011Security#01122#011Tue Apr 26 18:57:39 2011#0114608#011Microsoft-Windows-Security-Auditing#011N/A#011N/A#011Success Audit#011fox-ws#011None#011#011Windows is starting up.    This event is logged when LSASS.EXE starts and the auditing subsystem is initialized.#0117 
2011-04-26T18:57:50-06:00 fox-ws MSWinEventLog#0111#011System#01123#011Tue Apr 26 18:56:40 2011#0117036#011Service Control Manager#011N/A#011N/A#011Information#011fox-ws#011None#011#011The Diagnostic Service Host service entered the stopped state.#01110 
2011-04-26T18:57:50-06:00 fox-ws MSWinEventLog#0111#011Security#01124#011Tue Apr 26 18:57:39 2011#0114624#011Microsoft-Windows-Security-Auditing#011SYSTEM#011N/A#011Success Audit#011fox-ws#011None#011#011An account was successfully logged on.    Subject:   Security ID:  S-1-0-0   Account Name:  -   Account Domain:  -   Logon ID:  0x0    Logon Type:   0    New Logon:   Security ID:  S-1-5-18   Account Name:  SYSTEM   Account Domain:  NT AUTHORITY   Logon ID:  0x3e7   Logon GUID:  {00000000-0000-0000-0000-000000000000}    Process Information:   Process ID:  0x4   Process Name:      Network Information:   Workstation Name: -   Source Network Address: -   Source Port:  -    Detailed Authentication Information:   Logon Process:  -   Authentication Package: -   Transited Services: -   Package Name (NTLM only): -   Key Length:  0    This event is generated when a logon session is created. It is generated on the computer that was accessed.    The subject fields indicate the account on the local system which requested the logon. This is most commonly a service such as the Server service, or a local process such as Winlogon.exe or Services.exe.    The logon type field indicates the kind of logon that occurred. The most common types are 2 (interactive) and 3 (network).    The New Logon fields indicate the account for whom the new logon was created, i.e. the account that was logged on.    The network fields indicate where a remote logon request originated. Workstation name is not always available and may be left blank in some cases.    The authentication information fields provide detailed information about this specific logon request.   - Logon GUID is a unique identifier that can be used to correlate this event with a KDC event.   - Transited services indicate which intermediate services have participated in this logon request.   - Package name indicates which sub-protocol was used among the NTLM protocols.   - Key length indicates the length of the generated session key. This will be 0 if no session key was requested.#0118 
2011-04-26T18:57:50-06:00 fox-ws MSWinEventLog#0111#011System#01125#011Tue Apr 26 18:56:40 2011#0117036#011Service Control Manager#011N/A#011N/A#011Information#011fox-ws#011None#011#011The Power service entered the stopped state.#01111 
2011-04-26T18:57:50-06:00 fox-ws MSWinEventLog#0111#011System#01126#011Tue Apr 26 18:56:40 2011#01120010#011Microsoft-Windows-UserPnp#011S-1-5-18#011N/A#011Information#011fox-ws#011None#011#011One or more of the Plug and Play service's subsystems has changed state.     PlugPlay install subsystem enabled: 'false'   PlugPlay caching subsystem enabled: 'false'   #01112 
2011-04-26T18:57:50-06:00 fox-ws MSWinEventLog#0111#011System#01127#011Tue Apr 26 18:56:40 2011#0117036#011Service Control Manager#011N/A#011N/A#011Information#011fox-ws#011None#011#011The Plug and Play service entered the stopped state.#01113 
2011-04-26T18:57:50-06:00 fox-ws MSWinEventLog#0111#011System#01128#011Tue Apr 26 18:57:41 2011#0116009#011EventLog#011N/A#011N/A#011Information#011fox-ws#011None#011#011Microsoft (R) Windows (R) 6.01. 7601 Service Pack 1 Multiprocessor Free.#01114 
2011-04-26T18:57:50-06:00 fox-ws MSWinEventLog#0111#011System#01129#011Tue Apr 26 18:57:41 2011#0116005#011EventLog#011N/A#011N/A#011Information#011fox-ws#011None#011#011The Event log service was started.#01115 
2011-04-26T18:57:50-06:00 fox-ws MSWinEventLog#0111#011System#01130#011Tue Apr 26 18:57:41 2011#0116013#011EventLog#011N/A#011N/A#011Information#011fox-ws#011None#011#011The system uptime is 13 seconds.#01116 
2011-04-26T18:57:50-06:00 fox-ws MSWinEventLog#0111#011System#01131#011Tue Apr 26 18:56:40 2011#0117036#011Service Control Manager#011N/A#011N/A#011Information#011fox-ws#011None#011#011The User Profile Service service entered the stopped state.#01117 
2011-04-26T18:57:50-06:00 fox-ws MSWinEventLog#0111#011System#01132#011Tue Apr 26 18:56:40 2011#0117036#011Service Control Manager#011N/A#011N/A#011Information#011fox-ws#011None#011#011The SNARE service entered the stopped state.#01118 
2011-04-26T18:57:50-06:00 fox-ws MSWinEventLog#0111#011System#01133#011Tue Apr 26 18:56:40 2011#0117036#011Service Control Manager#011N/A#011N/A#011Information#011fox-ws#011None#011#011The Windows Event Log service entered the stopped state.#01119 
2011-04-26T18:57:50-06:00 fox-ws MSWinEventLog#0111#011System#01134#011Tue Apr 26 18:56:40 2011#0117036#011Service Control Manager#011N/A#011N/A#011Information#011fox-ws#011None#011#011The Remote Desktop Services UserMode Port Redirector service entered the stopped state.#01120 
2011-04-26T18:57:50-06:00 fox-ws MSWinEventLog#0111#011System#01135#011Tue Apr 26 18:56:40 2011#0117036#011Service Control Manager#011N/A#011N/A#011Information#011fox-ws#011None#011#011The Desktop Window Manager Session Manager service entered the stopped state.#01121 
2011-04-26T18:57:50-06:00 fox-ws MSWinEventLog#0111#011Security#01136#011Tue Apr 26 18:57:39 2011#0114673#011Microsoft-Windows-Security-Auditing#011FOX-WS$#011N/A#011Success Audit#011fox-ws#011None#011#011A privileged service was called.    Subject:   Security ID:  S-1-5-18   Account Name:  FOX-WS$   Account Domain:  WORKGROUP   Logon ID:  0x3e7    Service:   Server: NT Local Security Authority / Authentication Service   Service Name: LsaRegisterLogonProcess()    Process:   Process ID: 0x1ec   Process Name: C:\Windows\System32\lsass.exe    Service Request Information:   Privileges:  SeTcbPrivilege#0119 
2011-04-26T18:57:50-06:00 fox-ws MSWinEventLog#0111#011System#01137#011Tue Apr 26 18:56:40 2011#0117036#011Service Control Manager#011N/A#011N/A#011Information#011fox-ws#011None#011#011The Distributed Link Tracking Client service entered the stopped state.#01122 
2011-04-26T18:57:50-06:00 fox-ws MSWinEventLog#0111#011System#01138#011Tue Apr 26 18:56:40 2011#0117036#011Service Control Manager#011N/A#011N/A#011Information#011fox-ws#011None#011#011The Function Discovery Resource Publication service entered the stopped state.#01123 
2011-04-26T18:57:50-06:00 fox-ws MSWinEventLog#0111#011Security#01139#011Tue Apr 26 18:57:39 2011#0114673#011Microsoft-Windows-Security-Auditing#011FOX-WS$#011N/A#011Success Audit#011fox-ws#011None#011#011A privileged service was called.    Subject:   Security ID:  S-1-5-18   Account Name:  FOX-WS$   Account Domain:  WORKGROUP   Logon ID:  0x3e7    Service:   Server: NT Local Security Authority / Authentication Service   Service Name: LsaRegisterLogonProcess()    Process:   Process ID: 0x1ec   Process Name: C:\Windows\System32\lsass.exe    Service Request Information:   Privileges:  SeTcbPrivilege#01110 
2011-04-26T18:57:50-06:00 fox-ws MSWinEventLog#0111#011System#01140#011Tue Apr 26 18:56:40 2011#0117036#011Service Control Manager#011N/A#011N/A#011Information#011fox-ws#011None#011#011The SSDP Discovery service entered the stopped state.#01124 
2011-04-26T18:57:50-06:00 fox-ws MSWinEventLog#0111#011System#01141#011Tue Apr 26 18:56:40 2011#0117036#011Service Control Manager#011N/A#011N/A#011Information#011fox-ws#011None#011#011The UPnP Device Host service entered the stopped state.#01125 
2011-04-26T18:57:50-06:00 fox-ws MSWinEventLog#0111#011Security#01142#011Tue Apr 26 18:57:39 2011#0114673#011Microsoft-Windows-Security-Auditing#011FOX-WS$#011N/A#011Success Audit#011fox-ws#011None#011#011A privileged service was called.    Subject:   Security ID:  S-1-5-18   Account Name:  FOX-WS$   Account Domain:  WORKGROUP   Logon ID:  0x3e7    Service:   Server: NT Local Security Authority / Authentication Service   Service Name: LsaRegisterLogonProcess()    Process:   Process ID: 0x1ec   Process Name: C:\Windows\System32\lsass.exe    Service Request Information:   Privileges:  SeTcbPrivilege#01111 
2011-04-26T18:57:50-06:00 fox-ws MSWinEventLog#0111#011System#01143#011Tue Apr 26 18:56:40 2011#0117036#011Service Control Manager#011N/A#011N/A#011Information#011fox-ws#011None#011#011The Security Center service entered the stopped state.#01126 
2011-04-26T18:57:50-06:00 fox-ws MSWinEventLog#0111#011Security#01144#011Tue Apr 26 18:57:39 2011#0114624#011Microsoft-Windows-Security-Auditing#011SYSTEM#011N/A#011Success Audit#011fox-ws#011None#011#011An account was successfully logged on.    Subject:   Security ID:  S-1-5-18   Account Name:  FOX-WS$   Account Domain:  WORKGROUP   Logon ID:  0x3e7    Logon Type:   5    New Logon:   Security ID:  S-1-5-18   Account Name:  SYSTEM   Account Domain:  NT AUTHORITY   Logon ID:  0x3e7   Logon GUID:  {00000000-0000-0000-0000-000000000000}    Process Information:   Process ID:  0x1dc   Process Name:  C:\Windows\System32\services.exe    Network Information:   Workstation Name:    Source Network Address: -   Source Port:  -    Detailed Authentication Information:   Logon Process:  Advapi     Authentication Package: Negotiate   Transited Services: -   Package Name (NTLM only): -   Key Length:  0    This event is generated when a logon session is created. It is generated on the computer that was accessed.    The subject fields indicate the account on the local system which requested the logon. This is most commonly a service such as the Server service, or a local process such as Winlogon.exe or Services.exe.    The logon type field indicates the kind of logon that occurred. The most common types are 2 (interactive) and 3 (network).    The New Logon fields indicate the account for whom the new logon was created, i.e. the account that was logged on.    The network fields indicate where a remote logon request originated. Workstation name is not always available and may be left blank in some cases.    The authentication information fields provide detailed information about this specific logon request.   - Logon GUID is a unique identifier that can be used to correlate this event with a KDC event.   - Transited services indicate which intermediate services have participated in this logon request.   - Package name indicates which sub-protocol was used among the NTLM protocols.   - Key length indicates the length of the generated sess
2011-04-26T18:57:50-06:00 fox-ws MSWinEventLog#0111#011System#01145#011Tue Apr 26 18:56:40 2011#0117036#011Service Control Manager#011N/A#011N/A#011Information#011fox-ws#011None#011#011The Windows Font Cache Service service entered the stopped state.#01127 
2011-04-26T18:57:50-06:00 fox-ws MSWinEventLog#0111#011System#01146#011Tue Apr 26 18:56:40 2011#0117036#011Service Control Manager#011N/A#011N/A#011Information#011fox-ws#011None#011#011The Windows Management Instrumentation service entered the stopped state.#01128 
2011-04-26T18:57:50-06:00 fox-ws MSWinEventLog#0111#011System#01147#011Tue Apr 26 18:56:40 2011#0117036#011Service Control Manager#011N/A#011N/A#011Information#011fox-ws#011None#011#011The Remote Desktop Services service entered the stopped state.#01129 
2011-04-26T18:57:50-06:00 fox-ws MSWinEventLog#0111#011Security#01148#011Tue Apr 26 18:57:39 2011#0114672#011Microsoft-Windows-Security-Auditing#011SYSTEM#011N/A#011Success Audit#011fox-ws#011None#011#011Special privileges assigned to new logon.    Subject:   Security ID:  S-1-5-18   Account Name:  SYSTEM   Account Domain:  NT AUTHORITY   Logon ID:  0x3e7    Privileges:  SeAssignPrimaryTokenPrivilege     SeTcbPrivilege     SeSecurityPrivilege     SeTakeOwnershipPrivilege     SeLoadDriverPrivilege     SeBackupPrivilege     SeRestorePrivilege     SeDebugPrivilege     SeAuditPrivilege     SeSystemEnvironmentPrivilege     SeImpersonatePrivilege#01113 
2011-04-26T18:57:50-06:00 fox-ws MSWinEventLog#0111#011System#01149#011Tue Apr 26 18:56:41 2011#0117036#011Service Control Manager#011N/A#011N/A#011Information#011fox-ws#011None#011#011The Cryptographic Services service entered the stopped state.#01130 
2011-04-26T18:57:50-06:00 fox-ws MSWinEventLog#0110#011Security#01150#011Tue Apr 26 18:57:40 2011#0114688#011Microsoft-Windows-Security-Auditing#011FOX-WS$#011N/A#011Success Audit#011fox-ws#011None#011#011A new process has been created.    Subject:   Security ID:  S-1-5-18   Account Name:  FOX-WS$   Account Domain:  WORKGROUP   Logon ID:  0x3e7    Process Information:   New Process ID:  0x264   New Process Name: C:\Windows\System32\svchost.exe   Token Elevation Type: TokenElevationTypeDefault (1)   Creator Process ID: 0x1dc    Token Elevation Type indicates the type of token that was assigned to the new process in accordance with User Account Control policy.    Type 1 is a full token with no privileges removed or groups disabled.  A full token is only used if User Account Control is disabled or if the user is the built-in Administrator account or a service account.    Type 2 is an elevated token with no privileges removed or groups disabled.  An elevated token is used when User Account Control is enabled and the user chooses to start the program using Run as administrator.  An elevated token is also used when an application is configured to always require administrative privilege or to always require maximum privilege, and the user is a member of the Administrators group.    Type 3 is a limited token with administrative privileges removed and administrative groups disabled.  The limited token is used when User Account Control is enabled, the application does not require administrative privilege, and the user does not choose to start the program using Run as administrator.#01114 
2011-04-26T18:57:50-06:00 fox-ws MSWinEventLog#0111#011System#01151#011Tue Apr 26 18:56:41 2011#0117036#011Service Control Manager#011N/A#011N/A#011Information#011fox-ws#011None#011#011The Superfetch service entered the stopped state.#01131 
2011-04-26T18:57:50-06:00 fox-ws MSWinEventLog#0111#011System#01152#011Tue Apr 26 18:56:41 2011#0117036#011Service Control Manager#011N/A#011N/A#011Information#011fox-ws#011None#011#011The Windows Defender service entered the stopped state.#01132 
2011-04-26T18:57:50-06:00 fox-ws MSWinEventLog#0111#011Security#01153#011Tue Apr 26 18:57:40 2011#0114624#011Microsoft-Windows-Security-Auditing#011NETWORK SERVICE#011N/A#011Success Audit#011fox-ws#011None#011#011An account was successfully logged on.    Subject:   Security ID:  S-1-5-18   Account Name:  FOX-WS$   Account Domain:  WORKGROUP   Logon ID:  0x3e7    Logon Type:   5    New Logon:   Security ID:  S-1-5-20   Account Name:  NETWORK SERVICE   Account Domain:  NT AUTHORITY   Logon ID:  0x3e4   Logon GUID:  {00000000-0000-0000-0000-000000000000}    Process Information:   Process ID:  0x1dc   Process Name:  C:\Windows\System32\services.exe    Network Information:   Workstation Name:    Source Network Address: -   Source Port:  -    Detailed Authentication Information:   Logon Process:  Advapi     Authentication Package: Negotiate   Transited Services: -   Package Name (NTLM only): -   Key Length:  0    This event is generated when a logon session is created. It is generated on the computer that was accessed.    The subject fields indicate the account on the local system which requested the logon. This is most commonly a service such as the Server service, or a local process such as Winlogon.exe or Services.exe.    The logon type field indicates the kind of logon that occurred. The most common types are 2 (interactive) and 3 (network).    The New Logon fields indicate the account for whom the new logon was created, i.e. the account that was logged on.    The network fields indicate where a remote logon request originated. Workstation name is not always available and may be left blank in some cases.    The authentication information fields provide detailed information about this specific logon request.   - Logon GUID is a unique identifier that can be used to correlate this event with a KDC event.   - Transited services indicate which intermediate services have participated in this logon request.   - Package name indicates which sub-protocol was used among the NTLM protocols.   - Key length indicates the length of 
2011-04-26T18:57:50-06:00 fox-ws MSWinEventLog#0111#011System#01154#011Tue Apr 26 18:56:41 2011#0117036#011Service Control Manager#011N/A#011N/A#011Information#011fox-ws#011None#011#011The Windows Modules Installer service entered the stopped state.#01133 
2011-04-26T18:57:50-06:00 fox-ws MSWinEventLog#0111#011Security#01155#011Tue Apr 26 18:57:40 2011#0114672#011Microsoft-Windows-Security-Auditing#011NETWORK SERVICE#011N/A#011Success Audit#011fox-ws#011None#011#011Special privileges assigned to new logon.    Subject:   Security ID:  S-1-5-20   Account Name:  NETWORK SERVICE   Account Domain:  NT AUTHORITY   Logon ID:  0x3e4    Privileges:  SeAssignPrimaryTokenPrivilege     SeAuditPrivilege     SeImpersonatePrivilege#01116 
2011-04-26T18:57:50-06:00 fox-ws MSWinEventLog#0111#011System#01156#011Tue Apr 26 18:56:42 2011#0117036#011Service Control Manager#011N/A#011N/A#011Information#011fox-ws#011None#011#011The Windows Search service entered the stopped state.#01134 
2011-04-26T18:57:50-06:00 fox-ws MSWinEventLog#0110#011Security#01157#011Tue Apr 26 18:57:40 2011#0114688#011Microsoft-Windows-Security-Auditing#011FOX-WS$#011N/A#011Success Audit#011fox-ws#011None#011#011A new process has been created.    Subject:   Security ID:  S-1-5-18   Account Name:  FOX-WS$   Account Domain:  WORKGROUP   Logon ID:  0x3e7    Process Information:   New Process ID:  0x2a4   New Process Name: C:\Windows\System32\svchost.exe   Token Elevation Type: TokenElevationTypeDefault (1)   Creator Process ID: 0x1dc    Token Elevation Type indicates the type of token that was assigned to the new process in accordance with User Account Control policy.    Type 1 is a full token with no privileges removed or groups disabled.  A full token is only used if User Account Control is disabled or if the user is the built-in Administrator account or a service account.    Type 2 is an elevated token with no privileges removed or groups disabled.  An elevated token is used when User Account Control is enabled and the user chooses to start the program using Run as administrator.  An elevated token is also used when an application is configured to always require administrative privilege or to always require maximum privilege, and the user is a member of the Administrators group.    Type 3 is a limited token with administrative privileges removed and administrative groups disabled.  The limited token is used when User Account Control is enabled, the application does not require administrative privilege, and the user does not choose to start the program using Run as administrator.#01117 
2011-04-26T18:57:50-06:00 fox-ws MSWinEventLog#0111#011System#01158#011Tue Apr 26 18:56:43 2011#011109#011Microsoft-Windows-Kernel-Power#011N/A#011N/A#011Information#011fox-ws#011None#011#011The kernel power manager has initiated a shutdown transition.#01135 
2011-04-26T18:57:50-06:00 fox-ws MSWinEventLog#0111#011Security#01159#011Tue Apr 26 18:57:40 2011#0114673#011Microsoft-Windows-Security-Auditing#011FOX-WS$#011N/A#011Success Audit#011fox-ws#011None#011#011A privileged service was called.    Subject:   Security ID:  S-1-5-18   Account Name:  FOX-WS$   Account Domain:  WORKGROUP   Logon ID:  0x3e7    Service:   Server: NT Local Security Authority / Authentication Service   Service Name: LsaRegisterLogonProcess()    Process:   Process ID: 0x1ec   Process Name: C:\Windows\System32\lsass.exe    Service Request Information:   Privileges:  SeTcbPrivilege#01118 
2011-04-26T18:57:50-06:00 fox-ws MSWinEventLog#0111#011System#01160#011Tue Apr 26 18:56:46 2011#01113#011Microsoft-Windows-Kernel-General#011N/A#011N/A#011Information#011fox-ws#011None#011#011The operating system is shutting down at system time ?2011?-?04?-?27T00:56:46.614257800Z.#01136 
2011-04-26T18:57:50-06:00 fox-ws MSWinEventLog#0111#011Security#01161#011Tue Apr 26 18:57:41 2011#0114624#011Microsoft-Windows-Security-Auditing#011LOCAL SERVICE#011N/A#011Success Audit#011fox-ws#011None#011#011An account was successfully logged on.    Subject:   Security ID:  S-1-5-18   Account Name:  FOX-WS$   Account Domain:  WORKGROUP   Logon ID:  0x3e7    Logon Type:   5    New Logon:   Security ID:  S-1-5-19   Account Name:  LOCAL SERVICE   Account Domain:  NT AUTHORITY   Logon ID:  0x3e5   Logon GUID:  {00000000-0000-0000-0000-000000000000}    Process Information:   Process ID:  0x1dc   Process Name:  C:\Windows\System32\services.exe    Network Information:   Workstation Name:    Source Network Address: -   Source Port:  -    Detailed Authentication Information:   Logon Process:  Advapi     Authentication Package: Negotiate   Transited Services: -   Package Name (NTLM only): -   Key Length:  0    This event is generated when a logon session is created. It is generated on the computer that was accessed.    The subject fields indicate the account on the local system which requested the logon. This is most commonly a service such as the Server service, or a local process such as Winlogon.exe or Services.exe.    The logon type field indicates the kind of logon that occurred. The most common types are 2 (interactive) and 3 (network).    The New Logon fields indicate the account for whom the new logon was created, i.e. the account that was logged on.    The network fields indicate where a remote logon request originated. Workstation name is not always available and may be left blank in some cases.    The authentication information fields provide detailed information about this specific logon request.   - Logon GUID is a unique identifier that can be used to correlate this event with a KDC event.   - Transited services indicate which intermediate services have participated in this logon request.   - Package name indicates which sub-protocol was used among the NTLM protocols.   - Key length indicates the length of the 
2011-04-26T18:57:50-06:00 fox-ws MSWinEventLog#0111#011System#01162#011Tue Apr 26 18:57:27 2011#01112#011Microsoft-Windows-Kernel-General#011S-1-5-18#011N/A#011Information#011fox-ws#011None#011#011The operating system started at system time ?2011?-?04?-?27T00:57:27.500000000Z.#01137 
2011-04-26T18:57:50-06:00 fox-ws MSWinEventLog#0111#011Security#01163#011Tue Apr 26 18:57:41 2011#0114672#011Microsoft-Windows-Security-Auditing#011LOCAL SERVICE#011N/A#011Success Audit#011fox-ws#011None#011#011Special privileges assigned to new logon.    Subject:   Security ID:  S-1-5-19   Account Name:  LOCAL SERVICE   Account Domain:  NT AUTHORITY   Logon ID:  0x3e5    Privileges:  SeAssignPrimaryTokenPrivilege     SeAuditPrivilege     SeImpersonatePrivilege#01120 
2011-04-26T18:57:50-06:00 fox-ws MSWinEventLog#0111#011System#01164#011Tue Apr 26 18:57:29 2011#0116#011Microsoft-Windows-FilterManager#011S-1-5-18#011N/A#011Information#011fox-ws#011None#011#011File System Filter 'FileInfo' (6.1, ?2009?-?07?-?13T17:21:51.000000000Z) has successfully loaded and registered with Filter Manager.#01138 
2011-04-26T18:57:50-06:00 fox-ws MSWinEventLog#0110#011Security#01165#011Tue Apr 26 18:57:41 2011#0114688#011Microsoft-Windows-Security-Auditing#011FOX-WS$#011N/A#011Success Audit#011fox-ws#011None#011#011A new process has been created.    Subject:   Security ID:  S-1-5-18   Account Name:  FOX-WS$   Account Domain:  WORKGROUP   Logon ID:  0x3e7    Process Information:   New Process ID:  0x2d4   New Process Name: C:\Windows\System32\svchost.exe   Token Elevation Type: TokenElevationTypeDefault (1)   Creator Process ID: 0x1dc    Token Elevation Type indicates the type of token that was assigned to the new process in accordance with User Account Control policy.    Type 1 is a full token with no privileges removed or groups disabled.  A full token is only used if User Account Control is disabled or if the user is the built-in Administrator account or a service account.    Type 2 is an elevated token with no privileges removed or groups disabled.  An elevated token is used when User Account Control is enabled and the user chooses to start the program using Run as administrator.  An elevated token is also used when an application is configured to always require administrative privilege or to always require maximum privilege, and the user is a member of the Administrators group.    Type 3 is a limited token with administrative privileges removed and administrative groups disabled.  The limited token is used when User Account Control is enabled, the application does not require administrative privilege, and the user does not choose to start the program using Run as administrator.#01121 
2011-04-26T18:57:50-06:00 fox-ws MSWinEventLog#0111#011System#01166#011Tue Apr 26 18:57:32 2011#01126#011Microsoft-Windows-Kernel-Processor-Power#011S-1-5-18#011N/A#011Information#011fox-ws#011None#011#011Processor 0 in group 0 exposes the following:    1 idle state(s)  0 performance state(s)  0 throttle state(s)#01139 
2011-04-26T18:57:50-06:00 fox-ws MSWinEventLog#0111#011Security#01167#011Tue Apr 26 18:57:41 2011#0114673#011Microsoft-Windows-Security-Auditing#011FOX-WS$#011N/A#011Success Audit#011fox-ws#011None#011#011A privileged service was called.    Subject:   Security ID:  S-1-5-18   Account Name:  FOX-WS$   Account Domain:  WORKGROUP   Logon ID:  0x3e7    Service:   Server: NT Local Security Authority / Authentication Service   Service Name: LsaRegisterLogonProcess()    Process:   Process ID: 0x1ec   Process Name: C:\Windows\System32\lsass.exe    Service Request Information:   Privileges:  SeTcbPrivilege#01122 
2011-04-26T18:57:50-06:00 fox-ws MSWinEventLog#0111#011Security#01168#011Tue Apr 26 18:57:41 2011#0114673#011Microsoft-Windows-Security-Auditing#011FOX-WS$#011N/A#011Success Audit#011fox-ws#011None#011#011A privileged service was called.    Subject:   Security ID:  S-1-5-18   Account Name:  FOX-WS$   Account Domain:  WORKGROUP   Logon ID:  0x3e7    Service:   Server: NT Local Security Authority / Authentication Service   Service Name: LsaRegisterLogonProcess()    Process:   Process ID: 0x1ec   Process Name: C:\Windows\System32\lsass.exe    Service Request Information:   Privileges:  SeTcbPrivilege#01123 
2011-04-26T18:57:50-06:00 fox-ws MSWinEventLog#0110#011Security#01169#011Tue Apr 26 18:57:41 2011#0114688#011Microsoft-Windows-Security-Auditing#011FOX-WS$#011N/A#011Success Audit#011fox-ws#011None#011#011A new process has been created.    Subject:   Security ID:  S-1-5-18   Account Name:  FOX-WS$   Account Domain:  WORKGROUP   Logon ID:  0x3e7    Process Information:   New Process ID:  0x31c   New Process Name: C:\Windows\System32\LogonUI.exe   Token Elevation Type: TokenElevationTypeDefault (1)   Creator Process ID: 0x1b8    Token Elevation Type indicates the type of token that was assigned to the new process in accordance with User Account Control policy.    Type 1 is a full token with no privileges removed or groups disabled.  A full token is only used if User Account Control is disabled or if the user is the built-in Administrator account or a service account.    Type 2 is an elevated token with no privileges removed or groups disabled.  An elevated token is used when User Account Control is enabled and the user chooses to start the program using Run as administrator.  An elevated token is also used when an application is configured to always require administrative privilege or to always require maximum privilege, and the user is a member of the Administrators group.    Type 3 is a limited token with administrative privileges removed and administrative groups disabled.  The limited token is used when User Account Control is enabled, the application does not require administrative privilege, and the user does not choose to start the program using Run as administrator.#01124 
2011-04-26T18:57:50-06:00 fox-ws MSWinEventLog#0111#011System#01170#011Tue Apr 26 18:57:40 2011#0117036#011Service Control Manager#011N/A#011N/A#011Information#011fox-ws#011None#011#011The Plug and Play service entered the running state.#01140 
2011-04-26T18:57:50-06:00 fox-ws MSWinEventLog#0111#011System#01171#011Tue Apr 26 18:57:40 2011#01120010#011Microsoft-Windows-UserPnp#011S-1-5-18#011N/A#011Information#011fox-ws#011None#011#011One or more of the Plug and Play service's subsystems has changed state.     PlugPlay install subsystem enabled: 'true'   PlugPlay caching subsystem enabled: 'true'   #01141 
2011-04-26T18:57:50-06:00 fox-ws MSWinEventLog#0111#011System#01172#011Tue Apr 26 18:57:40 2011#0117036#011Service Control Manager#011N/A#011N/A#011Information#011fox-ws#011None#011#011The Power service entered the running state.#01142 
2011-04-26T18:57:50-06:00 fox-ws MSWinEventLog#0111#011System#01173#011Tue Apr 26 18:57:40 2011#0116#011Microsoft-Windows-FilterManager#011S-1-5-18#011N/A#011Information#011fox-ws#011None#011#011File System Filter 'luafv' (6.1, ?2009?-?07?-?13T17:15:44.000000000Z) has successfully loaded and registered with Filter Manager.#01143 
2011-04-26T18:57:50-06:00 fox-ws MSWinEventLog#0111#011System#01174#011Tue Apr 26 18:57:40 2011#0117036#011Service Control Manager#011N/A#011N/A#011Information#011fox-ws#011None#011#011The DCOM Server Process Launcher service entered the running state.#01144 
2011-04-26T18:57:50-06:00 fox-ws MSWinEventLog#0111#011System#01175#011Tue Apr 26 18:57:40 2011#0117036#011Service Control Manager#011N/A#011N/A#011Information#011fox-ws#011None#011#011The RPC Endpoint Mapper service entered the running state.#01145 
