2011-04-26T19:35:08-06:00 fox-ws MSWinEventLog#0110#011Security#011298#011Tue Apr 26 19:35:06 2011#0114688#011Microsoft-Windows-Security-Auditing#011FOX-WS$#011N/A#011Success Audit#011fox-ws#011None#011#011A new process has been created.    Subject:   Security ID:  S-1-5-18   Account Name:  FOX-WS$   Account Domain:  WORKGROUP   Logon ID:  0x3e7    Process Information:   New Process ID:  0xf80   New Process Name: C:\Windows\System32\rundll32.exe   Token Elevation Type: TokenElevationTypeDefault (1)   Creator Process ID: 0x1dc    Token Elevation Type indicates the type of token that was assigned to the new process in accordance with User Account Control policy.    Type 1 is a full token with no privileges removed or groups disabled.  A full token is only used if User Account Control is disabled or if the user is the built-in Administrator account or a service account.    Type 2 is an elevated token with no privileges removed or groups disabled.  An elevated token is used when User Account Control is enabled and the user chooses to start the program using Run as administrator.  An elevated token is also used when an application is configured to always require administrative privilege or to always require maximum privilege, and the user is a member of the Administrators group.    Type 3 is a limited token with administrative privileges removed and administrative groups disabled.  The limited token is used when User Account Control is enabled, the application does not require administrative privilege, and the user does not choose to start the program using Run as administrator.#011159 
2011-04-26T19:35:08-06:00 fox-ws MSWinEventLog#0110#011Security#011299#011Tue Apr 26 19:35:06 2011#0114688#011Microsoft-Windows-Security-Auditing#011FOX-WS$#011N/A#011Success Audit#011fox-ws#011None#011#011A new process has been created.    Subject:   Security ID:  S-1-5-18   Account Name:  FOX-WS$   Account Domain:  WORKGROUP   Logon ID:  0x3e7    Process Information:   New Process ID:  0xf8c   New Process Name: C:\Windows\System32\lpremove.exe   Token Elevation Type: TokenElevationTypeDefault (1)   Creator Process ID: 0x1dc    Token Elevation Type indicates the type of token that was assigned to the new process in accordance with User Account Control policy.    Type 1 is a full token with no privileges removed or groups disabled.  A full token is only used if User Account Control is disabled or if the user is the built-in Administrator account or a service account.    Type 2 is an elevated token with no privileges removed or groups disabled.  An elevated token is used when User Account Control is enabled and the user chooses to start the program using Run as administrator.  An elevated token is also used when an application is configured to always require administrative privilege or to always require maximum privilege, and the user is a member of the Administrators group.    Type 3 is a limited token with administrative privileges removed and administrative groups disabled.  The limited token is used when User Account Control is enabled, the application does not require administrative privilege, and the user does not choose to start the program using Run as administrator.#011160 
2011-04-26T19:35:08-06:00 fox-ws MSWinEventLog#0110#011Security#011300#011Tue Apr 26 19:35:06 2011#0114688#011Microsoft-Windows-Security-Auditing#011FOX-WS$#011N/A#011Success Audit#011fox-ws#011None#011#011A new process has been created.    Subject:   Security ID:  S-1-5-18   Account Name:  FOX-WS$   Account Domain:  WORKGROUP   Logon ID:  0x3e7    Process Information:   New Process ID:  0xf94   New Process Name: C:\Windows\System32\conhost.exe   Token Elevation Type: TokenElevationTypeDefault (1)   Creator Process ID: 0x154    Token Elevation Type indicates the type of token that was assigned to the new process in accordance with User Account Control policy.    Type 1 is a full token with no privileges removed or groups disabled.  A full token is only used if User Account Control is disabled or if the user is the built-in Administrator account or a service account.    Type 2 is an elevated token with no privileges removed or groups disabled.  An elevated token is used when User Account Control is enabled and the user chooses to start the program using Run as administrator.  An elevated token is also used when an application is configured to always require administrative privilege or to always require maximum privilege, and the user is a member of the Administrators group.    Type 3 is a limited token with administrative privileges removed and administrative groups disabled.  The limited token is used when User Account Control is enabled, the application does not require administrative privilege, and the user does not choose to start the program using Run as administrator.#011161 
2011-04-26T19:35:08-06:00 fox-ws MSWinEventLog#0110#011Security#011301#011Tue Apr 26 19:35:06 2011#0114689#011Microsoft-Windows-Security-Auditing#011FOX-WS$#011N/A#011Success Audit#011fox-ws#011None#011#011A process has exited.    Subject:   Security ID:  S-1-5-18   Account Name:  FOX-WS$   Account Domain:  WORKGROUP   Logon ID:  0x3e7    Process Information:   Process ID: 0xf8c   Process Name: C:\Windows\System32\lpremove.exe   Exit Status: 0x0#011162 
2011-04-26T19:35:08-06:00 fox-ws MSWinEventLog#0110#011Security#011302#011Tue Apr 26 19:35:06 2011#0114689#011Microsoft-Windows-Security-Auditing#011FOX-WS$#011N/A#011Success Audit#011fox-ws#011None#011#011A process has exited.    Subject:   Security ID:  S-1-5-18   Account Name:  FOX-WS$   Account Domain:  WORKGROUP   Logon ID:  0x3e7    Process Information:   Process ID: 0xf94   Process Name: C:\Windows\System32\conhost.exe   Exit Status: 0x0#011163 
2011-04-26T19:35:08-06:00 fox-ws MSWinEventLog#0111#011Security#011303#011Tue Apr 26 19:35:06 2011#0114673#011Microsoft-Windows-Security-Auditing#011FOX-WS$#011N/A#011Success Audit#011fox-ws#011None#011#011A privileged service was called.    Subject:   Security ID:  S-1-5-18   Account Name:  FOX-WS$   Account Domain:  WORKGROUP   Logon ID:  0x3e7    Service:   Server: NT Local Security Authority / Authentication Service   Service Name: LsaRegisterLogonProcess()    Process:   Process ID: 0x1ec   Process Name: C:\Windows\System32\lsass.exe    Service Request Information:   Privileges:  SeTcbPrivilege#011164 
2011-04-26T19:35:08-06:00 fox-ws MSWinEventLog#0110#011Security#011304#011Tue Apr 26 19:35:06 2011#0114689#011Microsoft-Windows-Security-Auditing#011LOCAL SERVICE#011N/A#011Success Audit#011fox-ws#011None#011#011A process has exited.    Subject:   Security ID:  S-1-5-19   Account Name:  LOCAL SERVICE   Account Domain:  NT AUTHORITY   Logon ID:  0x3e5    Process Information:   Process ID: 0xf80   Process Name: C:\Windows\System32\rundll32.exe   Exit Status: 0x0#011165 
2011-04-26T19:35:08-06:00 fox-ws MSWinEventLog#0111#011Security#011305#011Tue Apr 26 19:35:06 2011#0114624#011Microsoft-Windows-Security-Auditing#011SYSTEM#011N/A#011Success Audit#011fox-ws#011None#011#011An account was successfully logged on.    Subject:   Security ID:  S-1-5-18   Account Name:  FOX-WS$   Account Domain:  WORKGROUP   Logon ID:  0x3e7    Logon Type:   5    New Logon:   Security ID:  S-1-5-18   Account Name:  SYSTEM   Account Domain:  NT AUTHORITY   Logon ID:  0x3e7   Logon GUID:  {00000000-0000-0000-0000-000000000000}    Process Information:   Process ID:  0x1dc   Process Name:  C:\Windows\System32\services.exe    Network Information:   Workstation Name:    Source Network Address: -   Source Port:  -    Detailed Authentication Information:   Logon Process:  Advapi     Authentication Package: Negotiate   Transited Services: -   Package Name (NTLM only): -   Key Length:  0    This event is generated when a logon session is created. It is generated on the computer that was accessed.    The subject fields indicate the account on the local system which requested the logon. This is most commonly a service such as the Server service, or a local process such as Winlogon.exe or Services.exe.    The logon type field indicates the kind of logon that occurred. The most common types are 2 (interactive) and 3 (network).    The New Logon fields indicate the account for whom the new logon was created, i.e. the account that was logged on.    The network fields indicate where a remote logon request originated. Workstation name is not always available and may be left blank in some cases.    The authentication information fields provide detailed information about this specific logon request.   - Logon GUID is a unique identifier that can be used to correlate this event with a KDC event.   - Transited services indicate which intermediate services have participated in this logon request.   - Package name indicates which sub-protocol was used among the NTLM protocols.   - Key length indicates the length of the generated ses
2011-04-26T19:35:08-06:00 fox-ws MSWinEventLog#0111#011Security#011306#011Tue Apr 26 19:35:06 2011#0114672#011Microsoft-Windows-Security-Auditing#011SYSTEM#011N/A#011Success Audit#011fox-ws#011None#011#011Special privileges assigned to new logon.    Subject:   Security ID:  S-1-5-18   Account Name:  SYSTEM   Account Domain:  NT AUTHORITY   Logon ID:  0x3e7    Privileges:  SeAssignPrimaryTokenPrivilege     SeTcbPrivilege     SeSecurityPrivilege     SeTakeOwnershipPrivilege     SeLoadDriverPrivilege     SeBackupPrivilege     SeRestorePrivilege     SeDebugPrivilege     SeAuditPrivilege     SeSystemEnvironmentPrivilege     SeImpersonatePrivilege#011167 
2011-04-26T19:35:08-06:00 fox-ws MSWinEventLog#0110#011Security#011307#011Tue Apr 26 19:35:07 2011#0114688#011Microsoft-Windows-Security-Auditing#011FOX-WS$#011N/A#011Success Audit#011fox-ws#011None#011#011A new process has been created.    Subject:   Security ID:  S-1-5-18   Account Name:  FOX-WS$   Account Domain:  WORKGROUP   Logon ID:  0x3e7    Process Information:   New Process ID:  0xfdc   New Process Name: C:\Windows\System32\VSSVC.exe   Token Elevation Type: TokenElevationTypeDefault (1)   Creator Process ID: 0x1dc    Token Elevation Type indicates the type of token that was assigned to the new process in accordance with User Account Control policy.    Type 1 is a full token with no privileges removed or groups disabled.  A full token is only used if User Account Control is disabled or if the user is the built-in Administrator account or a service account.    Type 2 is an elevated token with no privileges removed or groups disabled.  An elevated token is used when User Account Control is enabled and the user chooses to start the program using Run as administrator.  An elevated token is also used when an application is configured to always require administrative privilege or to always require maximum privilege, and the user is a member of the Administrators group.    Type 3 is a limited token with administrative privileges removed and administrative groups disabled.  The limited token is used when User Account Control is enabled, the application does not require administrative privilege, and the user does not choose to start the program using Run as administrator.#011168 
2011-04-26T19:35:10-06:00 fox-ws MSWinEventLog#0111#011System#011308#011Tue Apr 26 19:35:07 2011#0117036#011Service Control Manager#011N/A#011N/A#011Information#011fox-ws#011None#011#011The Volume Shadow Copy service entered the running state.#011120 
2011-04-26T19:35:10-06:00 fox-ws MSWinEventLog#0111#011Security#011309#011Tue Apr 26 19:35:07 2011#0114624#011Microsoft-Windows-Security-Auditing#011SYSTEM#011N/A#011Success Audit#011fox-ws#011None#011#011An account was successfully logged on.    Subject:   Security ID:  S-1-5-18   Account Name:  FOX-WS$   Account Domain:  WORKGROUP   Logon ID:  0x3e7    Logon Type:   5    New Logon:   Security ID:  S-1-5-18   Account Name:  SYSTEM   Account Domain:  NT AUTHORITY   Logon ID:  0x3e7   Logon GUID:  {00000000-0000-0000-0000-000000000000}    Process Information:   Process ID:  0x1dc   Process Name:  C:\Windows\System32\services.exe    Network Information:   Workstation Name:    Source Network Address: -   Source Port:  -    Detailed Authentication Information:   Logon Process:  Advapi     Authentication Package: Negotiate   Transited Services: -   Package Name (NTLM only): -   Key Length:  0    This event is generated when a logon session is created. It is generated on the computer that was accessed.    The subject fields indicate the account on the local system which requested the logon. This is most commonly a service such as the Server service, or a local process such as Winlogon.exe or Services.exe.    The logon type field indicates the kind of logon that occurred. The most common types are 2 (interactive) and 3 (network).    The New Logon fields indicate the account for whom the new logon was created, i.e. the account that was logged on.    The network fields indicate where a remote logon request originated. Workstation name is not always available and may be left blank in some cases.    The authentication information fields provide detailed information about this specific logon request.   - Logon GUID is a unique identifier that can be used to correlate this event with a KDC event.   - Transited services indicate which intermediate services have participated in this logon request.   - Package name indicates which sub-protocol was used among the NTLM protocols.   - Key length indicates the length of the generated ses
2011-04-26T19:35:10-06:00 fox-ws MSWinEventLog#0111#011System#011310#011Tue Apr 26 19:35:07 2011#0117036#011Service Control Manager#011N/A#011N/A#011Information#011fox-ws#011None#011#011The Microsoft Software Shadow Copy Provider service entered the running state.#011121 
2011-04-26T19:35:10-06:00 fox-ws MSWinEventLog#0111#011Security#011311#011Tue Apr 26 19:35:07 2011#0114672#011Microsoft-Windows-Security-Auditing#011SYSTEM#011N/A#011Success Audit#011fox-ws#011None#011#011Special privileges assigned to new logon.    Subject:   Security ID:  S-1-5-18   Account Name:  SYSTEM   Account Domain:  NT AUTHORITY   Logon ID:  0x3e7    Privileges:  SeAssignPrimaryTokenPrivilege     SeTcbPrivilege     SeSecurityPrivilege     SeTakeOwnershipPrivilege     SeLoadDriverPrivilege     SeBackupPrivilege     SeRestorePrivilege     SeDebugPrivilege     SeAuditPrivilege     SeSystemEnvironmentPrivilege     SeImpersonatePrivilege#011170 
2011-04-26T19:35:10-06:00 fox-ws MSWinEventLog#0110#011Security#011312#011Tue Apr 26 19:35:07 2011#0114688#011Microsoft-Windows-Security-Auditing#011FOX-WS$#011N/A#011Success Audit#011fox-ws#011None#011#011A new process has been created.    Subject:   Security ID:  S-1-5-18   Account Name:  FOX-WS$   Account Domain:  WORKGROUP   Logon ID:  0x3e7    Process Information:   New Process ID:  0x854   New Process Name: C:\Windows\System32\svchost.exe   Token Elevation Type: TokenElevationTypeDefault (1)   Creator Process ID: 0x1dc    Token Elevation Type indicates the type of token that was assigned to the new process in accordance with User Account Control policy.    Type 1 is a full token with no privileges removed or groups disabled.  A full token is only used if User Account Control is disabled or if the user is the built-in Administrator account or a service account.    Type 2 is an elevated token with no privileges removed or groups disabled.  An elevated token is used when User Account Control is enabled and the user chooses to start the program using Run as administrator.  An elevated token is also used when an application is configured to always require administrative privilege or to always require maximum privilege, and the user is a member of the Administrators group.    Type 3 is a limited token with administrative privileges removed and administrative groups disabled.  The limited token is used when User Account Control is enabled, the application does not require administrative privilege, and the user does not choose to start the program using Run as administrator.#011171 
2011-04-26T19:35:10-06:00 fox-ws MSWinEventLog#0110#011Security#011313#011Tue Apr 26 19:35:09 2011#0114689#011Microsoft-Windows-Security-Auditing#011FOX-WS$#011N/A#011Success Audit#011fox-ws#011None#011#011A process has exited.    Subject:   Security ID:  S-1-5-18   Account Name:  FOX-WS$   Account Domain:  WORKGROUP   Logon ID:  0x3e7    Process Information:   Process ID: 0xf6c   Process Name: C:\Windows\System32\rundll32.exe   Exit Status: 0x0#011172 
2011-04-26T19:40:18-06:00 elephant-ws MSWinEventLog#0110#011Security#011716#011Tue Apr 26 19:40:18 2011#011592#011Security#011SYSTEM#011User#011Success Audit#011ELEPHANT-WS#011Detailed Tracking#011#011A new process has been created:     New Process ID: 1976     Image File Name: C:\WINDOWS\system32\logon.scr     Creator Process ID: 1844     User Name: ELEPHANT-WS$     Domain: WORKGROUP     Logon ID: (0x0,0x3E7)    #011598
2011-04-26T19:37:50-06:00 fox-ws MSWinEventLog#0111#011System#011314#011Tue Apr 26 19:37:48 2011#0117036#011Service Control Manager#011N/A#011N/A#011Information#011fox-ws#011None#011#011The Diagnostic System Host service entered the stopped state.#011122 
2011-04-26T19:38:09-06:00 fox-ws MSWinEventLog#0111#011Application#011315#011Tue Apr 26 19:38:08 2011#0118224#011VSS#011N/A#011N/A#011Information#011fox-ws#011None#011#011The VSS service is shutting down due to idle timeout. #01118 
2011-04-26T19:38:09-06:00 fox-ws MSWinEventLog#0111#011System#011316#011Tue Apr 26 19:38:09 2011#0117036#011Service Control Manager#011N/A#011N/A#011Information#011fox-ws#011None#011#011The Volume Shadow Copy service entered the stopped state.#011123 
2011-04-26T19:38:11-06:00 fox-ws MSWinEventLog#0110#011Security#011317#011Tue Apr 26 19:38:09 2011#0114689#011Microsoft-Windows-Security-Auditing#011FOX-WS$#011N/A#011Success Audit#011fox-ws#011None#011#011A process has exited.    Subject:   Security ID:  S-1-5-18   Account Name:  FOX-WS$   Account Domain:  WORKGROUP   Logon ID:  0x3e7    Process Information:   Process ID: 0xfdc   Process Name: C:\Windows\System32\VSSVC.exe   Exit Status: 0x0#011173 
2011-04-26T19:41:09-06:00 fox-ws MSWinEventLog#0111#011System#011318#011Tue Apr 26 19:41:09 2011#0117036#011Service Control Manager#011N/A#011N/A#011Information#011fox-ws#011None#011#011The Microsoft Software Shadow Copy Provider service entered the stopped state.#011124 
2011-04-26T19:41:11-06:00 fox-ws MSWinEventLog#0110#011Security#011319#011Tue Apr 26 19:41:09 2011#0114689#011Microsoft-Windows-Security-Auditing#011FOX-WS$#011N/A#011Success Audit#011fox-ws#011None#011#011A process has exited.    Subject:   Security ID:  S-1-5-18   Account Name:  FOX-WS$   Account Domain:  WORKGROUP   Logon ID:  0x3e7    Process Information:   Process ID: 0x854   Process Name: C:\Windows\System32\svchost.exe   Exit Status: 0x0#011174 
2011-04-26T19:42:25-06:00 dog-ws MSWinEventLog#0111#011Security#011783#011Tue Apr 26 19:42:25 2011#011861#011Security#011SYSTEM#011User#011Failure Audit#011DOG-WS#011Detailed Tracking#011#011The Windows Firewall has detected an application listening for incoming traffic.        Name: -    Path: C:\Program Files\Snare\SnareCore.exe    Process identifier: 1708    User account: SYSTEM    User domain: NT AUTHORITY    Service: Yes    RPC server: No    IP version: IPv4    IP protocol: TCP    Port number: 6161    Allowed: No    User notified: No  #011724
2011-04-26T19:45:46-06:00 elephant-ws MSWinEventLog#0111#011Security#011717#011Tue Apr 26 19:45:46 2011#011861#011Security#011SYSTEM#011User#011Failure Audit#011ELEPHANT-WS#011Detailed Tracking#011#011The Windows Firewall has detected an application listening for incoming traffic.        Name: -    Path: C:\Program Files\Snare\SnareCore.exe    Process identifier: 1456    User account: SYSTEM    User domain: NT AUTHORITY    Service: Yes    RPC server: No    IP version: IPv4    IP protocol: TCP    Port number: 6161    Allowed: No    User notified: No  #011599
